<?xml version="1.0" encoding="utf-8"?><testsuites name="pytest tests"><testsuite name="pytest" errors="0" failures="0" skipped="0" tests="19" time="3.146" timestamp="2026-02-27T20:31:41.820050+00:00" hostname="agent-env-d68a736d-5496-4254-9321-7be01f2ddcf8"><testcase classname="tests.test_admin_analytics_digest.TestAnalyticsDigestPreview" name="test_preview_requires_authentication" time="0.170" /><testcase classname="tests.test_admin_analytics_digest.TestAnalyticsDigestPreview" name="test_preview_requires_admin_role" time="0.360" /><testcase classname="tests.test_admin_analytics_digest.TestAnalyticsDigestPreview" name="test_preview_returns_html_and_data" time="0.371" /><testcase classname="tests.test_admin_analytics_digest.TestAnalyticsDigestPreview" name="test_preview_html_contains_mrr_section" time="0.114" /><testcase classname="tests.test_admin_analytics_digest.TestAnalyticsDigestPreview" name="test_preview_html_contains_conversion_section" time="0.084" /><testcase classname="tests.test_admin_analytics_digest.TestAnalyticsDigestPreview" name="test_preview_html_contains_churn_section" time="0.087" /><testcase classname="tests.test_admin_analytics_digest.TestAnalyticsDigestPreview" name="test_preview_html_contains_new_signups_section" time="0.059" /><testcase classname="tests.test_admin_analytics_digest.TestAnalyticsDigestPreview" name="test_preview_html_contains_user_funnel_section" time="0.074" /><testcase classname="tests.test_admin_analytics_digest.TestAnalyticsDigestPreview" name="test_preview_html_contains_tier_breakdown_section" time="0.082" /><testcase classname="tests.test_admin_analytics_digest.TestAnalyticsDigestPreview" name="test_preview_data_contains_required_fields" time="0.082" /><testcase classname="tests.test_admin_analytics_digest.TestAnalyticsDigestPreview" name="test_preview_data_mrr_is_numeric" time="0.071" /><testcase classname="tests.test_admin_analytics_digest.TestAnalyticsDigestPreview" name="test_preview_data_arr_equals_12x_mrr" time="0.061" /><testcase classname="tests.test_admin_analytics_digest.TestAnalyticsDigestPreview" name="test_preview_data_daily_signups_has_7_days" time="0.072" /><testcase classname="tests.test_admin_analytics_digest.TestAnalyticsDigestSend" name="test_send_requires_authentication" time="0.059" /><testcase classname="tests.test_admin_analytics_digest.TestAnalyticsDigestSend" name="test_send_requires_admin_role" time="0.055" /><testcase classname="tests.test_admin_analytics_digest.TestAnalyticsDigestSend" name="test_send_works_for_admin" time="0.361" /><testcase classname="tests.test_admin_analytics_digest.TestAnalyticsDigestSend" name="test_send_returns_sent_count" time="0.316" /><testcase classname="tests.test_admin_analytics_digest.TestAnalyticsDigestSend" name="test_send_returns_data_summary" time="0.253" /><testcase classname="tests.test_admin_analytics_digest.TestAnalyticsDigestIntegration" name="test_preview_and_send_consistency" time="0.324" /></testsuite></testsuites>