<?xml version="1.0" encoding="utf-8"?><testsuites name="pytest tests"><testsuite name="pytest" errors="0" failures="0" skipped="0" tests="13" time="2.189" timestamp="2026-03-05T16:04:08.276305+00:00" hostname="agent-env-76a32beb-6918-4864-ac37-89c2e8112363"><testcase classname="tests.test_admin_tree_view.TestAdminUsersEndpoint" name="test_admin_users_returns_200" time="0.580" /><testcase classname="tests.test_admin_tree_view.TestAdminUsersEndpoint" name="test_admin_users_contains_subscription_info" time="0.147" /><testcase classname="tests.test_admin_tree_view.TestAdminUsersEndpoint" name="test_admin_users_benefactors_have_linked_beneficiaries" time="0.146" /><testcase classname="tests.test_admin_tree_view.TestAdminUsersEndpoint" name="test_linked_beneficiaries_structure" time="0.152" /><testcase classname="tests.test_admin_tree_view.TestAdminStatsEndpoint" name="test_admin_stats_returns_200" time="0.144" /><testcase classname="tests.test_admin_tree_view.TestAdminStatsEndpoint" name="test_stats_contains_user_counts" time="0.124" /><testcase classname="tests.test_admin_tree_view.TestAdminStatsEndpoint" name="test_stats_contains_viral_metrics" time="0.124" /><testcase classname="tests.test_admin_tree_view.TestAdminStatsEndpoint" name="test_stats_contains_estate_info" time="0.130" /><testcase classname="tests.test_admin_tree_view.TestAdminRevenueMetrics" name="test_revenue_metrics_returns_200" time="0.126" /><testcase classname="tests.test_admin_tree_view.TestAdminRevenueMetrics" name="test_revenue_metrics_structure" time="0.131" /><testcase classname="tests.test_admin_tree_view.TestAdminPlatformOverview" name="test_platform_settings_accessible" time="0.120" /><testcase classname="tests.test_admin_tree_view.TestNewAdultSignupAPI" name="test_register_endpoint_exists" time="0.119" /><testcase classname="tests.test_admin_tree_view.TestNewAdultSignupAPI" name="test_subscription_plans_include_new_adult" time="0.113" /></testsuite></testsuites>