<?xml version="1.0" encoding="utf-8"?><testsuites name="pytest tests"><testsuite name="pytest" errors="0" failures="0" skipped="0" tests="10" time="5.537" timestamp="2026-03-07T09:06:32.625931+00:00" hostname="agent-env-022376f7-b02a-4cc8-93b9-f38ecd19560f"><testcase classname="tests.test_apple_webhook.TestAppleWebhookEndpoint" name="test_webhook_rejects_empty_body" time="0.202" /><testcase classname="tests.test_apple_webhook.TestAppleWebhookEndpoint" name="test_webhook_rejects_no_signed_payload" time="0.110" /><testcase classname="tests.test_apple_webhook.TestAppleWebhookEndpoint" name="test_webhook_rejects_malformed_jws" time="0.104" /><testcase classname="tests.test_apple_webhook.TestAppleWebhookEndpoint" name="test_webhook_rejects_invalid_base64_jws" time="0.099" /><testcase classname="tests.test_apple_webhook.TestAppleWebhookEndpoint" name="test_webhook_rejects_jws_without_x5c" time="0.109" /><testcase classname="tests.test_apple_webhook.TestSubscriptionPlansEndpoint" name="test_plans_returns_array" time="0.109" /><testcase classname="tests.test_apple_webhook.TestAuthenticatedEndpoints" name="test_subscription_status_returns_data" time="2.448" /><testcase classname="tests.test_apple_webhook.TestAuthenticatedEndpoints" name="test_apple_receipt_validation_rejects_empty_body" time="1.101" /><testcase classname="tests.test_apple_webhook.TestAuthenticatedEndpoints" name="test_apple_receipt_validation_rejects_unknown_product" time="1.119" /><testcase classname="tests.test_apple_webhook.TestHealthAndBasics" name="test_health_check" time="0.108" /></testsuite></testsuites>