<?xml version="1.0" encoding="utf-8"?><testsuites name="pytest tests"><testsuite name="pytest" errors="0" failures="0" skipped="0" tests="11" time="3.517" timestamp="2026-03-07T08:58:48.056937+00:00" hostname="agent-env-022376f7-b02a-4cc8-93b9-f38ecd19560f"><testcase classname="tests.test_appstore_compliance.TestHealthAndPublicEndpoints" name="test_health_check" time="0.143" /><testcase classname="tests.test_appstore_compliance.TestHealthAndPublicEndpoints" name="test_subscription_plans_endpoint" time="0.101" /><testcase classname="tests.test_appstore_compliance.TestAuthentication" name="test_login_with_valid_credentials" time="0.333" /><testcase classname="tests.test_appstore_compliance.TestAuthentication" name="test_login_with_invalid_credentials" time="0.100" /><testcase classname="tests.test_appstore_compliance.TestSubscriptionStatus" name="test_subscription_status_endpoint" time="0.488" /><testcase classname="tests.test_appstore_compliance.TestAppleReceiptValidation" name="test_validate_apple_receipt_missing_fields" time="0.424" /><testcase classname="tests.test_appstore_compliance.TestAppleReceiptValidation" name="test_validate_apple_receipt_missing_transaction_id" time="0.422" /><testcase classname="tests.test_appstore_compliance.TestAppleReceiptValidation" name="test_validate_apple_receipt_missing_product_id" time="0.435" /><testcase classname="tests.test_appstore_compliance.TestAppleReceiptValidation" name="test_validate_apple_receipt_unknown_product_id" time="0.432" /><testcase classname="tests.test_appstore_compliance.TestAppleReceiptValidation" name="test_validate_apple_receipt_valid_product_format" time="0.607" /><testcase classname="tests.test_appstore_compliance.TestAppleTransactionReplayProtection" name="test_apple_transactions_index_exists" time="0.000" /></testsuite></testsuites>