<?xml version="1.0" encoding="utf-8"?><testsuites name="pytest tests"><testsuite name="pytest" errors="0" failures="0" skipped="0" tests="10" time="2.446" timestamp="2026-02-26T03:39:11.181626+00:00" hostname="agent-env-d55f13e5-8aac-484f-88f2-2d8cb30c217f"><testcase classname="backend.tests.test_beneficiary_invitation.TestBeneficiaryInvitationFlow" name="test_01_login_barnetharris" time="0.749" /><testcase classname="backend.tests.test_beneficiary_invitation.TestBeneficiaryInvitationFlow" name="test_02_get_estates" time="0.134" /><testcase classname="backend.tests.test_beneficiary_invitation.TestBeneficiaryInvitationFlow" name="test_03_get_beneficiaries" time="0.148" /><testcase classname="backend.tests.test_beneficiary_invitation.TestBeneficiaryInvitationFlow" name="test_04_create_beneficiary_with_demographics" time="0.125" /><testcase classname="backend.tests.test_beneficiary_invitation.TestBeneficiaryInvitationFlow" name="test_05_send_invitation" time="0.345" /><testcase classname="backend.tests.test_beneficiary_invitation.TestBeneficiaryInvitationFlow" name="test_06_get_invitation_details" time="0.158" /><testcase classname="backend.tests.test_beneficiary_invitation.TestBeneficiaryInvitationFlow" name="test_07_accept_invitation" time="0.366" /><testcase classname="backend.tests.test_beneficiary_invitation.TestBeneficiaryInvitationFlow" name="test_08_verify_beneficiary_status_updated" time="0.118" /><testcase classname="backend.tests.test_beneficiary_invitation.TestBeneficiaryInvitationFlow" name="test_09_cleanup_test_beneficiary" time="0.109" /><testcase classname="backend.tests.test_beneficiary_invitation.TestExistingInvitationToken" name="test_get_kent_harris_invitation" time="0.131" /></testsuite></testsuites>