<?xml version="1.0" encoding="utf-8"?><testsuites name="pytest tests"><testsuite name="pytest" errors="0" failures="0" skipped="0" tests="9" time="9.240" timestamp="2026-03-18T17:58:57.976650+00:00" hostname="agent-env-531543ac-b90e-4096-9082-4ec443651cc4"><testcase classname="tests.test_beneficiary_hard_delete.TestBeneficiaryHardDelete" name="test_01_hard_delete_removes_record_from_db" time="2.968" /><testcase classname="tests.test_beneficiary_hard_delete.TestBeneficiaryHardDelete" name="test_02_delete_removes_section_permissions" time="1.949" /><testcase classname="tests.test_beneficiary_hard_delete.TestBeneficiaryHardDelete" name="test_03_delete_returns_correct_response_structure" time="0.455" /><testcase classname="tests.test_beneficiary_hard_delete.TestBeneficiaryHardDelete" name="test_04_admin_can_delete_from_all_estates" time="0.469" /><testcase classname="tests.test_beneficiary_hard_delete.TestBeneficiaryHardDelete" name="test_05_delete_nonexistent_beneficiary_returns_404" time="0.229" /><testcase classname="tests.test_beneficiary_hard_delete.TestBeneficiaryHardDelete" name="test_06_delete_succession_reorder" time="1.594" /><testcase classname="tests.test_beneficiary_hard_delete.TestNonAdminDeleteRestrictions" name="test_07_verify_admin_role_required_for_delete_from_all" time="0.447" /><testcase classname="tests.test_beneficiary_hard_delete.TestBeneficiaryDeleteEdgeCases" name="test_08_delete_beneficiary_with_photo" time="0.644" /><testcase classname="tests.test_beneficiary_hard_delete.TestBeneficiaryDeleteEdgeCases" name="test_09_delete_response_message_contains_permanent" time="0.450" /></testsuite></testsuites>