<?xml version="1.0" encoding="utf-8"?><testsuites name="pytest tests"><testsuite name="pytest" errors="0" failures="0" skipped="0" tests="5" time="3.239" timestamp="2026-03-18T17:44:04.026171+00:00" hostname="agent-env-531543ac-b90e-4096-9082-4ec443651cc4"><testcase classname="tests.test_beneficiary_auto_invite.TestBeneficiaryAutoInvite" name="test_create_beneficiary_with_email_returns_auto_invited_true" time="1.140" /><testcase classname="tests.test_beneficiary_auto_invite.TestBeneficiaryAutoInvite" name="test_create_beneficiary_without_email_is_rejected" time="0.326" /><testcase classname="tests.test_beneficiary_auto_invite.TestBeneficiaryAutoInvite" name="test_invitation_token_generated_for_beneficiary_with_email" time="0.483" /><testcase classname="tests.test_beneficiary_auto_invite.TestBenefactorReminderSettings" name="test_auth_me_returns_hide_benefactor_reminder" time="0.505" /><testcase classname="tests.test_beneficiary_auto_invite.TestBenefactorReminderSettings" name="test_update_profile_accepts_hide_benefactor_reminder" time="0.757" /></testsuite></testsuites>