<?xml version="1.0" encoding="utf-8"?><testsuites name="pytest tests"><testsuite name="pytest" errors="0" failures="0" skipped="0" tests="15" time="2.584" timestamp="2026-03-18T16:29:24.202558+00:00" hostname="agent-env-531543ac-b90e-4096-9082-4ec443651cc4"><testcase classname="tests.test_beta_testing_feature.TestBetaFeatures" name="test_01_get_users_list" time="0.599" /><testcase classname="tests.test_beta_testing_feature.TestBetaFeatures" name="test_02_toggle_beta_on" time="0.132" /><testcase classname="tests.test_beta_testing_feature.TestBetaFeatures" name="test_03_get_beta_users_includes_test_user" time="0.287" /><testcase classname="tests.test_beta_testing_feature.TestBetaFeatures" name="test_04_toggle_beta_off_starts_grace_period" time="0.136" /><testcase classname="tests.test_beta_testing_feature.TestBetaFeatures" name="test_05_beta_user_not_in_list_after_deactivation" time="0.112" /><testcase classname="tests.test_beta_testing_feature.TestBetaFeatures" name="test_06_reactivate_beta_for_further_tests" time="0.116" /><testcase classname="tests.test_beta_testing_feature.TestBetaFeatures" name="test_07_toggle_beta_nonexistent_user" time="0.109" /><testcase classname="tests.test_beta_testing_feature.TestBetaFeatures" name="test_08_toggle_beta_requires_admin" time="0.131" /><testcase classname="tests.test_beta_testing_feature.TestBetaFeatures" name="test_09_get_beta_tickets_empty_or_list" time="0.159" /><testcase classname="tests.test_beta_testing_feature.TestBetaFeatures" name="test_10_admin_beta_tickets_requires_auth" time="0.123" /><testcase classname="tests.test_beta_testing_feature.TestBetaFeatures" name="test_11_auth_me_returns_beta_fields" time="0.142" /><testcase classname="tests.test_beta_testing_feature.TestBetaFeatures" name="test_12_subscription_status_returns_beta_fields" time="0.121" /><testcase classname="tests.test_beta_testing_feature.TestBetaFeatures" name="test_13_update_ticket_status_requires_admin" time="0.125" /><testcase classname="tests.test_beta_testing_feature.TestBetaFeatures" name="test_14_update_ticket_status_invalid_status" time="0.116" /><testcase classname="tests.test_beta_testing_feature.TestBetaFeatures" name="test_15_update_ticket_status_nonexistent_ticket" time="0.125" /></testsuite></testsuites>