<?xml version="1.0" encoding="utf-8"?><testsuites name="pytest tests"><testsuite name="pytest" errors="0" failures="0" skipped="0" tests="15" time="2.472" timestamp="2026-03-16T02:26:53.790567+00:00" hostname="agent-env-60d3d0a2-1511-4f61-9bd8-8fa2088a566f"><testcase classname="tests.test_billing_lifecycle.TestSubscriptionStatusEndpoint" name="test_subscription_status_returns_grace_period_fields" time="0.485" /><testcase classname="tests.test_billing_lifecycle.TestSubscriptionStatusEndpoint" name="test_subscription_status_returns_dormant_fields" time="0.156" /><testcase classname="tests.test_billing_lifecycle.TestAdminUserSubscriptionsEndpoint" name="test_admin_user_subscriptions_returns_billing_status" time="0.171" /><testcase classname="tests.test_billing_lifecycle.TestAdminUserSubscriptionsEndpoint" name="test_admin_user_subscriptions_trial_fields" time="0.165" /><testcase classname="tests.test_billing_lifecycle.TestAdminEstateHealthEndpoint" name="test_estate_health_returns_billing_status_in_owner" time="0.134" /><testcase classname="tests.test_billing_lifecycle.TestStripeWebhookHandler" name="test_webhook_payment_failed_event" time="0.117" /><testcase classname="tests.test_billing_lifecycle.TestStripeWebhookHandler" name="test_webhook_payment_succeeded_event" time="0.112" /><testcase classname="tests.test_billing_lifecycle.TestStripeWebhookHandler" name="test_webhook_unknown_event_type" time="0.124" /><testcase classname="tests.test_billing_lifecycle.TestSubscriptionGuards" name="test_guard_allows_admin_access" time="0.122" /><testcase classname="tests.test_billing_lifecycle.TestSubscriptionGuards" name="test_subscription_status_reflects_grace_period_access" time="0.141" /><testcase classname="tests.test_billing_lifecycle.TestBillingLifecycleServiceExists" name="test_billing_lifecycle_service_file_exists" time="0.190" /><testcase classname="tests.test_billing_lifecycle.TestBillingLifecycleServiceExists" name="test_email_service_exists" time="0.112" /><testcase classname="tests.test_billing_lifecycle.TestFrontendDataTestIds" name="test_subscription_status_for_billing_banner" time="0.134" /><testcase classname="tests.test_billing_lifecycle.TestFrontendDataTestIds" name="test_admin_users_for_users_tab" time="0.163" /><testcase classname="tests.test_billing_lifecycle.TestFrontendDataTestIds" name="test_estate_health_for_estate_health_tab" time="0.121" /></testsuite></testsuites>