<?xml version="1.0" encoding="utf-8"?><testsuites name="pytest tests"><testsuite name="pytest" errors="0" failures="0" skipped="18" tests="24" time="4.262" timestamp="2026-03-16T07:24:54.014644+00:00" hostname="agent-env-eeb20fd0-ef64-4e34-887a-0a5ffc29bfe6"><testcase classname="tests.test_capacity_dashboard.TestCapacityObject" name="test_unlock_returns_capacity_object" time="0.413" /><testcase classname="tests.test_capacity_dashboard.TestCapacityObject" name="test_capacity_has_total_users" time="0.407" /><testcase classname="tests.test_capacity_dashboard.TestCapacityObject" name="test_capacity_has_platform_ceiling" time="0.388" /><testcase classname="tests.test_capacity_dashboard.TestCapacityObject" name="test_capacity_has_most_limiting_name" time="0.388" /><testcase classname="tests.test_capacity_dashboard.TestCapacityObject" name="test_capacity_has_usage_percent" time="0.398" /><testcase classname="tests.test_capacity_dashboard.TestCapacityObject" name="test_capacity_has_top_3_limiting" time="0.404" /><testcase classname="tests.test_capacity_dashboard.TestCapacityObject" name="test_top_3_limiting_has_correct_ranks" time="0.105"><skipped type="pytest.skip" message="Admin login failed">/app/backend/tests/test_capacity_dashboard.py:145: Admin login failed</skipped></testcase><testcase classname="tests.test_capacity_dashboard.TestCapacityObject" name="test_resend_is_most_limiting" time="0.096"><skipped type="pytest.skip" message="Admin login failed">/app/backend/tests/test_capacity_dashboard.py:164: Admin login failed</skipped></testcase><testcase classname="tests.test_capacity_dashboard.TestCapacityObject" name="test_capgo_is_second_limiting" time="0.100"><skipped type="pytest.skip" message="Admin login failed">/app/backend/tests/test_capacity_dashboard.py:185: Admin login failed</skipped></testcase><testcase classname="tests.test_capacity_dashboard.TestCapacityObject" name="test_mongodb_is_third_limiting" time="0.097"><skipped type="pytest.skip" message="Admin login failed">/app/backend/tests/test_capacity_dashboard.py:201: Admin login failed</skipped></testcase><testcase classname="tests.test_capacity_dashboard.TestIntegrationLimitingRank" name="test_integrations_have_limiting_rank" time="0.099"><skipped type="pytest.skip" message="Admin login failed">/app/backend/tests/test_capacity_dashboard.py:238: Admin login failed</skipped></testcase><testcase classname="tests.test_capacity_dashboard.TestIntegrationLimitingRank" name="test_resend_has_rank_1" time="0.098"><skipped type="pytest.skip" message="Admin login failed">/app/backend/tests/test_capacity_dashboard.py:253: Admin login failed</skipped></testcase><testcase classname="tests.test_capacity_dashboard.TestIntegrationLimitingRank" name="test_capgo_has_rank_2" time="0.101"><skipped type="pytest.skip" message="Admin login failed">/app/backend/tests/test_capacity_dashboard.py:267: Admin login failed</skipped></testcase><testcase classname="tests.test_capacity_dashboard.TestIntegrationLimitingRank" name="test_mongodb_has_rank_3" time="0.094"><skipped type="pytest.skip" message="Admin login failed">/app/backend/tests/test_capacity_dashboard.py:281: Admin login failed</skipped></testcase><testcase classname="tests.test_capacity_dashboard.TestIntegrationLimitingRank" name="test_other_integrations_have_rank_0" time="0.110"><skipped type="pytest.skip" message="Admin login failed">/app/backend/tests/test_capacity_dashboard.py:295: Admin login failed</skipped></testcase><testcase classname="tests.test_capacity_dashboard.TestIntegrationLimitingRank" name="test_integrations_have_max_users" time="0.103"><skipped type="pytest.skip" message="Admin login failed">/app/backend/tests/test_capacity_dashboard.py:314: Admin login failed</skipped></testcase><testcase classname="tests.test_capacity_dashboard.TestIntegrationLimitingRank" name="test_integrations_have_capacity_reason" time="0.112"><skipped type="pytest.skip" message="Admin login failed">/app/backend/tests/test_capacity_dashboard.py:329: Admin login failed</skipped></testcase><testcase classname="tests.test_capacity_dashboard.TestWarningsArray" name="test_unlock_returns_warnings_array" time="0.097"><skipped type="pytest.skip" message="Admin login failed">/app/backend/tests/test_capacity_dashboard.py:367: Admin login failed</skipped></testcase><testcase classname="tests.test_capacity_dashboard.TestWarningsArray" name="test_warnings_have_correct_structure" time="0.101"><skipped type="pytest.skip" message="Admin login failed">/app/backend/tests/test_capacity_dashboard.py:381: Admin login failed</skipped></testcase><testcase classname="tests.test_capacity_dashboard.TestDbStats" name="test_unlock_returns_db_stats" time="0.115"><skipped type="pytest.skip" message="Admin login failed">/app/backend/tests/test_capacity_dashboard.py:418: Admin login failed</skipped></testcase><testcase classname="tests.test_capacity_dashboard.TestDbStats" name="test_db_stats_has_storage_gb" time="0.091"><skipped type="pytest.skip" message="Admin login failed">/app/backend/tests/test_capacity_dashboard.py:432: Admin login failed</skipped></testcase><testcase classname="tests.test_capacity_dashboard.TestDbStats" name="test_db_stats_has_data_gb" time="0.099"><skipped type="pytest.skip" message="Admin login failed">/app/backend/tests/test_capacity_dashboard.py:448: Admin login failed</skipped></testcase><testcase classname="tests.test_capacity_dashboard.TestDbStats" name="test_db_stats_has_collections" time="0.106"><skipped type="pytest.skip" message="Admin login failed">/app/backend/tests/test_capacity_dashboard.py:464: Admin login failed</skipped></testcase><testcase classname="tests.test_capacity_dashboard.TestSOC2ReportStillWorks" name="test_soc2_report_still_returns_pdf" time="0.105"><skipped type="pytest.skip" message="Admin login failed">/app/backend/tests/test_capacity_dashboard.py:501: Admin login failed</skipped></testcase></testsuite></testsuites>