<?xml version="1.0" encoding="utf-8"?><testsuites name="pytest tests"><testsuite name="pytest" errors="0" failures="0" skipped="0" tests="17" time="11.428" timestamp="2026-03-12T06:23:00.380299+00:00" hostname="agent-env-53eac507-04c5-49ab-bd59-5c1b366b38ac"><testcase classname="tests.test_cross_pollination_fix.TestMessagesCrossPollinationFix" name="test_beneficiary_with_benefactor_flag_can_create_message" time="0.829" /><testcase classname="tests.test_cross_pollination_fix.TestMessagesCrossPollinationFix" name="test_beneficiary_with_benefactor_flag_can_edit_message" time="1.123" /><testcase classname="tests.test_cross_pollination_fix.TestMessagesCrossPollinationFix" name="test_beneficiary_with_benefactor_flag_can_delete_message" time="0.714" /><testcase classname="tests.test_cross_pollination_fix.TestDocumentsCrossPollinationFix" name="test_beneficiary_with_benefactor_flag_can_upload_document" time="0.849" /><testcase classname="tests.test_cross_pollination_fix.TestDocumentsCrossPollinationFix" name="test_beneficiary_with_benefactor_flag_can_delete_document" time="0.745" /><testcase classname="tests.test_cross_pollination_fix.TestDocumentsCrossPollinationFix" name="test_beneficiary_with_benefactor_flag_can_update_document" time="0.877" /><testcase classname="tests.test_cross_pollination_fix.TestChecklistCrossPollinationFix" name="test_beneficiary_with_benefactor_flag_can_accept_checklist_item" time="0.561" /><testcase classname="tests.test_cross_pollination_fix.TestChecklistCrossPollinationFix" name="test_beneficiary_with_benefactor_flag_can_reject_checklist_item" time="0.439" /><testcase classname="tests.test_cross_pollination_fix.TestChecklistCrossPollinationFix" name="test_beneficiary_with_benefactor_flag_can_reject_with_feedback" time="0.436" /><testcase classname="tests.test_cross_pollination_fix.TestDigitalWalletCrossPollinationFix" name="test_beneficiary_with_benefactor_flag_can_create_wallet_entry" time="0.609" /><testcase classname="tests.test_cross_pollination_fix.TestDTSCrossPollinationFix" name="test_beneficiary_with_benefactor_flag_can_create_dts_task" time="0.426" /><testcase classname="tests.test_cross_pollination_fix.TestEstatesCrossPollinationFix" name="test_beneficiary_with_benefactor_flag_can_update_estate" time="0.550" /><testcase classname="tests.test_cross_pollination_fix.TestBenefactorPrimaryRegression" name="test_primary_benefactor_can_still_create_message" time="0.687" /><testcase classname="tests.test_cross_pollination_fix.TestBenefactorPrimaryRegression" name="test_primary_benefactor_can_still_upload_document" time="1.038" /><testcase classname="tests.test_cross_pollination_fix.TestBenefactorPrimaryRegression" name="test_primary_benefactor_can_create_dts_task" time="0.457" /><testcase classname="tests.test_cross_pollination_fix.TestAdminCrossPollinationFix" name="test_admin_dev_switcher_accepts_beneficiary_with_benefactor_flag" time="0.449" /><testcase classname="tests.test_cross_pollination_fix.TestEstateOwnershipEnforcement" name="test_beneficiary_with_benefactor_flag_cannot_access_other_estate" time="0.589" /></testsuite></testsuites>