<?xml version="1.0" encoding="utf-8"?><testsuites name="pytest tests"><testsuite name="pytest" errors="0" failures="1" skipped="0" tests="18" time="18.137" timestamp="2026-03-08T18:32:55.313535+00:00" hostname="agent-env-d193f8f5-65f9-4d56-8f28-d8bd0855372a"><testcase classname="tests.test_dts_assignment_notification.TestDTSTaskAssignment" name="test_01_get_all_dts_tasks" time="2.534" /><testcase classname="tests.test_dts_assignment_notification.TestDTSTaskAssignment" name="test_02_get_operators_list" time="0.125" /><testcase classname="tests.test_dts_assignment_notification.TestDTSTaskAssignment" name="test_03_dts_status_update_valid" time="0.338" /><testcase classname="tests.test_dts_assignment_notification.TestDTSTaskAssignment" name="test_04_dts_status_update_invalid" time="0.245" /><testcase classname="tests.test_dts_assignment_notification.TestDTSTaskAssignment" name="test_05_dts_assign_task_to_operator" time="0.451" /><testcase classname="tests.test_dts_assignment_notification.TestDTSTaskAssignment" name="test_06_dts_assign_invalid_operator" time="0.270" /><testcase classname="tests.test_dts_assignment_notification.TestNotificationTriggers" name="test_01_founder_notifications_endpoint" time="2.450" /><testcase classname="tests.test_dts_assignment_notification.TestNotificationTriggers" name="test_02_founder_unread_notification_count" time="0.145" /><testcase classname="tests.test_dts_assignment_notification.TestNotificationTriggers" name="test_03_founder_notification_types" time="0.219" /><testcase classname="tests.test_dts_assignment_notification.TestNotificationTriggers" name="test_04_benefactor_notifications_endpoint" time="1.513" /><testcase classname="tests.test_dts_assignment_notification.TestNotificationTriggers" name="test_05_notification_mark_read" time="0.211" /><testcase classname="tests.test_dts_assignment_notification.TestNotificationTriggers" name="test_06_notification_mark_all_read" time="0.133" /><testcase classname="tests.test_dts_assignment_notification.TestNewUserRegistrationNotification" name="test_registration_endpoint_exists" time="0.111"><failure message="AssertionError: Registration endpoint error: 429 - {&quot;detail&quot;:&quot;Too many requests. Please wait before trying again.&quot;}&#10;assert 429 in [200, 400, 422]&#10; +  where 429 = &lt;Response [429]&gt;.status_code">backend/tests/test_dts_assignment_notification.py:388: in test_registration_endpoint_exists
    assert resp.status_code in [200, 400, 422], f"Registration endpoint error: {resp.status_code} - {resp.text}"
E   AssertionError: Registration endpoint error: 429 - {"detail":"Too many requests. Please wait before trying again."}
E   assert 429 in [200, 400, 422]
E    +  where 429 = &lt;Response [429]&gt;.status_code</failure></testcase><testcase classname="tests.test_dts_assignment_notification.TestDocumentUploadNotification" name="test_01_get_benefactor_estate" time="3.794" /><testcase classname="tests.test_dts_assignment_notification.TestDocumentUploadNotification" name="test_02_get_documents_list" time="0.255" /><testcase classname="tests.test_dts_assignment_notification.TestDTSQuoteCreation" name="test_01_submit_quote_for_task" time="2.708" /><testcase classname="tests.test_dts_assignment_notification.TestOpsOpsDashboard" name="test_01_founder_admin_stats" time="2.456" /><testcase classname="tests.test_dts_assignment_notification.TestOpsOpsDashboard" name="test_02_founder_operators_list" time="0.110" /></testsuite></testsuites>