<?xml version="1.0" encoding="utf-8"?><testsuites name="pytest tests"><testsuite name="pytest" errors="0" failures="0" skipped="0" tests="9" time="3.013" timestamp="2026-02-26T06:20:02.248801+00:00" hostname="agent-env-f36d9dc5-0dc6-4933-a1ba-b8358a954613"><testcase classname="backend.tests.test_edit_functionality.TestEditFunctionality" name="test_get_beneficiaries" time="0.661" /><testcase classname="backend.tests.test_edit_functionality.TestEditFunctionality" name="test_create_test_beneficiary" time="0.108" /><testcase classname="backend.tests.test_edit_functionality.TestEditFunctionality" name="test_update_beneficiary" time="0.327" /><testcase classname="backend.tests.test_edit_functionality.TestEditFunctionality" name="test_update_beneficiary_not_found" time="0.122" /><testcase classname="backend.tests.test_edit_functionality.TestEditFunctionality" name="test_get_documents" time="0.100" /><testcase classname="backend.tests.test_edit_functionality.TestEditFunctionality" name="test_update_document" time="0.432" /><testcase classname="backend.tests.test_edit_functionality.TestEditFunctionality" name="test_update_document_not_found" time="0.108" /><testcase classname="backend.tests.test_edit_functionality.TestEditFunctionality" name="test_update_document_partial" time="0.349" /><testcase classname="backend.tests.test_edit_functionality.TestCleanup" name="test_cleanup_test_beneficiaries" time="0.737" /></testsuite></testsuites>