<?xml version="1.0" encoding="utf-8"?><testsuites name="pytest tests"><testsuite name="pytest" errors="0" failures="0" skipped="2" tests="10" time="68.730" timestamp="2026-03-22T12:23:22.503555+00:00" hostname="agent-env-e3fa0205-1ad3-484b-9da0-0220b724ce66"><testcase classname="tests.test_ega_iac_task_status.TestEgaIacTaskStatus" name="test_iac_task_status_returns_none_when_no_tasks" time="17.202"><skipped type="pytest.skip" message="Authentication failed - status 429: {&quot;detail&quot;:&quot;Too many requests. Please wait before trying again.&quot;}">/app/backend/tests/test_ega_iac_task_status.py:33: Authentication failed - status 429: {"detail":"Too many requests. Please wait before trying again."}</skipped></testcase><testcase classname="tests.test_ega_iac_task_status.TestEgaIacTaskStatus" name="test_iac_task_status_endpoint_exists" time="17.157"><skipped type="pytest.skip" message="Authentication failed - status 429: {&quot;detail&quot;:&quot;Too many requests. Please wait before trying again.&quot;}">/app/backend/tests/test_ega_iac_task_status.py:49: Authentication failed - status 429: {"detail":"Too many requests. Please wait before trying again."}</skipped></testcase><testcase classname="tests.test_ega_iac_task_status.TestEgaIacTaskStatus" name="test_iac_task_status_requires_auth" time="17.457" /><testcase classname="tests.test_ega_iac_task_status.TestEgaIacTaskStatus" name="test_iac_task_status_response_shape" time="2.417" /><testcase classname="tests.test_ega_iac_task_status.TestGuardianChatSessions" name="test_chat_sessions_endpoint" time="2.388" /><testcase classname="tests.test_ega_iac_task_status.TestGuardianExportEndpoints" name="test_export_checklist_endpoint_exists" time="2.452" /><testcase classname="tests.test_ega_iac_task_status.TestGuardianExportEndpoints" name="test_export_todo_endpoint_exists" time="2.414" /><testcase classname="tests.test_ega_iac_task_status.TestGuardianExportEndpoints" name="test_export_iac_report_endpoint_exists" time="2.384" /><testcase classname="tests.test_ega_iac_task_status.TestEstatesAndChecklists" name="test_estates_endpoint" time="2.386" /><testcase classname="tests.test_ega_iac_task_status.TestEstatesAndChecklists" name="test_checklists_endpoint" time="2.446" /></testsuite></testsuites>