<?xml version="1.0" encoding="utf-8"?><testsuites name="pytest tests"><testsuite name="pytest" errors="0" failures="2" skipped="0" tests="9" time="6.447" timestamp="2026-03-10T20:48:48.054816+00:00" hostname="agent-env-35b6fd20-b30f-4f6f-ab00-36dd83e875a3"><testcase classname="tests.test_eligibility_estate_creation.TestEstateCreationWithEligibility" name="test_create_estate_with_military_special_status" time="1.132" /><testcase classname="tests.test_eligibility_estate_creation.TestEstateCreationWithEligibility" name="test_create_estate_with_veteran_special_status" time="1.068" /><testcase classname="tests.test_eligibility_estate_creation.TestEstateCreationWithEligibility" name="test_create_estate_with_hospice_special_status" time="0.978" /><testcase classname="tests.test_eligibility_estate_creation.TestEstateCreationWithEligibility" name="test_create_estate_with_enterprise_and_b2b_code" time="1.025" /><testcase classname="tests.test_eligibility_estate_creation.TestEstateCreationWithEligibility" name="test_create_estate_with_first_responder_special_status" time="0.976" /><testcase classname="tests.test_eligibility_estate_creation.TestEstateCreationWithEligibility" name="test_create_estate_without_special_status" time="0.172"><failure message="AssertionError: Failed to register: {&quot;detail&quot;:&quot;Too many requests. Please wait before trying again.&quot;}&#10;assert 429 in (200, 201)&#10; +  where 429 = &lt;Response [429]&gt;.status_code">tests/test_eligibility_estate_creation.py:161: in test_create_estate_without_special_status
    user = self.create_test_user("none")
           ^^^^^^^^^^^^^^^^^^^^^^^^^^^^^
tests/test_eligibility_estate_creation.py:37: in create_test_user
    assert resp.status_code in (200, 201), f"Failed to register: {resp.text}"
E   AssertionError: Failed to register: {"detail":"Too many requests. Please wait before trying again."}
E   assert 429 in (200, 201)
E    +  where 429 = &lt;Response [429]&gt;.status_code</failure></testcase><testcase classname="tests.test_eligibility_estate_creation.TestEstateCreationWithEligibility" name="test_create_estate_with_beneficiaries_and_special_status" time="0.190"><failure message="AssertionError: Failed to register: {&quot;detail&quot;:&quot;Too many requests. Please wait before trying again.&quot;}&#10;assert 429 in (200, 201)&#10; +  where 429 = &lt;Response [429]&gt;.status_code">tests/test_eligibility_estate_creation.py:180: in test_create_estate_with_beneficiaries_and_special_status
    user = self.create_test_user("with_ben")
           ^^^^^^^^^^^^^^^^^^^^^^^^^^^^^^^^^
tests/test_eligibility_estate_creation.py:37: in create_test_user
    assert resp.status_code in (200, 201), f"Failed to register: {resp.text}"
E   AssertionError: Failed to register: {"detail":"Too many requests. Please wait before trying again."}
E   assert 429 in (200, 201)
E    +  where 429 = &lt;Response [429]&gt;.status_code</failure></testcase><testcase classname="tests.test_eligibility_estate_creation.TestExistingUserEstateDenial" name="test_existing_user_cannot_create_another_estate" time="0.435" /><testcase classname="tests.test_eligibility_estate_creation.TestSubscriptionStatusEligibleTiers" name="test_subscription_status_returns_eligible_tiers_and_special_status" time="0.412" /></testsuite></testsuites>