<?xml version="1.0" encoding="utf-8"?><testsuites name="pytest tests"><testsuite name="pytest" errors="3" failures="6" skipped="0" tests="18" time="9.322" timestamp="2026-02-28T04:18:12.041826+00:00" hostname="agent-env-33d774f8-8746-4409-a122-8e2365af8b78"><testcase classname="tests.test_encryption_upgrade.TestDocumentUpload" name="test_upload_document_creates_encrypted_file" time="0.899"><failure message="AssertionError: Upload failed: {&quot;detail&quot;:[{&quot;type&quot;:&quot;missing&quot;,&quot;loc&quot;:[&quot;query&quot;,&quot;estate_id&quot;],&quot;msg&quot;:&quot;Field required&quot;,&quot;input&quot;:null,&quot;url&quot;:&quot;https://errors.pydantic.dev/2.12/v/missing&quot;},{&quot;type&quot;:&quot;missing&quot;,&quot;loc&quot;:[&quot;query&quot;,&quot;name&quot;],&quot;msg&quot;:&quot;Field required&quot;,&quot;input&quot;:null,&quot;url&quot;:&quot;https://errors.pydantic.dev/2.12/v/missing&quot;},{&quot;type&quot;:&quot;missing&quot;,&quot;loc&quot;:[&quot;query&quot;,&quot;category&quot;],&quot;msg&quot;:&quot;Field required&quot;,&quot;input&quot;:null,&quot;url&quot;:&quot;https://errors.pydantic.dev/2.12/v/missing&quot;}]}&#10;assert 422 == 200&#10; +  where 422 = &lt;Response [422]&gt;.status_code">backend/tests/test_encryption_upgrade.py:76: in test_upload_document_creates_encrypted_file
    assert resp.status_code == 200, f"Upload failed: {resp.text}"
E   AssertionError: Upload failed: {"detail":[{"type":"missing","loc":["query","estate_id"],"msg":"Field required","input":null,"url":"https://errors.pydantic.dev/2.12/v/missing"},{"type":"missing","loc":["query","name"],"msg":"Field required","input":null,"url":"https://errors.pydantic.dev/2.12/v/missing"},{"type":"missing","loc":["query","category"],"msg":"Field required","input":null,"url":"https://errors.pydantic.dev/2.12/v/missing"}]}
E   assert 422 == 200
E    +  where 422 = &lt;Response [422]&gt;.status_code</failure></testcase><testcase classname="tests.test_encryption_upgrade.TestDocumentUpload" name="test_list_documents_shows_encryption_info" time="0.120" /><testcase classname="tests.test_encryption_upgrade.TestDocumentDownload" name="test_download_document_decrypts_aes256" time="0.800"><failure message="AssertionError: Upload failed: {&quot;detail&quot;:[{&quot;type&quot;:&quot;missing&quot;,&quot;loc&quot;:[&quot;query&quot;,&quot;estate_id&quot;],&quot;msg&quot;:&quot;Field required&quot;,&quot;input&quot;:null,&quot;url&quot;:&quot;https://errors.pydantic.dev/2.12/v/missing&quot;},{&quot;type&quot;:&quot;missing&quot;,&quot;loc&quot;:[&quot;query&quot;,&quot;name&quot;],&quot;msg&quot;:&quot;Field required&quot;,&quot;input&quot;:null,&quot;url&quot;:&quot;https://errors.pydantic.dev/2.12/v/missing&quot;},{&quot;type&quot;:&quot;missing&quot;,&quot;loc&quot;:[&quot;query&quot;,&quot;category&quot;],&quot;msg&quot;:&quot;Field required&quot;,&quot;input&quot;:null,&quot;url&quot;:&quot;https://errors.pydantic.dev/2.12/v/missing&quot;}]}&#10;assert 422 == 200&#10; +  where 422 = &lt;Response [422]&gt;.status_code">backend/tests/test_encryption_upgrade.py:134: in test_download_document_decrypts_aes256
    assert upload_resp.status_code == 200, f"Upload failed: {upload_resp.text}"
E   AssertionError: Upload failed: {"detail":[{"type":"missing","loc":["query","estate_id"],"msg":"Field required","input":null,"url":"https://errors.pydantic.dev/2.12/v/missing"},{"type":"missing","loc":["query","name"],"msg":"Field required","input":null,"url":"https://errors.pydantic.dev/2.12/v/missing"},{"type":"missing","loc":["query","category"],"msg":"Field required","input":null,"url":"https://errors.pydantic.dev/2.12/v/missing"}]}
E   assert 422 == 200
E    +  where 422 = &lt;Response [422]&gt;.status_code</failure></testcase><testcase classname="tests.test_encryption_upgrade.TestDocumentDownload" name="test_preview_document_decrypts_inline" time="0.122"><failure message="assert 422 == 200&#10; +  where 422 = &lt;Response [422]&gt;.status_code">backend/tests/test_encryption_upgrade.py:164: in test_preview_document_decrypts_inline
    assert upload_resp.status_code == 200
E   assert 422 == 200
E    +  where 422 = &lt;Response [422]&gt;.status_code</failure></testcase><testcase classname="tests.test_encryption_upgrade.TestDocumentDelete" name="test_delete_document_removes_from_storage" time="0.766"><failure message="assert 422 == 200&#10; +  where 422 = &lt;Response [422]&gt;.status_code">backend/tests/test_encryption_upgrade.py:198: in test_delete_document_removes_from_storage
    assert upload_resp.status_code == 200
E   assert 422 == 200
E    +  where 422 = &lt;Response [422]&gt;.status_code</failure></testcase><testcase classname="tests.test_encryption_upgrade.TestMessageEncryption" name="test_create_message_encrypts_title_content" time="0.929" /><testcase classname="tests.test_encryption_upgrade.TestMessageEncryption" name="test_list_messages_decrypts_content" time="0.252" /><testcase classname="tests.test_encryption_upgrade.TestDigitalWalletEncryption" name="test_create_wallet_entry_encrypts_password" time="0.940" /><testcase classname="tests.test_encryption_upgrade.TestDigitalWalletEncryption" name="test_list_wallet_decrypts_passwords" time="0.257" /><testcase classname="tests.test_encryption_upgrade.TestVaultSecurityInfo" name="test_vault_security_info_returns_metadata" time="0.814" /><testcase classname="tests.test_encryption_upgrade.TestAuditTrail" name="test_upload_creates_audit_entry" time="0.863"><failure message="assert 422 == 200&#10; +  where 422 = &lt;Response [422]&gt;.status_code">backend/tests/test_encryption_upgrade.py:413: in test_upload_creates_audit_entry
    assert upload_resp.status_code == 200
E   assert 422 == 200
E    +  where 422 = &lt;Response [422]&gt;.status_code</failure></testcase><testcase classname="tests.test_encryption_upgrade.TestAuditTrail" name="test_download_creates_audit_entry" time="0.117"><failure message="KeyError: 'id'">backend/tests/test_encryption_upgrade.py:445: in test_download_creates_audit_entry
    doc_id = upload_resp.json()["id"]
             ^^^^^^^^^^^^^^^^^^^^^^^^
E   KeyError: 'id'</failure></testcase><testcase classname="tests.test_encryption_upgrade.TestEstateEncryptionSalt" name="test_new_estate_has_encryption_salt" time="0.894" /><testcase classname="tests.test_encryption_upgrade.TestEstateEncryptionSalt" name="test_existing_estate_has_encryption_salt" time="0.117" /><testcase classname="tests.test_encryption_upgrade.TestPerEstateKeyIsolation" name="test_different_estates_different_keys" time="1.153" /><testcase classname="tests.test_encryption_upgrade.TestCleanup" name="test_cleanup_test_documents" time="0.112"><error message="failed on setup with &quot;AssertionError: Admin login failed: {&quot;detail&quot;:&quot;Too many requests. Please wait before trying again.&quot;}&#10;assert 429 == 200&#10; +  where 429 = &lt;Response [429]&gt;.status_code&quot;">backend/tests/test_encryption_upgrade.py:34: in admin_token
    assert resp.status_code == 200, f"Admin login failed: {resp.text}"
E   AssertionError: Admin login failed: {"detail":"Too many requests. Please wait before trying again."}
E   assert 429 == 200
E    +  where 429 = &lt;Response [429]&gt;.status_code</error></testcase><testcase classname="tests.test_encryption_upgrade.TestCleanup" name="test_cleanup_test_messages" time="0.000"><error message="failed on setup with &quot;AssertionError: Admin login failed: {&quot;detail&quot;:&quot;Too many requests. Please wait before trying again.&quot;}&#10;assert 429 == 200&#10; +  where 429 = &lt;Response [429]&gt;.status_code&quot;">backend/tests/test_encryption_upgrade.py:34: in admin_token
    assert resp.status_code == 200, f"Admin login failed: {resp.text}"
E   AssertionError: Admin login failed: {"detail":"Too many requests. Please wait before trying again."}
E   assert 429 == 200
E    +  where 429 = &lt;Response [429]&gt;.status_code</error></testcase><testcase classname="tests.test_encryption_upgrade.TestCleanup" name="test_cleanup_test_wallet_entries" time="0.000"><error message="failed on setup with &quot;AssertionError: Admin login failed: {&quot;detail&quot;:&quot;Too many requests. Please wait before trying again.&quot;}&#10;assert 429 == 200&#10; +  where 429 = &lt;Response [429]&gt;.status_code&quot;">backend/tests/test_encryption_upgrade.py:34: in admin_token
    assert resp.status_code == 200, f"Admin login failed: {resp.text}"
E   AssertionError: Admin login failed: {"detail":"Too many requests. Please wait before trying again."}
E   assert 429 == 200
E    +  where 429 = &lt;Response [429]&gt;.status_code</error></testcase></testsuite></testsuites>