<?xml version="1.0" encoding="utf-8"?><testsuites name="pytest tests"><testsuite name="pytest" errors="0" failures="0" skipped="0" tests="18" time="12.976" timestamp="2026-02-28T04:21:07.360625+00:00" hostname="agent-env-33d774f8-8746-4409-a122-8e2365af8b78"><testcase classname="tests.test_encryption_upgrade.TestDocumentUpload" name="test_upload_document_creates_encrypted_file" time="4.022" /><testcase classname="tests.test_encryption_upgrade.TestDocumentUpload" name="test_list_documents_shows_encryption_info" time="0.101" /><testcase classname="tests.test_encryption_upgrade.TestDocumentDownload" name="test_download_document_decrypts_aes256" time="0.370" /><testcase classname="tests.test_encryption_upgrade.TestDocumentDownload" name="test_preview_document_decrypts_inline" time="0.360" /><testcase classname="tests.test_encryption_upgrade.TestDocumentDelete" name="test_delete_document_removes_from_storage" time="0.419" /><testcase classname="tests.test_encryption_upgrade.TestMessageEncryption" name="test_create_message_encrypts_title_content" time="0.257" /><testcase classname="tests.test_encryption_upgrade.TestMessageEncryption" name="test_list_messages_decrypts_content" time="0.544" /><testcase classname="tests.test_encryption_upgrade.TestDigitalWalletEncryption" name="test_create_wallet_entry_encrypts_password" time="0.296" /><testcase classname="tests.test_encryption_upgrade.TestDigitalWalletEncryption" name="test_list_wallet_decrypts_passwords" time="0.551" /><testcase classname="tests.test_encryption_upgrade.TestVaultSecurityInfo" name="test_vault_security_info_returns_metadata" time="0.115" /><testcase classname="tests.test_encryption_upgrade.TestAuditTrail" name="test_upload_creates_audit_entry" time="0.948" /><testcase classname="tests.test_encryption_upgrade.TestAuditTrail" name="test_download_creates_audit_entry" time="1.100" /><testcase classname="tests.test_encryption_upgrade.TestEstateEncryptionSalt" name="test_new_estate_has_encryption_salt" time="0.207" /><testcase classname="tests.test_encryption_upgrade.TestEstateEncryptionSalt" name="test_existing_estate_has_encryption_salt" time="0.130" /><testcase classname="tests.test_encryption_upgrade.TestPerEstateKeyIsolation" name="test_different_estates_different_keys" time="0.542" /><testcase classname="tests.test_encryption_upgrade.TestCleanup" name="test_cleanup_test_documents" time="1.194" /><testcase classname="tests.test_encryption_upgrade.TestCleanup" name="test_cleanup_test_messages" time="0.860" /><testcase classname="tests.test_encryption_upgrade.TestCleanup" name="test_cleanup_test_wallet_entries" time="0.903" /></testsuite></testsuites>