<?xml version="1.0" encoding="utf-8"?><testsuites name="pytest tests"><testsuite name="pytest" errors="0" failures="0" skipped="0" tests="9" time="4.115" timestamp="2026-03-19T05:59:46.352801+00:00" hostname="agent-env-d714e53c-cc04-4f20-8456-87f181b098d5"><testcase classname="tests.test_estate_rename.TestEstateRenameCheck" name="test_health_check" time="0.137" /><testcase classname="tests.test_estate_rename.TestEstateRenameCheck" name="test_rename_check_returns_needs_rename_true_for_default_name" time="0.434" /><testcase classname="tests.test_estate_rename.TestEstateRenameCheck" name="test_rename_check_returns_needs_rename_false_for_admin" time="0.433" /><testcase classname="tests.test_estate_rename.TestEstateRenameCheck" name="test_customize_name_saves_new_name" time="0.322" /><testcase classname="tests.test_estate_rename.TestEstateRenameCheck" name="test_customize_name_empty_still_sets_customized" time="0.237" /><testcase classname="tests.test_estate_rename.TestEstateRenameNoEstate" name="test_customize_name_returns_404_for_user_without_estate" time="0.435" /><testcase classname="tests.test_estate_rename.TestPatchEstateSetsCusomized" name="test_patch_estate_sets_name_customized" time="0.659" /><testcase classname="tests.test_estate_rename.TestAdminCannotRenameOtherEstates" name="test_admin_blocked_from_renaming_other_user_estate" time="0.902" /><testcase classname="tests.test_estate_rename.TestCleanup" name="test_cleanup_restore_original_estate_name" time="0.524" /></testsuite></testsuites>