<?xml version="1.0" encoding="utf-8"?><testsuites name="pytest tests"><testsuite name="pytest" errors="0" failures="0" skipped="0" tests="9" time="1.786" timestamp="2026-03-10T01:58:50.850691+00:00" hostname="agent-env-dae031c1-291d-4a2f-975f-79f75e3859dd"><testcase classname="tests.test_estate_health.TestEstateHealthAPI" name="test_estate_health_endpoint_returns_200" time="0.648" /><testcase classname="tests.test_estate_health.TestEstateHealthAPI" name="test_estate_health_response_has_summary" time="0.178" /><testcase classname="tests.test_estate_health.TestEstateHealthAPI" name="test_estate_health_response_has_estates_array" time="0.164" /><testcase classname="tests.test_estate_health.TestEstateHealthAPI" name="test_estate_structure_has_required_fields" time="0.133" /><testcase classname="tests.test_estate_health.TestEstateHealthAPI" name="test_estate_metrics_has_health_score_and_status" time="0.135" /><testcase classname="tests.test_estate_health.TestEstateHealthAPI" name="test_estate_beneficiaries_structure" time="0.121" /><testcase classname="tests.test_estate_health.TestEstateHealthAPI" name="test_estate_health_requires_admin_auth" time="0.126" /><testcase classname="tests.test_estate_health.TestEstateHealthAPI" name="test_estate_health_summary_rates_are_percentages" time="0.126" /><testcase classname="tests.test_estate_health.TestEstateHealthAPI" name="test_estates_sorted_by_health_status" time="0.114" /></testsuite></testsuites>