<?xml version="1.0" encoding="utf-8"?><testsuites name="pytest tests"><testsuite name="pytest" errors="0" failures="1" skipped="0" tests="23" time="5.189" timestamp="2026-03-29T20:17:45.369719+00:00" hostname="agent-env-c251123f-03f0-41bb-9fc7-0c3a7b06e95f"><testcase classname="tests.test_founder_access_requests.TestFounderAccessRequests" name="test_01_submit_request_success" time="0.362" /><testcase classname="tests.test_founder_access_requests.TestFounderAccessRequests" name="test_02_submit_duplicate_request_returns_already_pending" time="0.105" /><testcase classname="tests.test_founder_access_requests.TestFounderAccessRequests" name="test_03_submit_request_missing_name" time="0.115" /><testcase classname="tests.test_founder_access_requests.TestFounderAccessRequests" name="test_04_submit_request_missing_email" time="0.126" /><testcase classname="tests.test_founder_access_requests.TestFounderAccessRequests" name="test_05_list_requests_requires_auth" time="0.105" /><testcase classname="tests.test_founder_access_requests.TestFounderAccessRequests" name="test_06_list_requests_success" time="0.452"><failure message="AssertionError: Test request not found in list. Looking for TEST_founder_62f419d2@test.com&#10;assert None is not None">backend/tests/test_founder_access_requests.py:114: in test_06_list_requests_success
    assert test_request is not None, f"Test request not found in list. Looking for {TEST_EMAIL}"
E   AssertionError: Test request not found in list. Looking for TEST_founder_62f419d2@test.com
E   assert None is not None</failure></testcase><testcase classname="tests.test_founder_access_requests.TestFounderAccessRequests" name="test_07_approve_request_requires_auth" time="0.104" /><testcase classname="tests.test_founder_access_requests.TestFounderAccessRequests" name="test_08_approve_request_short_password" time="0.110" /><testcase classname="tests.test_founder_access_requests.TestFounderAccessRequests" name="test_09_approve_request_success" time="0.340" /><testcase classname="tests.test_founder_access_requests.TestFounderAccessRequests" name="test_10_approve_nonexistent_request" time="0.109" /><testcase classname="tests.test_founder_access_requests.TestFounderAccessRequests" name="test_11_founder_login_success" time="0.337" /><testcase classname="tests.test_founder_access_requests.TestFounderAccessRequests" name="test_12_founder_login_wrong_password" time="0.333" /><testcase classname="tests.test_founder_access_requests.TestFounderAccessRequests" name="test_13_founder_login_no_access" time="0.098" /><testcase classname="tests.test_founder_access_requests.TestFounderAccessRequests" name="test_14_founder_login_reusable" time="1.034" /><testcase classname="tests.test_founder_access_requests.TestFounderAccessRequests" name="test_15_revoke_access_requires_auth" time="0.103" /><testcase classname="tests.test_founder_access_requests.TestFounderAccessRequests" name="test_16_revoke_access_success" time="0.118" /><testcase classname="tests.test_founder_access_requests.TestFounderAccessRequests" name="test_17_founder_login_after_revoke_fails" time="0.121" /><testcase classname="tests.test_founder_access_requests.TestFounderAccessRequests" name="test_18_deny_request_requires_auth" time="0.098" /><testcase classname="tests.test_founder_access_requests.TestFounderAccessRequests" name="test_19_deny_request_success" time="0.381" /><testcase classname="tests.test_founder_access_requests.TestFounderAccessRequests" name="test_20_deny_nonexistent_request" time="0.103" /><testcase classname="tests.test_founder_access_requests.TestInviteLinksStillWork" name="test_create_invite_link" time="0.109" /><testcase classname="tests.test_founder_access_requests.TestInviteLinksStillWork" name="test_list_invite_links" time="0.130" /><testcase classname="tests.test_founder_access_requests.TestInviteLinksStillWork" name="test_verify_invite_token" time="0.249" /></testsuite></testsuites>