<?xml version="1.0" encoding="utf-8"?><testsuites name="pytest tests"><testsuite name="pytest" errors="0" failures="0" skipped="0" tests="40" time="59.232" timestamp="2026-02-26T23:03:58.377533+00:00" hostname="agent-env-c77b1349-4b98-4786-8b8c-89c8fcb602d0"><testcase classname="backend.tests.test_full_api_coverage.TestHealthCheck" name="test_health_check" time="0.198" /><testcase classname="backend.tests.test_full_api_coverage.TestAuthFlow" name="test_register_user" time="0.515" /><testcase classname="backend.tests.test_full_api_coverage.TestAuthFlow" name="test_register_duplicate_email" time="0.056" /><testcase classname="backend.tests.test_full_api_coverage.TestAuthFlow" name="test_login_sends_otp" time="0.458" /><testcase classname="backend.tests.test_full_api_coverage.TestAuthFlow" name="test_login_invalid_credentials" time="0.280" /><testcase classname="backend.tests.test_full_api_coverage.TestAuthFlow" name="test_dev_login" time="0.281" /><testcase classname="backend.tests.test_full_api_coverage.TestAuthFlow" name="test_get_current_user" time="0.056" /><testcase classname="backend.tests.test_full_api_coverage.TestAuthFlow" name="test_get_me_without_auth" time="0.119" /><testcase classname="backend.tests.test_full_api_coverage.TestEstates" name="test_create_estate" time="0.086" /><testcase classname="backend.tests.test_full_api_coverage.TestEstates" name="test_get_estates" time="0.058" /><testcase classname="backend.tests.test_full_api_coverage.TestEstates" name="test_get_estate_by_id" time="0.109" /><testcase classname="backend.tests.test_full_api_coverage.TestEstates" name="test_update_estate" time="0.061" /><testcase classname="backend.tests.test_full_api_coverage.TestEstates" name="test_get_estate_readiness" time="0.076" /><testcase classname="backend.tests.test_full_api_coverage.TestBeneficiaries" name="test_create_beneficiary" time="0.079" /><testcase classname="backend.tests.test_full_api_coverage.TestBeneficiaries" name="test_get_beneficiaries" time="0.063" /><testcase classname="backend.tests.test_full_api_coverage.TestBeneficiaries" name="test_update_beneficiary" time="0.059" /><testcase classname="backend.tests.test_full_api_coverage.TestChecklist" name="test_create_checklist_item" time="0.079" /><testcase classname="backend.tests.test_full_api_coverage.TestChecklist" name="test_get_checklists" time="0.162" /><testcase classname="backend.tests.test_full_api_coverage.TestChecklist" name="test_update_checklist_item" time="0.134" /><testcase classname="backend.tests.test_full_api_coverage.TestChecklist" name="test_toggle_checklist_item" time="0.130" /><testcase classname="backend.tests.test_full_api_coverage.TestDocuments" name="test_get_documents" time="0.410" /><testcase classname="backend.tests.test_full_api_coverage.TestDocuments" name="test_upload_document" time="0.224" /><testcase classname="backend.tests.test_full_api_coverage.TestMessages" name="test_create_message" time="0.066" /><testcase classname="backend.tests.test_full_api_coverage.TestMessages" name="test_get_messages" time="0.066" /><testcase classname="backend.tests.test_full_api_coverage.TestMessages" name="test_update_message" time="0.080" /><testcase classname="backend.tests.test_full_api_coverage.TestDigest" name="test_get_digest_preferences" time="0.072" /><testcase classname="backend.tests.test_full_api_coverage.TestDigest" name="test_update_digest_preferences" time="0.056" /><testcase classname="backend.tests.test_full_api_coverage.TestPush" name="test_get_vapid_public_key" time="0.130" /><testcase classname="backend.tests.test_full_api_coverage.TestGuardianAI" name="test_chat_requires_auth" time="0.211" /><testcase classname="backend.tests.test_full_api_coverage.TestGuardianAI" name="test_chat_guardian" time="53.543" /><testcase classname="backend.tests.test_full_api_coverage.TestSubscriptions" name="test_get_subscription_plans" time="0.174" /><testcase classname="backend.tests.test_full_api_coverage.TestAdminEndpoints" name="test_setup_admin_user" time="0.310" /><testcase classname="backend.tests.test_full_api_coverage.TestAdminEndpoints" name="test_admin_stats" time="0.106" /><testcase classname="backend.tests.test_full_api_coverage.TestAdminEndpoints" name="test_admin_activity" time="0.190" /><testcase classname="backend.tests.test_full_api_coverage.TestAdminEndpoints" name="test_admin_users" time="0.107" /><testcase classname="backend.tests.test_full_api_coverage.TestAdminEndpoints" name="test_admin_stats_requires_admin_role" time="0.113" /><testcase classname="backend.tests.test_full_api_coverage.TestCleanup" name="test_delete_message" time="0.052" /><testcase classname="backend.tests.test_full_api_coverage.TestCleanup" name="test_delete_checklist_item" time="0.056" /><testcase classname="backend.tests.test_full_api_coverage.TestCleanup" name="test_delete_beneficiary" time="0.050" /><testcase classname="backend.tests.test_full_api_coverage.TestCleanup" name="test_delete_estate" time="0.063" /></testsuite></testsuites>