<?xml version="1.0" encoding="utf-8"?><testsuites name="pytest tests"><testsuite name="pytest" errors="0" failures="2" skipped="6" tests="31" time="9.298" timestamp="2026-02-28T03:03:31.146392+00:00" hostname="agent-env-fcf1eb75-4102-4939-8b15-abb3dbac8140"><testcase classname="tests.test_full_platform_audit.TestAuthenticationAndSecurity" name="test_login_with_valid_credentials" time="0.460" /><testcase classname="tests.test_full_platform_audit.TestAuthenticationAndSecurity" name="test_login_with_invalid_credentials" time="0.117" /><testcase classname="tests.test_full_platform_audit.TestAuthenticationAndSecurity" name="test_dev_login_restricted_to_admin" time="0.336" /><testcase classname="tests.test_full_platform_audit.TestAuthenticationAndSecurity" name="test_protected_endpoint_without_auth" time="0.100" /><testcase classname="tests.test_full_platform_audit.TestAuthenticationAndSecurity" name="test_invalid_token_rejected" time="0.121" /><testcase classname="tests.test_full_platform_audit.TestAuthenticationAndSecurity" name="test_nosql_injection_in_login" time="0.100" /><testcase classname="tests.test_full_platform_audit.TestAuthenticationAndSecurity" name="test_security_headers_present" time="0.121" /><testcase classname="tests.test_full_platform_audit.TestAuthenticationAndSecurity" name="test_dev_switcher_config_no_passwords" time="0.122" /><testcase classname="tests.test_full_platform_audit.TestAdminEndpoints" name="test_admin_stats_accessible_for_admin" time="0.384" /><testcase classname="tests.test_full_platform_audit.TestAdminEndpoints" name="test_admin_users_list" time="0.419" /><testcase classname="tests.test_full_platform_audit.TestAdminEndpoints" name="test_admin_activity_log" time="0.402" /><testcase classname="tests.test_full_platform_audit.TestAdminEndpoints" name="test_admin_dev_switcher_config" time="0.397" /><testcase classname="tests.test_full_platform_audit.TestEstatesEndpoints" name="test_list_estates" time="0.403" /><testcase classname="tests.test_full_platform_audit.TestBeneficiariesEndpoints" name="test_list_beneficiaries" time="0.453" /><testcase classname="tests.test_full_platform_audit.TestMessagesEndpoints" name="test_list_messages" time="0.449" /><testcase classname="tests.test_full_platform_audit.TestChecklistEndpoints" name="test_list_checklist_items" time="0.623"><failure message="assert 404 == 200&#10; +  where 404 = &lt;Response [404]&gt;.status_code">backend/tests/test_full_platform_audit.py:294: in test_list_checklist_items
    assert response.status_code == 200
E   assert 404 == 200
E    +  where 404 = &lt;Response [404]&gt;.status_code</failure></testcase><testcase classname="tests.test_full_platform_audit.TestGuardianChatEndpoints" name="test_list_chat_sessions" time="0.454" /><testcase classname="tests.test_full_platform_audit.TestGuardianChatEndpoints" name="test_chat_history_for_nonexistent_session" time="0.409" /><testcase classname="tests.test_full_platform_audit.TestSubscriptionsEndpoints" name="test_get_subscription_plans" time="0.410" /><testcase classname="tests.test_full_platform_audit.TestSubscriptionsEndpoints" name="test_get_subscription_status" time="0.413" /><testcase classname="tests.test_full_platform_audit.TestSupportEndpoints" name="test_get_support_messages" time="0.403" /><testcase classname="tests.test_full_platform_audit.TestSupportEndpoints" name="test_create_support_message" time="0.401"><failure message="assert 400 == 200&#10; +  where 400 = &lt;Response [400]&gt;.status_code">backend/tests/test_full_platform_audit.py:405: in test_create_support_message
    assert response.status_code == 200
E   assert 400 == 200
E    +  where 400 = &lt;Response [400]&gt;.status_code</failure></testcase><testcase classname="tests.test_full_platform_audit.TestSupportEndpoints" name="test_get_support_conversations_admin" time="0.109"><skipped type="pytest.skip" message="Could not get token">/app/backend/tests/test_full_platform_audit.py:410: Could not get token</skipped></testcase><testcase classname="tests.test_full_platform_audit.TestSupportEndpoints" name="test_get_unread_count" time="0.396" /><testcase classname="tests.test_full_platform_audit.TestDTSEndpoints" name="test_get_all_dts_tasks" time="0.406" /><testcase classname="tests.test_full_platform_audit.TestDTSEndpoints" name="test_get_all_certificates" time="0.122"><skipped type="pytest.skip" message="Could not get token">/app/backend/tests/test_full_platform_audit.py:451: Could not get token</skipped></testcase><testcase classname="tests.test_full_platform_audit.TestDigitalWalletEndpoints" name="test_get_digital_wallet_entries" time="0.148"><skipped type="pytest.skip" message="Could not get token">/app/backend/tests/test_full_platform_audit.py:483: Could not get token</skipped></testcase><testcase classname="tests.test_full_platform_audit.TestFamilyPlanEndpoints" name="test_get_family_plan_status" time="0.147"><skipped type="pytest.skip" message="Could not get token">/app/backend/tests/test_full_platform_audit.py:511: Could not get token</skipped></testcase><testcase classname="tests.test_full_platform_audit.TestFamilyPlanEndpoints" name="test_preview_family_savings" time="0.117"><skipped type="pytest.skip" message="Could not get token">/app/backend/tests/test_full_platform_audit.py:518: Could not get token</skipped></testcase><testcase classname="tests.test_full_platform_audit.TestDocumentsEndpoints" name="test_list_documents" time="0.113"><skipped type="pytest.skip" message="Could not get token">/app/backend/tests/test_full_platform_audit.py:550: Could not get token</skipped></testcase><testcase classname="tests.test_full_platform_audit.TestHealthAndMisc" name="test_health_endpoint" time="0.107" /></testsuite></testsuites>