<?xml version="1.0" encoding="utf-8"?><testsuites name="pytest tests"><testsuite name="pytest" errors="0" failures="0" skipped="0" tests="14" time="2.513" timestamp="2026-03-25T13:31:18.397268+00:00" hostname="agent-env-e1b215be-834c-41df-a7b3-247553f93a8b"><testcase classname="tests.test_funnel_feature.TestFunnelStart" name="test_funnel_start_creates_session" time="0.277" /><testcase classname="tests.test_funnel_feature.TestFunnelStart" name="test_funnel_start_without_utm_params" time="0.106" /><testcase classname="tests.test_funnel_feature.TestFunnelStart" name="test_funnel_start_returns_geo_data" time="0.104" /><testcase classname="tests.test_funnel_feature.TestFunnelStep" name="test_funnel_step_records_interests" time="0.155" /><testcase classname="tests.test_funnel_feature.TestFunnelStep" name="test_funnel_step_records_family" time="0.173" /><testcase classname="tests.test_funnel_feature.TestFunnelStep" name="test_funnel_step_requires_session_id" time="0.048" /><testcase classname="tests.test_funnel_feature.TestFunnelComplete" name="test_funnel_complete_marks_session" time="0.155" /><testcase classname="tests.test_funnel_feature.TestFunnelComplete" name="test_funnel_complete_with_referral" time="0.148" /><testcase classname="tests.test_funnel_feature.TestFunnelComplete" name="test_funnel_complete_requires_session_id" time="0.051" /><testcase classname="tests.test_funnel_feature.TestFunnelConvert" name="test_funnel_convert_links_user" time="0.325" /><testcase classname="tests.test_funnel_feature.TestFunnelConvert" name="test_funnel_convert_requires_both_ids" time="0.129" /><testcase classname="tests.test_funnel_feature.TestFunnelAnalytics" name="test_analytics_requires_auth" time="0.055" /><testcase classname="tests.test_funnel_feature.TestFunnelAnalytics" name="test_analytics_returns_data" time="0.332" /><testcase classname="tests.test_funnel_feature.TestFullFunnelFlow" name="test_complete_funnel_flow" time="0.407" /></testsuite></testsuites>