<?xml version="1.0" encoding="utf-8"?><testsuites name="pytest tests"><testsuite name="pytest" errors="0" failures="0" skipped="0" tests="13" time="5.548" timestamp="2026-02-28T18:28:16.251554+00:00" hostname="agent-env-1f47bf55-ca59-4071-930f-7279c1d605d2"><testcase classname="tests.test_gdpr_compliance.TestGDPRCompliance" name="test_get_consent_preferences" time="0.504" /><testcase classname="tests.test_gdpr_compliance.TestGDPRCompliance" name="test_update_consent_marketing_emails" time="0.692" /><testcase classname="tests.test_gdpr_compliance.TestGDPRCompliance" name="test_update_consent_analytics_tracking" time="0.929" /><testcase classname="tests.test_gdpr_compliance.TestGDPRCompliance" name="test_update_consent_third_party_sharing" time="0.731" /><testcase classname="tests.test_gdpr_compliance.TestGDPRCompliance" name="test_data_export" time="0.455" /><testcase classname="tests.test_gdpr_compliance.TestGDPRCompliance" name="test_retention_policy" time="0.447" /><testcase classname="tests.test_gdpr_compliance.TestGDPRCompliance" name="test_deletion_request_wrong_email" time="0.457" /><testcase classname="tests.test_gdpr_compliance.TestGDPRCompliance" name="test_deletion_request_no_auth" time="0.431" /><testcase classname="tests.test_gdpr_compliance.TestGDPRCompliance" name="test_consent_updates_are_logged" time="0.444" /><testcase classname="tests.test_gdpr_compliance.TestGDPRRequiresAuth" name="test_consent_get_requires_auth" time="0.116" /><testcase classname="tests.test_gdpr_compliance.TestGDPRRequiresAuth" name="test_consent_put_requires_auth" time="0.107" /><testcase classname="tests.test_gdpr_compliance.TestGDPRRequiresAuth" name="test_data_export_requires_auth" time="0.090" /><testcase classname="tests.test_gdpr_compliance.TestGDPRRequiresAuth" name="test_retention_policy_requires_auth" time="0.101" /></testsuite></testsuites>