<?xml version="1.0" encoding="utf-8"?><testsuites name="pytest tests"><testsuite name="pytest" errors="0" failures="0" skipped="0" tests="12" time="4.231" timestamp="2026-03-10T05:38:59.880191+00:00" hostname="agent-env-9db00cc7-0f6d-4c56-b427-2f3f77ea11c0"><testcase classname="tests.test_ghost_estate_cleanup.TestGhostEstateDetection" name="test_estate_health_returns_ghost_estates_array" time="0.605" /><testcase classname="tests.test_ghost_estate_cleanup.TestGhostEstateDetection" name="test_estate_health_summary_includes_ghost_count" time="0.120" /><testcase classname="tests.test_ghost_estate_cleanup.TestGhostEstateDetection" name="test_ghost_estate_structure_has_required_fields" time="0.130" /><testcase classname="tests.test_ghost_estate_cleanup.TestGhostEstateDetection" name="test_ghost_estate_reason_is_descriptive" time="0.117" /><testcase classname="tests.test_ghost_estate_cleanup.TestGhostEstateCleanup" name="test_cleanup_requires_admin_auth" time="0.098" /><testcase classname="tests.test_ghost_estate_cleanup.TestGhostEstateCleanup" name="test_cleanup_rejects_wrong_password" time="0.673" /><testcase classname="tests.test_ghost_estate_cleanup.TestGhostEstateCleanup" name="test_cleanup_empty_array_returns_success" time="0.335" /><testcase classname="tests.test_ghost_estate_cleanup.TestGhostEstateCleanup" name="test_cleanup_nonexistent_estate_id_handled_gracefully" time="0.325" /><testcase classname="tests.test_ghost_estate_cleanup.TestGhostEstateCleanup" name="test_cleanup_response_structure" time="0.329" /><testcase classname="tests.test_ghost_estate_cleanup.TestGhostEstateCleanupIntegration" name="test_cleanup_real_ghost_estate_if_available" time="0.900" /><testcase classname="tests.test_ghost_estate_cleanup.TestGhostEstateValidation" name="test_cleanup_requires_password_field" time="0.451" /><testcase classname="tests.test_ghost_estate_cleanup.TestGhostEstateValidation" name="test_cleanup_requires_estate_ids_field" time="0.112" /></testsuite></testsuites>