<?xml version="1.0" encoding="utf-8"?><testsuites name="pytest tests"><testsuite name="pytest" errors="0" failures="0" skipped="2" tests="7" time="6.430" timestamp="2026-03-10T14:11:37.355634+00:00" hostname="agent-env-56010fcb-2474-4c81-ac59-9be0d85ec3fb"><testcase classname="tests.test_ghost_estate_autocreate.TestGhostEstateAutoCleanup" name="test_01_create_estate_endpoint_exists" time="0.457" /><testcase classname="tests.test_ghost_estate_autocreate.TestGhostEstateAutoCleanup" name="test_02_create_estate_for_benefactor_account" time="0.400" /><testcase classname="tests.test_ghost_estate_autocreate.TestGhostEstateAutoCleanup" name="test_03_create_ghost_estate_scenario" time="1.366" /><testcase classname="tests.test_ghost_estate_autocreate.TestGhostEstateAutoCleanup" name="test_04_verify_is_also_benefactor_flag_after_create" time="1.303" /><testcase classname="tests.test_ghost_estate_autocreate.TestGhostEstateAutoCleanup" name="test_05_blocking_user_with_real_estate" time="1.255" /><testcase classname="tests.test_ghost_estate_autocreate.TestEstateCreationResponse" name="test_create_estate_response_structure" time="0.786"><skipped type="pytest.skip" message="Dev-login failed: 403">/app/backend/tests/test_ghost_estate_autocreate.py:305: Dev-login failed: 403</skipped></testcase><testcase classname="tests.test_ghost_estate_autocreate.TestAuthMeAfterEstateCreation" name="test_auth_me_returns_is_also_benefactor" time="0.835"><skipped type="pytest.skip" message="Dev-login failed: 403">/app/backend/tests/test_ghost_estate_autocreate.py:363: Dev-login failed: 403</skipped></testcase></testsuite></testsuites>