<?xml version="1.0" encoding="utf-8"?><testsuites name="pytest tests"><testsuite name="pytest" errors="0" failures="1" skipped="0" tests="9" time="196.958" timestamp="2026-02-28T04:53:03.411496+00:00" hostname="agent-env-33d774f8-8746-4409-a122-8e2365af8b78"><testcase classname="tests.test_guardian_phase2.TestGuardianPhase2" name="test_export_checklist_pdf_returns_valid_pdf" time="0.923" /><testcase classname="tests.test_guardian_phase2.TestGuardianPhase2" name="test_export_checklist_pdf_requires_auth" time="0.108" /><testcase classname="tests.test_guardian_phase2.TestGuardianPhase2" name="test_guardian_chat_includes_legal_disclaimer" time="23.748" /><testcase classname="tests.test_guardian_phase2.TestGuardianPhase2" name="test_guardian_chat_grok_like_persona" time="14.168" /><testcase classname="tests.test_guardian_phase2.TestGuardianPhase2" name="test_analyze_vault_action" time="48.961" /><testcase classname="tests.test_guardian_phase2.TestGuardianPhase2" name="test_generate_checklist_action" time="51.130"><failure message="AssertionError: Legal disclaimer separator not found&#10;assert '---' in 'Hey there! As your Estate Guardian, I\'ve taken a good look inside your CarryOn™ Secure Vault. Right now, your setup is pretty bare-bones: you\'ve got a Last Will and Testament and an S3 Encrypted Will uploaded, which is a solid start on the basics, but we\'re missing key pieces like a Revocable Living Trust, Financial Power of Attorney, and Medical Power of Attorney. No beneficiaries added yet, zero milestone messages, and your overall Estate Readiness Score is sitting at a low 13%. That\'s like having a vault with just a couple of scraps of paper in it—functional, but not protecting much.\n\nOne big flag: your state isn\'t specified in the vault (it\'s listed as &quot;None&quot;). Estate laws vary wildly by state—like community property rules in places like California or Texas, versus common law in most others—so to make this checklist truly spot-on, could you reply with your state? For now, I\'ve built this based on general U.S. estate planning best practices, with notes on where state specifics come into play (e.g., probate rules or required forms). Once I know your state, we can refine it with citations like California\'s Probate Code or New York\'s statutes.\n\nI\'ve generated a comprehensive Immediate Action Checklist with 25 prioritized items, focusing on what\'s missing from your vault. These are all new (no duplicates from your current empty checklist) and tailored to your situation—building on those two wills, addressing the gaps, and boosting that readiness score. I\'ve prioritized by urgency: immediate (get on these in the next 1-3 days to plug critical holes), first_week (next 7 days for foundational setup), two_weeks (next 14 days for deeper organization), and first_month (next 30 days for polishing and reviews). Each item has a clear title and actionable steps you can take—remember, I\'m here to advise, not draft anything for you. Let\'s get your estate in fighting shape; start with the immediates and work your way down.\n\nIf something feels off or you hit a snag, hit me up—I\'m in the vault, ready to analyze.\n\n**25 new checklist items have been added to your Immediate Action Checklist.**'">tests/test_guardian_phase2.py:169: in test_generate_checklist_action
    assert "---" in ai_response, "Legal disclaimer separator not found"
E   AssertionError: Legal disclaimer separator not found
E   assert '---' in 'Hey there! As your Estate Guardian, I\'ve taken a good look inside your CarryOn™ Secure Vault. Right now, your setup is pretty bare-bones: you\'ve got a Last Will and Testament and an S3 Encrypted Will uploaded, which is a solid start on the basics, but we\'re missing key pieces like a Revocable Living Trust, Financial Power of Attorney, and Medical Power of Attorney. No beneficiaries added yet, zero milestone messages, and your overall Estate Readiness Score is sitting at a low 13%. That\'s like having a vault with just a couple of scraps of paper in it—functional, but not protecting much.\n\nOne big flag: your state isn\'t specified in the vault (it\'s listed as "None"). Estate laws vary wildly by state—like community property rules in places like California or Texas, versus common law in most others—so to make this checklist truly spot-on, could you reply with your state? For now, I\'ve built this based on general U.S. estate planning best practices, with notes on where state specifics come into play (e.g., probate rules or required forms). Once I know your state, we can refine it with citations like California\'s Probate Code or New York\'s statutes.\n\nI\'ve generated a comprehensive Immediate Action Checklist with 25 prioritized items, focusing on what\'s missing from your vault. These are all new (no duplicates from your current empty checklist) and tailored to your situation—building on those two wills, addressing the gaps, and boosting that readiness score. I\'ve prioritized by urgency: immediate (get on these in the next 1-3 days to plug critical holes), first_week (next 7 days for foundational setup), two_weeks (next 14 days for deeper organization), and first_month (next 30 days for polishing and reviews). Each item has a clear title and actionable steps you can take—remember, I\'m here to advise, not draft anything for you. Let\'s get your estate in fighting shape; start with the immediates and work your way down.\n\nIf something feels off or you hit a snag, hit me up—I\'m in the vault, ready to analyze.\n\n**25 new checklist items have been added to your Immediate Action Checklist.**'</failure></testcase><testcase classname="tests.test_guardian_phase2.TestGuardianPhase2" name="test_analyze_readiness_action" time="57.502" /><testcase classname="tests.test_guardian_phase2.TestGuardianPhase2" name="test_get_chat_sessions" time="0.137" /><testcase classname="tests.test_guardian_phase2.TestGuardianPhase2" name="test_resume_chat_session" time="0.231" /></testsuite></testsuites>