<?xml version="1.0" encoding="utf-8"?><testsuites name="pytest tests"><testsuite name="pytest" errors="0" failures="1" skipped="0" tests="9" time="201.538" timestamp="2026-02-28T04:57:31.901382+00:00" hostname="agent-env-33d774f8-8746-4409-a122-8e2365af8b78"><testcase classname="tests.test_guardian_phase2.TestGuardianPhase2" name="test_export_checklist_pdf_returns_valid_pdf" time="0.904"><failure message="AssertionError: Export checklist failed: Internal Server Error&#10;assert 500 == 200&#10; +  where 500 = &lt;Response [500]&gt;.status_code">tests/test_guardian_phase2.py:57: in test_export_checklist_pdf_returns_valid_pdf
    assert response.status_code == 200, f"Export checklist failed: {response.text}"
E   AssertionError: Export checklist failed: Internal Server Error
E   assert 500 == 200
E    +  where 500 = &lt;Response [500]&gt;.status_code</failure></testcase><testcase classname="tests.test_guardian_phase2.TestGuardianPhase2" name="test_export_checklist_pdf_requires_auth" time="0.113" /><testcase classname="tests.test_guardian_phase2.TestGuardianPhase2" name="test_guardian_chat_includes_legal_disclaimer" time="22.274" /><testcase classname="tests.test_guardian_phase2.TestGuardianPhase2" name="test_guardian_chat_grok_like_persona" time="15.069" /><testcase classname="tests.test_guardian_phase2.TestGuardianPhase2" name="test_analyze_vault_action" time="56.653" /><testcase classname="tests.test_guardian_phase2.TestGuardianPhase2" name="test_generate_checklist_action" time="50.672" /><testcase classname="tests.test_guardian_phase2.TestGuardianPhase2" name="test_analyze_readiness_action" time="55.328" /><testcase classname="tests.test_guardian_phase2.TestGuardianPhase2" name="test_get_chat_sessions" time="0.262" /><testcase classname="tests.test_guardian_phase2.TestGuardianPhase2" name="test_resume_chat_session" time="0.220" /></testsuite></testsuites>