<?xml version="1.0" encoding="utf-8"?><testsuites name="pytest tests"><testsuite name="pytest" errors="0" failures="0" skipped="0" tests="10" time="1.924" timestamp="2026-03-13T04:22:57.708137+00:00" hostname="agent-env-c9da6b29-7a0e-4d51-9327-9508bb11f036"><testcase classname="tests.test_gzip_photo_storage.TestGZipCompression" name="test_health_endpoint_gzip_header" time="0.410" /><testcase classname="tests.test_gzip_photo_storage.TestGZipCompression" name="test_auth_me_gzip_support" time="0.060" /><testcase classname="tests.test_gzip_photo_storage.TestProfilePhotoUpload" name="test_upload_profile_photo" time="0.132" /><testcase classname="tests.test_gzip_photo_storage.TestProfilePhotoUpload" name="test_auth_me_returns_photo_url" time="0.229" /><testcase classname="tests.test_gzip_photo_storage.TestPhotoServing" name="test_serve_uploaded_photo" time="0.267" /><testcase classname="tests.test_gzip_photo_storage.TestPhotoServing" name="test_photo_not_found" time="0.083" /><testcase classname="tests.test_gzip_photo_storage.TestPhotoRemoval" name="test_remove_profile_photo" time="0.326" /><testcase classname="tests.test_gzip_photo_storage.TestLoginFlow" name="test_login_with_demo_credentials" time="0.331" /><testcase classname="tests.test_gzip_photo_storage.TestEstatePhotoUrls" name="test_estates_have_resolved_photo_urls" time="0.064" /><testcase classname="tests.test_gzip_photo_storage.TestLegacyBase64Compatibility" name="test_resolve_photo_url_passes_data_urls" time="0.001" /></testsuite></testsuites>