<?xml version="1.0" encoding="utf-8"?><testsuites name="pytest tests"><testsuite name="pytest" errors="0" failures="1" skipped="0" tests="7" time="1.692" timestamp="2026-03-15T05:56:17.087517+00:00" hostname="agent-env-ab58e991-fa7d-46f2-9265-846252629755"><testcase classname="tests.test_iac_report_pdf.TestIacReportPdfExport" name="test_export_iac_report_valid_content_returns_pdf" time="0.515" /><testcase classname="tests.test_iac_report_pdf.TestIacReportPdfExport" name="test_export_iac_report_empty_content_fails" time="0.117" /><testcase classname="tests.test_iac_report_pdf.TestIacReportPdfExport" name="test_export_iac_report_missing_content_field" time="0.171" /><testcase classname="tests.test_iac_report_pdf.TestIacReportPdfExport" name="test_export_iac_report_unauthorized" time="0.141"><failure message="AssertionError: Expected 401 for unauthorized, got 403&#10;assert 403 == 401&#10; +  where 403 = &lt;Response [403]&gt;.status_code">backend/tests/test_iac_report_pdf.py:108: in test_export_iac_report_unauthorized
    assert response.status_code == 401, f"Expected 401 for unauthorized, got {response.status_code}"
E   AssertionError: Expected 401 for unauthorized, got 403
E   assert 403 == 401
E    +  where 403 = &lt;Response [403]&gt;.status_code</failure></testcase><testcase classname="tests.test_iac_report_pdf.TestIacReportPdfExport" name="test_export_iac_report_strips_legal_disclaimer" time="0.145" /><testcase classname="tests.test_iac_report_pdf.TestIacReportPdfExport" name="test_export_iac_report_strips_json_block" time="0.110" /><testcase classname="tests.test_iac_report_pdf.TestExistingChecklistExport" name="test_export_checklist_endpoint_exists" time="0.451" /></testsuite></testsuites>