<?xml version="1.0" encoding="utf-8"?><testsuites name="pytest tests"><testsuite name="pytest" errors="0" failures="0" skipped="3" tests="7" time="2.501" timestamp="2026-03-06T02:32:59.914534+00:00" hostname="agent-env-fe0cd4cd-43b9-4d95-8ca4-8684c012de81"><testcase classname="tests.test_iac_bugfix.TestIACActivationStatus" name="test_get_checklists_returns_is_default_field" time="0.627" /><testcase classname="tests.test_iac_bugfix.TestIACActivationStatus" name="test_get_checklists_returns_activation_status_field" time="0.658" /><testcase classname="tests.test_iac_bugfix.TestIACActivationStatus" name="test_put_checklist_with_activation_status_accepted" time="0.708" /><testcase classname="tests.test_iac_bugfix.TestIACActivationStatus" name="test_put_checklist_with_activation_status_edited" time="0.130"><skipped type="pytest.skip" message="Authentication failed">/app/backend/tests/test_iac_bugfix.py:91: Authentication failed</skipped></testcase><testcase classname="tests.test_iac_bugfix.TestIACActivationStatus" name="test_put_checklist_with_activation_status_removed" time="0.108"><skipped type="pytest.skip" message="Authentication failed">/app/backend/tests/test_iac_bugfix.py:109: Authentication failed</skipped></testcase><testcase classname="tests.test_iac_bugfix.TestIACActivationStatus" name="test_default_iac_items_have_category_immediate" time="0.128"><skipped type="pytest.skip" message="Authentication failed">/app/backend/tests/test_iac_bugfix.py:136: Authentication failed</skipped></testcase><testcase classname="tests.test_iac_bugfix.TestSignupProgressStepper" name="test_signup_page_loads" time="0.118" /></testsuite></testsuites>