<?xml version="1.0" encoding="utf-8"?><testsuites name="pytest tests"><testsuite name="pytest" errors="0" failures="0" skipped="3" tests="18" time="6.715" timestamp="2026-03-16T06:58:02.964995+00:00" hostname="agent-env-eeb20fd0-ef64-4e34-887a-0a5ffc29bfe6"><testcase classname="tests.test_integrations_redesign.TestIntegrationsUnlockRedesign" name="test_unlock_returns_cogs_object" time="0.510" /><testcase classname="tests.test_integrations_redesign.TestIntegrationsUnlockRedesign" name="test_cogs_has_note_field" time="0.392" /><testcase classname="tests.test_integrations_redesign.TestIntegrationsUnlockRedesign" name="test_integrations_have_cost_monthly" time="0.418" /><testcase classname="tests.test_integrations_redesign.TestIntegrationsUnlockRedesign" name="test_integrations_have_cost_verified" time="0.390" /><testcase classname="tests.test_integrations_redesign.TestIntegrationsUnlockRedesign" name="test_integrations_have_cost_note" time="0.411" /><testcase classname="tests.test_integrations_redesign.TestIntegrationsUnlockRedesign" name="test_integrations_have_category_field" time="0.386" /><testcase classname="tests.test_integrations_redesign.TestIntegrationsUnlockRedesign" name="test_infrastructure_category_has_4_integrations" time="0.412" /><testcase classname="tests.test_integrations_redesign.TestIntegrationsUnlockRedesign" name="test_payments_category_has_2_integrations" time="0.397" /><testcase classname="tests.test_integrations_redesign.TestIntegrationsUnlockRedesign" name="test_integration_details_have_verified_flag" time="0.382" /><testcase classname="tests.test_integrations_redesign.TestIntegrationsUnlockRedesign" name="test_cogs_totals_match_integration_costs" time="0.394" /><testcase classname="tests.test_integrations_redesign.TestSOC2Report" name="test_soc2_report_wrong_password_returns_403" time="0.386" /><testcase classname="tests.test_integrations_redesign.TestSOC2Report" name="test_soc2_report_returns_pdf" time="0.457" /><testcase classname="tests.test_integrations_redesign.TestSOC2Report" name="test_soc2_report_has_content_disposition" time="0.506" /><testcase classname="tests.test_integrations_redesign.TestSOC2Report" name="test_soc2_report_is_valid_pdf" time="0.475" /><testcase classname="tests.test_integrations_redesign.TestSOC2Report" name="test_soc2_report_unauthenticated_returns_401" time="0.437" /><testcase classname="tests.test_integrations_redesign.TestPaidIntegrationsCosts" name="test_railway_cost" time="0.098"><skipped type="pytest.skip" message="Admin login failed">/app/backend/tests/test_integrations_redesign.py:370: Admin login failed</skipped></testcase><testcase classname="tests.test_integrations_redesign.TestPaidIntegrationsCosts" name="test_mongodb_cost" time="0.097"><skipped type="pytest.skip" message="Admin login failed">/app/backend/tests/test_integrations_redesign.py:385: Admin login failed</skipped></testcase><testcase classname="tests.test_integrations_redesign.TestPaidIntegrationsCosts" name="test_free_integrations_have_zero_cost" time="0.107"><skipped type="pytest.skip" message="Admin login failed">/app/backend/tests/test_integrations_redesign.py:399: Admin login failed</skipped></testcase></testsuite></testsuites>