<?xml version="1.0" encoding="utf-8"?><testsuites name="pytest tests"><testsuite name="pytest" errors="0" failures="0" skipped="0" tests="14" time="4.978" timestamp="2026-03-16T06:38:30.123486+00:00" hostname="agent-env-eeb20fd0-ef64-4e34-887a-0a5ffc29bfe6"><testcase classname="tests.test_integrations_tab.TestIntegrationsVault" name="test_unlock_with_wrong_password_returns_403" time="0.514" /><testcase classname="tests.test_integrations_tab.TestIntegrationsVault" name="test_unlock_with_empty_password_returns_403" time="0.383" /><testcase classname="tests.test_integrations_tab.TestIntegrationsVault" name="test_unlock_with_correct_password_returns_integrations" time="0.384" /><testcase classname="tests.test_integrations_tab.TestIntegrationsVault" name="test_integrations_structure" time="0.409" /><testcase classname="tests.test_integrations_tab.TestIntegrationsVault" name="test_expected_integration_ids" time="0.406" /><testcase classname="tests.test_integrations_tab.TestIntegrationsVault" name="test_integration_categories_coverage" time="0.392" /><testcase classname="tests.test_integrations_tab.TestIntegrationsVault" name="test_sensitive_details_have_sensitive_flag" time="0.412" /><testcase classname="tests.test_integrations_tab.TestIntegrationsVault" name="test_dashboard_urls_present" time="0.382" /><testcase classname="tests.test_integrations_tab.TestIntegrationsAccessControl" name="test_unauthenticated_access_returns_401" time="0.100" /><testcase classname="tests.test_integrations_tab.TestIntegrationsAccessControl" name="test_non_admin_user_cannot_access" time="0.000" /><testcase classname="tests.test_integrations_tab.TestIntegrationsDataIntegrity" name="test_railway_integration_details" time="0.385" /><testcase classname="tests.test_integrations_tab.TestIntegrationsDataIntegrity" name="test_stripe_integration_details" time="0.378" /><testcase classname="tests.test_integrations_tab.TestIntegrationsDataIntegrity" name="test_twilio_blocked_status" time="0.398" /><testcase classname="tests.test_integrations_tab.TestIntegrationsDataIntegrity" name="test_xai_integration_details" time="0.393" /></testsuite></testsuites>