<?xml version="1.0" encoding="utf-8"?><testsuites name="pytest tests"><testsuite name="pytest" errors="0" failures="0" skipped="0" tests="10" time="1.763" timestamp="2026-03-08T17:04:58.758958+00:00" hostname="agent-env-512f8fa4-9c2a-4fc9-9f03-b3580f4f2d87"><testcase classname="tests.test_ios_notification_system.TestHealthAndErrorReporting" name="test_health_endpoint_returns_correct_structure" time="0.258" /><testcase classname="tests.test_ios_notification_system.TestHealthAndErrorReporting" name="test_error_report_endpoint_accepts_basic_error" time="0.113" /><testcase classname="tests.test_ios_notification_system.TestHealthAndErrorReporting" name="test_error_report_with_severity" time="0.113" /><testcase classname="tests.test_ios_notification_system.TestHealthAndErrorReporting" name="test_error_report_minimal_data" time="0.137" /><testcase classname="tests.test_ios_notification_system.TestLoginErrorNotification" name="test_login_invalid_credentials_returns_401" time="0.107" /><testcase classname="tests.test_ios_notification_system.TestLoginErrorNotification" name="test_login_valid_credentials_returns_200" time="0.420" /><testcase classname="tests.test_ios_notification_system.TestAdminEndpoints" name="test_admin_announcements_endpoint" time="0.138" /><testcase classname="tests.test_ios_notification_system.TestAdminEndpoints" name="test_admin_system_health_endpoint" time="0.134" /><testcase classname="tests.test_ios_notification_system.TestAdminEndpoints" name="test_admin_escalations_endpoint" time="0.188" /><testcase classname="tests.test_ios_notification_system.TestAdminEndpoints" name="test_admin_knowledge_base_endpoint" time="0.125" /></testsuite></testsuites>