<?xml version="1.0" encoding="utf-8"?><testsuites name="pytest tests"><testsuite name="pytest" errors="0" failures="0" skipped="0" tests="7" time="1.465" timestamp="2026-03-14T05:02:46.149775+00:00" hostname="agent-env-82f2db38-a975-4412-8a6f-ea2a60f1f3f8"><testcase classname="tests.test_iteration109_features.TestFounderOperatorsEndpoint" name="test_founder_operators_endpoint_status" time="0.471" /><testcase classname="tests.test_iteration109_features.TestFounderOperatorsEndpoint" name="test_founder_operators_returns_list" time="0.117" /><testcase classname="tests.test_iteration109_features.TestFounderOperatorsEndpoint" name="test_founder_operators_schema_includes_personal_info_fields" time="0.102" /><testcase classname="tests.test_iteration109_features.TestBeneficiaryMyPrimaryForEndpoint" name="test_endpoint_exists_and_authenticated" time="0.146" /><testcase classname="tests.test_iteration109_features.TestBeneficiaryMyPrimaryForEndpoint" name="test_endpoint_returns_list" time="0.106" /><testcase classname="tests.test_iteration109_features.TestBeneficiaryMyPrimaryForEndpoint" name="test_endpoint_requires_auth" time="0.282" /><testcase classname="tests.test_iteration109_features.TestBeneficiaryEndpointSchema" name="test_schema_matches_expected" time="0.216" /></testsuite></testsuites>