<?xml version="1.0" encoding="utf-8"?><testsuites name="pytest tests"><testsuite name="pytest" errors="0" failures="0" skipped="1" tests="8" time="4.552" timestamp="2026-03-10T01:00:23.624710+00:00" hostname="agent-env-826b7dae-fcd8-4655-a633-4825e9afab1a"><testcase classname="tests.test_iteration82_features.TestOnboardingAlreadyGraduated" name="test_onboarding_progress_returns_already_graduated_field" time="0.683" /><testcase classname="tests.test_iteration82_features.TestOnboardingAlreadyGraduated" name="test_onboarding_dismissed_stays_true_when_already_graduated" time="0.531" /><testcase classname="tests.test_iteration82_features.TestBeneficiaryReorder" name="test_get_beneficiaries_sorted_by_sort_order" time="0.568" /><testcase classname="tests.test_iteration82_features.TestBeneficiaryReorder" name="test_reorder_beneficiaries_persists_order" time="0.621"><skipped type="pytest.skip" message="Need at least 2 beneficiaries to test reorder">/app/backend/tests/test_iteration82_features.py:152: Need at least 2 beneficiaries to test reorder</skipped></testcase><testcase classname="tests.test_iteration82_features.TestAdminDeleteUserCleanup" name="test_admin_users_endpoint_returns_users_with_beneficiaries" time="0.523" /><testcase classname="tests.test_iteration82_features.TestAdminDeleteUserCleanup" name="test_admin_delete_user_requires_password" time="0.449" /><testcase classname="tests.test_iteration82_features.TestAdminDeleteUserCleanup" name="test_admin_delete_user_with_wrong_password" time="0.671" /><testcase classname="tests.test_iteration82_features.TestAccountsCreateEstate" name="test_create_estate_endpoint_exists" time="0.474" /></testsuite></testsuites>