<?xml version="1.0" encoding="utf-8"?><testsuites name="pytest tests"><testsuite name="pytest" errors="0" failures="0" skipped="1" tests="11" time="3.903" timestamp="2026-03-10T01:20:22.714761+00:00" hostname="agent-env-826b7dae-fcd8-4655-a633-4825e9afab1a"><testcase classname="tests.test_iteration83_family_tree.TestFamilyTreeFeatures" name="test_estates_returns_user_role_in_estate" time="0.518" /><testcase classname="tests.test_iteration83_family_tree.TestFamilyTreeFeatures" name="test_beneficiaries_endpoint_returns_dob_for_sorting" time="0.242" /><testcase classname="tests.test_iteration83_family_tree.TestFamilyTreeFeatures" name="test_beneficiaries_include_avatar_color" time="0.260" /><testcase classname="tests.test_iteration83_family_tree.TestFamilyTreeFeatures" name="test_beneficiaries_have_relation_field" time="0.241" /><testcase classname="tests.test_iteration83_family_tree.TestAdminGraphView" name="test_admin_users_returns_linked_beneficiaries" time="0.614" /><testcase classname="tests.test_iteration83_family_tree.TestAdminGraphView" name="test_admin_users_includes_date_of_birth" time="0.156" /><testcase classname="tests.test_iteration83_family_tree.TestAdminGraphView" name="test_admin_users_linked_beneficiaries_have_dob" time="0.152" /><testcase classname="tests.test_iteration83_family_tree.TestBeneficiaryEstatesFilter" name="test_estates_correctly_annotates_beneficiary_estates" time="0.515" /><testcase classname="tests.test_iteration83_family_tree.TestPreviousBugFixes" name="test_onboarding_progress_returns_already_graduated" time="0.467" /><testcase classname="tests.test_iteration83_family_tree.TestPreviousBugFixes" name="test_beneficiaries_sorted_by_sort_order" time="0.245"><skipped type="pytest.skip" message="Need 2+ beneficiaries to verify sorting">/app/backend/tests/test_iteration83_family_tree.py:298: Need 2+ beneficiaries to verify sorting</skipped></testcase><testcase classname="tests.test_iteration83_family_tree.TestPreviousBugFixes" name="test_admin_delete_requires_password" time="0.456" /></testsuite></testsuites>