<?xml version="1.0" encoding="utf-8"?><testsuites name="pytest tests"><testsuite name="pytest" errors="0" failures="0" skipped="0" tests="9" time="4.490" timestamp="2026-03-19T02:30:07.922639+00:00" hostname="agent-env-d714e53c-cc04-4f20-8456-87f181b098d5"><testcase classname="tests.test_login_pending_invitation.TestHealthAndBasics" name="test_health_endpoint" time="0.169" /><testcase classname="tests.test_login_pending_invitation.TestAdminLogin" name="test_admin_login_valid_credentials" time="0.345" /><testcase classname="tests.test_login_pending_invitation.TestInvalidCredentials" name="test_login_invalid_password" time="0.328" /><testcase classname="tests.test_login_pending_invitation.TestInvalidCredentials" name="test_login_nonexistent_email_returns_invalid_credentials" time="0.136" /><testcase classname="tests.test_login_pending_invitation.TestPendingInvitationEmail" name="test_pending_invitation_email_returns_invitation_message" time="0.117" /><testcase classname="tests.test_login_pending_invitation.TestFailedLoginRecording" name="test_nonexistent_email_records_failed_login" time="1.124" /><testcase classname="tests.test_login_pending_invitation.TestFailedLoginRecording" name="test_pending_invitation_does_not_count_as_failed" time="1.122" /><testcase classname="tests.test_login_pending_invitation.TestLockoutBehavior" name="test_lockout_returns_429_with_retry_after" time="1.117" /><testcase classname="tests.test_login_pending_invitation.TestCodeVerification" name="test_verify_pending_invitation_check_exists" time="0.000" /></testsuite></testsuites>