<?xml version="1.0" encoding="utf-8"?><testsuites name="pytest tests"><testsuite name="pytest" errors="0" failures="0" skipped="1" tests="13" time="12.678" timestamp="2026-03-08T18:48:24.602404+00:00" hostname="agent-env-d193f8f5-65f9-4d56-8f28-d8bd0855372a"><testcase classname="tests.test_milestone_delivery_workflow.TestMilestoneDeliveryWorkflow" name="test_01_get_delivery_stats" time="2.526" /><testcase classname="tests.test_milestone_delivery_workflow.TestMilestoneDeliveryWorkflow" name="test_02_get_deliveries_list_pending" time="0.118" /><testcase classname="tests.test_milestone_delivery_workflow.TestMilestoneDeliveryWorkflow" name="test_03_get_deliveries_list_with_status_filter" time="0.371" /><testcase classname="tests.test_milestone_delivery_workflow.TestMilestoneDeliveryWorkflow" name="test_04_stats_requires_staff_role" time="0.114" /><testcase classname="tests.test_milestone_delivery_workflow.TestMilestoneDeliveryWorkflow" name="test_05_deliveries_list_requires_staff_role" time="0.115" /><testcase classname="tests.test_milestone_delivery_workflow.TestMilestoneDeliveryWorkflow" name="test_06_milestone_report_requires_beneficiary_role" time="0.111" /><testcase classname="tests.test_milestone_delivery_workflow.TestMilestoneDeliveryWorkflow" name="test_07_get_delivery_detail_not_found" time="0.132" /><testcase classname="tests.test_milestone_delivery_workflow.TestMilestoneDeliveryWorkflow" name="test_08_review_invalid_action" time="0.123" /><testcase classname="tests.test_milestone_delivery_workflow.TestMilestoneDeliveryWorkflow" name="test_09_review_not_found" time="0.118" /><testcase classname="tests.test_milestone_delivery_workflow.TestMilestoneDeliveryWorkflow" name="test_10_manager_can_access_stats" time="2.485" /><testcase classname="tests.test_milestone_delivery_workflow.TestMilestoneReportCreatesDeliveries" name="test_01_setup_test_message_for_milestone" time="2.465" /><testcase classname="tests.test_milestone_delivery_workflow.TestMilestoneReportCreatesDeliveries" name="test_02_verify_milestone_delivery_structure" time="1.479" /><testcase classname="tests.test_milestone_delivery_workflow.TestDeliveryDetailEndpoint" name="test_detail_returns_matched_message_and_estate_context" time="2.486"><skipped type="pytest.skip" message="No deliveries to test detail endpoint">/app/backend/tests/test_milestone_delivery_workflow.py:330: No deliveries to test detail endpoint</skipped></testcase></testsuite></testsuites>