<?xml version="1.0" encoding="utf-8"?><testsuites name="pytest tests"><testsuite name="pytest" errors="0" failures="0" skipped="2" tests="15" time="12.744" timestamp="2026-03-10T00:44:08.398659+00:00" hostname="agent-env-826b7dae-fcd8-4655-a633-4825e9afab1a"><testcase classname="tests.test_multi_role_estate_creation.TestMultiRoleEstateCreation" name="test_auth_me_returns_multi_role_fields" time="0.831" /><testcase classname="tests.test_multi_role_estate_creation.TestMultiRoleEstateCreation" name="test_auth_me_founder_account" time="0.820" /><testcase classname="tests.test_multi_role_estate_creation.TestMultiRoleEstateCreation" name="test_estates_returns_user_role_annotation" time="0.816" /><testcase classname="tests.test_multi_role_estate_creation.TestMultiRoleEstateCreation" name="test_estates_owned_have_owner_role" time="0.917" /><testcase classname="tests.test_multi_role_estate_creation.TestMultiRoleEstateCreation" name="test_create_estate_rejects_existing_estate_owner" time="0.792" /><testcase classname="tests.test_multi_role_estate_creation.TestMultiRoleEstateCreation" name="test_create_estate_endpoint_exists" time="0.883" /><testcase classname="tests.test_multi_role_estate_creation.TestMultiRoleEstateCreation" name="test_add_beneficiary_link_endpoint_exists" time="0.849" /><testcase classname="tests.test_multi_role_estate_creation.TestMultiRoleEstateCreation" name="test_add_beneficiary_link_rejects_nonexistent_benefactor" time="0.777" /><testcase classname="tests.test_multi_role_estate_creation.TestMultiRoleEstateCreation" name="test_become_benefactor_is_disabled" time="0.802" /><testcase classname="tests.test_multi_role_estate_creation.TestMultiRoleEstateCreation" name="test_check_benefactor_email_valid" time="2.433"><skipped type="pytest.skip" message="Rate limited - skipping test">/app/backend/tests/test_multi_role_estate_creation.py:260: Rate limited - skipping test</skipped></testcase><testcase classname="tests.test_multi_role_estate_creation.TestMultiRoleEstateCreation" name="test_check_benefactor_email_invalid" time="2.426"><skipped type="pytest.skip" message="Rate limited - skipping test">/app/backend/tests/test_multi_role_estate_creation.py:278: Rate limited - skipping test</skipped></testcase><testcase classname="tests.test_multi_role_estate_creation.TestLoginFlow" name="test_benefactor_login_via_auth_me" time="0.134" /><testcase classname="tests.test_multi_role_estate_creation.TestLoginFlow" name="test_founder_login_via_auth_me" time="0.124" /><testcase classname="tests.test_multi_role_estate_creation.TestHealthCheck" name="test_api_health" time="0.115" /><testcase classname="tests.test_multi_role_estate_creation.TestHealthCheck" name="test_base_url_valid" time="0.000" /></testsuite></testsuites>