<?xml version="1.0" encoding="utf-8"?><testsuites name="pytest tests"><testsuite name="pytest" errors="0" failures="0" skipped="0" tests="16" time="8.040" timestamp="2026-03-08T17:42:12.266149+00:00" hostname="agent-env-d193f8f5-65f9-4d56-8f28-d8bd0855372a"><testcase classname="tests.test_multi_tier_operators.TestAuthAndOperatorRole" name="test_auth_me_returns_operator_role" time="0.533" /><testcase classname="tests.test_multi_tier_operators.TestAuthAndOperatorRole" name="test_login_returns_user_response_with_operator_role" time="0.358" /><testcase classname="tests.test_multi_tier_operators.TestOperatorCRUD" name="test_list_operators_as_founder" time="0.494" /><testcase classname="tests.test_multi_tier_operators.TestOperatorCRUD" name="test_create_worker_as_founder" time="0.345" /><testcase classname="tests.test_multi_tier_operators.TestOperatorCRUD" name="test_create_manager_as_founder" time="0.381" /><testcase classname="tests.test_multi_tier_operators.TestOperatorCRUD" name="test_verify_operator_in_list" time="0.107" /><testcase classname="tests.test_multi_tier_operators.TestManagerAccessControl" name="test_manager_cannot_create_manager" time="1.134" /><testcase classname="tests.test_multi_tier_operators.TestManagerAccessControl" name="test_manager_can_create_worker" time="0.335" /><testcase classname="tests.test_multi_tier_operators.TestManagerAccessControl" name="test_manager_sees_only_workers" time="0.105" /><testcase classname="tests.test_multi_tier_operators.TestP1ContactSettings" name="test_p1_contact_settings_public" time="0.113" /><testcase classname="tests.test_multi_tier_operators.TestP1ContactSettings" name="test_p1_contact_settings_staff_access" time="0.606" /><testcase classname="tests.test_multi_tier_operators.TestP1ContactSettings" name="test_p1_contact_settings_update_founder_only" time="0.105" /><testcase classname="tests.test_multi_tier_operators.TestOperatorEditDelete" name="test_edit_operator" time="0.844" /><testcase classname="tests.test_multi_tier_operators.TestOperatorEditDelete" name="test_delete_operator_requires_password" time="0.547" /><testcase classname="tests.test_multi_tier_operators.TestSealedAccountLogin" name="test_sealed_response_structure" time="0.135" /><testcase classname="tests.test_multi_tier_operators.TestCleanup" name="test_cleanup_test_operators" time="1.855" /></testsuite></testsuites>