<?xml version="1.0" encoding="utf-8"?><testsuites name="pytest tests"><testsuite name="pytest" errors="0" failures="0" skipped="0" tests="15" time="4.983" timestamp="2026-03-10T16:28:16.148893+00:00" hostname="agent-env-bb3c3a7e-956b-401c-833b-5c18704eda6e"><testcase classname="tests.test_multi_role_welcome_tile.TestHealthEndpoint" name="test_health_returns_200" time="0.237" /><testcase classname="tests.test_multi_role_welcome_tile.TestHealthEndpoint" name="test_health_contains_build_hash" time="0.167" /><testcase classname="tests.test_multi_role_welcome_tile.TestLoginFlow" name="test_login_returns_token" time="0.356" /><testcase classname="tests.test_multi_role_welcome_tile.TestLoginFlow" name="test_login_returns_user_with_multi_role_flags" time="0.356" /><testcase classname="tests.test_multi_role_welcome_tile.TestLoginFlow" name="test_login_is_also_benefactor_true" time="0.372" /><testcase classname="tests.test_multi_role_welcome_tile.TestAuthMeEndpoint" name="test_auth_me_returns_200" time="0.476" /><testcase classname="tests.test_multi_role_welcome_tile.TestAuthMeEndpoint" name="test_auth_me_has_multi_role_fields" time="0.475" /><testcase classname="tests.test_multi_role_welcome_tile.TestAuthMeEndpoint" name="test_auth_me_is_also_benefactor_true" time="0.449" /><testcase classname="tests.test_multi_role_welcome_tile.TestDebugUserStateEndpoint" name="test_debug_user_state_returns_data" time="0.108" /><testcase classname="tests.test_multi_role_welcome_tile.TestDebugUserStateEndpoint" name="test_debug_user_state_has_build_hash" time="0.130" /><testcase classname="tests.test_multi_role_welcome_tile.TestDebugUserStateEndpoint" name="test_debug_user_state_has_multi_role_fields" time="0.205" /><testcase classname="tests.test_multi_role_welcome_tile.TestDebugUserStateEndpoint" name="test_debug_user_state_computed_benefactor_true" time="0.159" /><testcase classname="tests.test_multi_role_welcome_tile.TestBeneficiariesEndpoint" name="test_beneficiaries_endpoint_exists" time="0.473" /><testcase classname="tests.test_multi_role_welcome_tile.TestBeneficiariesEndpoint" name="test_beneficiaries_have_required_fields" time="0.464" /><testcase classname="tests.test_multi_role_welcome_tile.TestOnboardingProgress" name="test_onboarding_progress_endpoint" time="0.517" /></testsuite></testsuites>