<?xml version="1.0" encoding="utf-8"?><testsuites name="pytest tests"><testsuite name="pytest" errors="0" failures="0" skipped="0" tests="14" time="2.729" timestamp="2026-03-10T05:30:23.054513+00:00" hostname="agent-env-9db00cc7-0f6d-4c56-b427-2f3f77ea11c0"><testcase classname="tests.test_multi_role_benefactor_fix.TestMultiRoleBenefactorFix" name="test_admin_users_endpoint_exists" time="0.598" /><testcase classname="tests.test_multi_role_benefactor_fix.TestMultiRoleBenefactorFix" name="test_admin_users_returns_benefactors_with_linked_beneficiaries" time="0.146" /><testcase classname="tests.test_multi_role_benefactor_fix.TestMultiRoleBenefactorFix" name="test_admin_users_returns_multi_role_users_with_linked_beneficiaries" time="0.161" /><testcase classname="tests.test_multi_role_benefactor_fix.TestMultiRoleBenefactorFix" name="test_admin_users_subscription_field_present" time="0.149" /><testcase classname="tests.test_multi_role_benefactor_fix.TestMultiRoleBenefactorFix" name="test_admin_estate_health_endpoint_exists" time="0.119" /><testcase classname="tests.test_multi_role_benefactor_fix.TestMultiRoleBenefactorFix" name="test_admin_estate_health_includes_multi_role_owners" time="0.268" /><testcase classname="tests.test_multi_role_benefactor_fix.TestMultiRoleBenefactorFix" name="test_admin_estate_health_owner_has_is_also_benefactor_field" time="0.121" /><testcase classname="tests.test_multi_role_benefactor_fix.TestMultiRoleBenefactorFix" name="test_admin_delete_estate_endpoint_exists" time="0.332" /><testcase classname="tests.test_multi_role_benefactor_fix.TestMultiRoleBenefactorFix" name="test_admin_delete_estate_requires_password" time="0.104" /><testcase classname="tests.test_multi_role_benefactor_fix.TestMultiRoleBenefactorFix" name="test_admin_delete_estate_wrong_password" time="0.331" /><testcase classname="tests.test_multi_role_benefactor_fix.TestMultiRoleBenefactorFix" name="test_create_estate_endpoint_exists" time="0.113" /><testcase classname="tests.test_multi_role_benefactor_fix.TestMultiRoleBenefactorFix" name="test_admin_can_view_all_users_with_estate_info" time="0.147" /><testcase classname="tests.test_multi_role_benefactor_fix.TestHealthCheck" name="test_api_health" time="0.103" /><testcase classname="tests.test_multi_role_benefactor_fix.TestHealthCheck" name="test_base_url_valid" time="0.000" /></testsuite></testsuites>