<?xml version="1.0" encoding="utf-8"?><testsuites name="pytest tests"><testsuite name="pytest" errors="0" failures="0" skipped="0" tests="24" time="3.331" timestamp="2026-02-28T05:40:14.317747+00:00" hostname="agent-env-af989e90-a038-488c-9d0e-5488827aed0a"><testcase classname="tests.test_new_features.TestOnboardingWizard" name="test_onboarding_progress_requires_auth" time="0.251" /><testcase classname="tests.test_new_features.TestOnboardingWizard" name="test_onboarding_progress_returns_steps" time="0.454" /><testcase classname="tests.test_new_features.TestOnboardingWizard" name="test_onboarding_founder_has_some_progress" time="0.102" /><testcase classname="tests.test_new_features.TestOnboardingWizard" name="test_complete_step_requires_auth" time="0.095" /><testcase classname="tests.test_new_features.TestOnboardingWizard" name="test_complete_step_invalid_step" time="0.118" /><testcase classname="tests.test_new_features.TestOnboardingWizard" name="test_complete_step_review_readiness" time="0.101" /><testcase classname="tests.test_new_features.TestOnboardingWizard" name="test_dismiss_requires_auth" time="0.109" /><testcase classname="tests.test_new_features.TestOnboardingWizard" name="test_dismiss_onboarding" time="0.197" /><testcase classname="tests.test_new_features.TestQuickStartTemplates" name="test_scenarios_requires_auth" time="0.110" /><testcase classname="tests.test_new_features.TestQuickStartTemplates" name="test_get_scenario_templates" time="0.100" /><testcase classname="tests.test_new_features.TestQuickStartTemplates" name="test_template_item_counts" time="0.123" /><testcase classname="tests.test_new_features.TestQuickStartTemplates" name="test_apply_template_requires_auth" time="0.146" /><testcase classname="tests.test_new_features.TestQuickStartTemplates" name="test_apply_template_invalid_template" time="0.210" /><testcase classname="tests.test_new_features.TestQuickStartTemplates" name="test_apply_hospice_template" time="0.110" /><testcase classname="tests.test_new_features.TestQuickStartTemplates" name="test_apply_military_template" time="0.104" /><testcase classname="tests.test_new_features.TestEmergencyAccess" name="test_request_requires_auth" time="0.100" /><testcase classname="tests.test_new_features.TestEmergencyAccess" name="test_request_forbidden_for_non_beneficiary" time="0.114" /><testcase classname="tests.test_new_features.TestEmergencyAccess" name="test_my_requests_requires_auth" time="0.097" /><testcase classname="tests.test_new_features.TestEmergencyAccess" name="test_my_requests_returns_list" time="0.108" /><testcase classname="tests.test_new_features.TestEmergencyAccess" name="test_active_requires_auth" time="0.102" /><testcase classname="tests.test_new_features.TestEmergencyAccess" name="test_active_returns_list" time="0.109" /><testcase classname="tests.test_new_features.TestEmergencyAccess" name="test_admin_endpoint_requires_auth" time="0.113" /><testcase classname="tests.test_new_features.TestEmergencyAccess" name="test_admin_endpoint_requires_admin_role" time="0.106" /><testcase classname="tests.test_new_features.TestHealthCheck" name="test_health_endpoint" time="0.100" /></testsuite></testsuites>