<?xml version="1.0" encoding="utf-8"?><testsuites name="pytest tests"><testsuite name="pytest" errors="0" failures="0" skipped="17" tests="21" time="18.076" timestamp="2026-03-08T18:03:19.403367+00:00" hostname="agent-env-d193f8f5-65f9-4d56-8f28-d8bd0855372a"><testcase classname="tests.test_notification_ops_dashboard.TestNotificationEndpoints" name="test_get_notifications" time="2.145"><skipped type="pytest.skip" message="Founder login failed: 429 - {&quot;detail&quot;:&quot;Too many requests. Please wait before trying again.&quot;}">/app/backend/tests/test_notification_ops_dashboard.py:90: Founder login failed: 429 - {"detail":"Too many requests. Please wait before trying again."}</skipped></testcase><testcase classname="tests.test_notification_ops_dashboard.TestNotificationEndpoints" name="test_get_notifications_unread_only" time="0.000"><skipped type="pytest.skip" message="Founder login failed: 429 - {&quot;detail&quot;:&quot;Too many requests. Please wait before trying again.&quot;}">/app/backend/tests/test_notification_ops_dashboard.py:105: Founder login failed: 429 - {"detail":"Too many requests. Please wait before trying again."}</skipped></testcase><testcase classname="tests.test_notification_ops_dashboard.TestNotificationEndpoints" name="test_get_unread_count" time="0.000"><skipped type="pytest.skip" message="Founder login failed: 429 - {&quot;detail&quot;:&quot;Too many requests. Please wait before trying again.&quot;}">/app/backend/tests/test_notification_ops_dashboard.py:118: Founder login failed: 429 - {"detail":"Too many requests. Please wait before trying again."}</skipped></testcase><testcase classname="tests.test_notification_ops_dashboard.TestNotificationEndpoints" name="test_mark_notification_read" time="0.000"><skipped type="pytest.skip" message="Founder login failed: 429 - {&quot;detail&quot;:&quot;Too many requests. Please wait before trying again.&quot;}">/app/backend/tests/test_notification_ops_dashboard.py:130: Founder login failed: 429 - {"detail":"Too many requests. Please wait before trying again."}</skipped></testcase><testcase classname="tests.test_notification_ops_dashboard.TestNotificationEndpoints" name="test_mark_all_notifications_read" time="0.000"><skipped type="pytest.skip" message="Founder login failed: 429 - {&quot;detail&quot;:&quot;Too many requests. Please wait before trying again.&quot;}">/app/backend/tests/test_notification_ops_dashboard.py:152: Founder login failed: 429 - {"detail":"Too many requests. Please wait before trying again."}</skipped></testcase><testcase classname="tests.test_notification_ops_dashboard.TestNotificationEndpoints" name="test_mark_nonexistent_notification_read" time="0.000"><skipped type="pytest.skip" message="Founder login failed: 429 - {&quot;detail&quot;:&quot;Too many requests. Please wait before trying again.&quot;}">/app/backend/tests/test_notification_ops_dashboard.py:162: Founder login failed: 429 - {"detail":"Too many requests. Please wait before trying again."}</skipped></testcase><testcase classname="tests.test_notification_ops_dashboard.TestOpsDashboard" name="test_ops_dashboard_founder_access" time="0.000"><skipped type="pytest.skip" message="Founder login failed: 429 - {&quot;detail&quot;:&quot;Too many requests. Please wait before trying again.&quot;}">/app/backend/tests/test_notification_ops_dashboard.py:176: Founder login failed: 429 - {"detail":"Too many requests. Please wait before trying again."}</skipped></testcase><testcase classname="tests.test_notification_ops_dashboard.TestOpsDashboard" name="test_ops_dashboard_manager_access" time="2.108"><skipped type="pytest.skip" message="Manager login failed: 429 - {&quot;detail&quot;:&quot;Too many requests. Please wait before trying again.&quot;}">/app/backend/tests/test_notification_ops_dashboard.py:200: Manager login failed: 429 - {"detail":"Too many requests. Please wait before trying again."}</skipped></testcase><testcase classname="tests.test_notification_ops_dashboard.TestOpsDashboard" name="test_ops_dashboard_worker_denied" time="2.470" /><testcase classname="tests.test_notification_ops_dashboard.TestOpsDashboard" name="test_ops_dashboard_operator_profiles" time="0.000"><skipped type="pytest.skip" message="Founder login failed: 429 - {&quot;detail&quot;:&quot;Too many requests. Please wait before trying again.&quot;}">/app/backend/tests/test_notification_ops_dashboard.py:220: Founder login failed: 429 - {"detail":"Too many requests. Please wait before trying again."}</skipped></testcase><testcase classname="tests.test_notification_ops_dashboard.TestDTSTaskAssignment" name="test_assign_dts_task_founder" time="0.000"><skipped type="pytest.skip" message="Founder login failed: 429 - {&quot;detail&quot;:&quot;Too many requests. Please wait before trying again.&quot;}">/app/backend/tests/test_notification_ops_dashboard.py:244: Founder login failed: 429 - {"detail":"Too many requests. Please wait before trying again."}</skipped></testcase><testcase classname="tests.test_notification_ops_dashboard.TestDTSTaskAssignment" name="test_assign_dts_task_manager" time="0.000"><skipped type="pytest.skip" message="Manager login failed: 429 - {&quot;detail&quot;:&quot;Too many requests. Please wait before trying again.&quot;}">/app/backend/tests/test_notification_ops_dashboard.py:282: Manager login failed: 429 - {"detail":"Too many requests. Please wait before trying again."}</skipped></testcase><testcase classname="tests.test_notification_ops_dashboard.TestDTSTaskAssignment" name="test_assign_dts_task_worker_denied" time="0.000"><skipped type="pytest.skip" message="Founder login failed: 429 - {&quot;detail&quot;:&quot;Too many requests. Please wait before trying again.&quot;}">/app/backend/tests/test_notification_ops_dashboard.py:320: Founder login failed: 429 - {"detail":"Too many requests. Please wait before trying again."}</skipped></testcase><testcase classname="tests.test_notification_ops_dashboard.TestDTSTaskAssignment" name="test_assign_to_nonexistent_operator" time="0.000"><skipped type="pytest.skip" message="Founder login failed: 429 - {&quot;detail&quot;:&quot;Too many requests. Please wait before trying again.&quot;}">/app/backend/tests/test_notification_ops_dashboard.py:353: Founder login failed: 429 - {"detail":"Too many requests. Please wait before trying again."}</skipped></testcase><testcase classname="tests.test_notification_ops_dashboard.TestNotificationTriggers" name="test_dts_task_creation_notifies_staff" time="2.126"><skipped type="pytest.skip" message="Benefactor login failed: 429 - {&quot;detail&quot;:&quot;Too many requests. Please wait before trying again.&quot;}">/app/backend/tests/test_notification_ops_dashboard.py:383: Benefactor login failed: 429 - {"detail":"Too many requests. Please wait before trying again."}</skipped></testcase><testcase classname="tests.test_notification_ops_dashboard.TestNotificationTriggers" name="test_support_message_triggers_notification" time="0.000"><skipped type="pytest.skip" message="Benefactor login failed: 429 - {&quot;detail&quot;:&quot;Too many requests. Please wait before trying again.&quot;}">/app/backend/tests/test_notification_ops_dashboard.py:432: Benefactor login failed: 429 - {"detail":"Too many requests. Please wait before trying again."}</skipped></testcase><testcase classname="tests.test_notification_ops_dashboard.TestOperatorNotificationsToFounder" name="test_manager_creates_worker_notifies_founder" time="0.000"><skipped type="pytest.skip" message="Manager login failed: 429 - {&quot;detail&quot;:&quot;Too many requests. Please wait before trying again.&quot;}">/app/backend/tests/test_notification_ops_dashboard.py:469: Manager login failed: 429 - {"detail":"Too many requests. Please wait before trying again."}</skipped></testcase><testcase classname="tests.test_notification_ops_dashboard.TestAuthVerification" name="test_founder_login" time="2.343" /><testcase classname="tests.test_notification_ops_dashboard.TestAuthVerification" name="test_manager_login" time="2.371" /><testcase classname="tests.test_notification_ops_dashboard.TestAuthVerification" name="test_worker_login" time="2.384" /><testcase classname="tests.test_notification_ops_dashboard.TestAuthVerification" name="test_benefactor_login" time="2.103"><skipped type="pytest.skip" message="Benefactor account not available: 429">/app/backend/tests/test_notification_ops_dashboard.py:573: Benefactor account not available: 429</skipped></testcase></testsuite></testsuites>