<?xml version="1.0" encoding="utf-8"?><testsuites name="pytest tests"><testsuite name="pytest" errors="0" failures="0" skipped="0" tests="4" time="0.940" timestamp="2026-03-06T04:14:10.166316+00:00" hostname="agent-env-fe0cd4cd-43b9-4d95-8ca4-8684c012de81"><testcase classname="tests.test_onboarding_steps.TestOnboardingProgress" name="test_onboarding_returns_6_steps" time="0.534" /><testcase classname="tests.test_onboarding_steps.TestOnboardingProgress" name="test_onboarding_step_keys_correct" time="0.142" /><testcase classname="tests.test_onboarding_steps.TestOnboardingProgress" name="test_onboarding_add_credential_step_present" time="0.110" /><testcase classname="tests.test_onboarding_steps.TestOnboardingProgress" name="test_onboarding_response_structure" time="0.136" /></testsuite></testsuites>