<?xml version="1.0" encoding="utf-8"?><testsuites name="pytest tests"><testsuite name="pytest" errors="0" failures="0" skipped="0" tests="11" time="1.147" timestamp="2026-03-23T17:05:12.883971+00:00" hostname="agent-env-a4e706be-2474-469e-87a4-9cd5846b9f91"><testcase classname="tests.test_onboarding_restructure.TestOnboardingProgressEndpoint" name="test_onboarding_progress_requires_auth" time="0.201" /><testcase classname="tests.test_onboarding_restructure.TestOnboardingStepsConfiguration" name="test_onboarding_steps_order_in_code" time="0.686" /><testcase classname="tests.test_onboarding_restructure.TestOnboardingStepsConfiguration" name="test_add_beneficiary_is_first_step" time="0.000" /><testcase classname="tests.test_onboarding_restructure.TestOnboardingStepsConfiguration" name="test_designate_primary_is_optional" time="0.000" /><testcase classname="tests.test_onboarding_restructure.TestOnboardingStepsConfiguration" name="test_add_credential_is_optional" time="0.000" /><testcase classname="tests.test_onboarding_restructure.TestCompleteStepEndpoint" name="test_complete_step_requires_auth" time="0.115" /><testcase classname="tests.test_onboarding_restructure.TestCompleteStepEndpoint" name="test_complete_step_invalid_key_returns_400" time="0.124" /><testcase classname="tests.test_onboarding_restructure.TestOnboardingWizardConfig" name="test_step_config_has_add_beneficiary" time="0.000" /><testcase classname="tests.test_onboarding_restructure.TestOnboardingWizardConfig" name="test_step_config_has_all_steps" time="0.000" /><testcase classname="tests.test_onboarding_restructure.TestOnboardingWizardConfig" name="test_optional_label_rendering" time="0.000" /><testcase classname="tests.test_onboarding_restructure.TestDashboardGuidedOverlay" name="test_step_labels_has_optional_flag" time="0.000" /></testsuite></testsuites>