<?xml version="1.0" encoding="utf-8"?><testsuites name="pytest tests"><testsuite name="pytest" errors="0" failures="0" skipped="12" tests="13" time="0.374" timestamp="2026-03-06T01:16:33.960214+00:00" hostname="agent-env-05416771-a7ba-497a-ad54-05b522b35948"><testcase classname="tests.test_onboarding_activation.TestHealthCheck" name="test_health_endpoint" time="0.145" /><testcase classname="tests.test_onboarding_activation.TestOnboardingProgress" name="test_onboarding_returns_exactly_5_steps" time="0.134"><skipped type="pytest.skip" message="Login failed: 429 - {&quot;detail&quot;:&quot;Too many requests. Please wait before trying again.&quot;}">/app/backend/tests/test_onboarding_activation.py:100: Login failed: 429 - {"detail":"Too many requests. Please wait before trying again."}</skipped></testcase><testcase classname="tests.test_onboarding_activation.TestOnboardingProgress" name="test_onboarding_steps_correct_keys" time="0.000"><skipped type="pytest.skip" message="Login failed: 429 - {&quot;detail&quot;:&quot;Too many requests. Please wait before trying again.&quot;}">/app/backend/tests/test_onboarding_activation.py:111: Login failed: 429 - {"detail":"Too many requests. Please wait before trying again."}</skipped></testcase><testcase classname="tests.test_onboarding_activation.TestOnboardingProgress" name="test_onboarding_has_progress_fields" time="0.000"><skipped type="pytest.skip" message="Login failed: 429 - {&quot;detail&quot;:&quot;Too many requests. Please wait before trying again.&quot;}">/app/backend/tests/test_onboarding_activation.py:134: Login failed: 429 - {"detail":"Too many requests. Please wait before trying again."}</skipped></testcase><testcase classname="tests.test_onboarding_activation.TestOnboardingCompleteStep" name="test_complete_review_readiness_step" time="0.000"><skipped type="pytest.skip" message="Login failed: 429 - {&quot;detail&quot;:&quot;Too many requests. Please wait before trying again.&quot;}">/app/backend/tests/test_onboarding_activation.py:149: Login failed: 429 - {"detail":"Too many requests. Please wait before trying again."}</skipped></testcase><testcase classname="tests.test_onboarding_activation.TestOnboardingCompleteStep" name="test_complete_invalid_step_fails" time="0.000"><skipped type="pytest.skip" message="Login failed: 429 - {&quot;detail&quot;:&quot;Too many requests. Please wait before trying again.&quot;}">/app/backend/tests/test_onboarding_activation.py:162: Login failed: 429 - {"detail":"Too many requests. Please wait before trying again."}</skipped></testcase><testcase classname="tests.test_onboarding_activation.TestChecklistDefaultItems" name="test_checklist_returns_items" time="0.001"><skipped type="pytest.skip" message="Login failed: 429 - {&quot;detail&quot;:&quot;Too many requests. Please wait before trying again.&quot;}">/app/backend/tests/test_onboarding_activation.py:177: Login failed: 429 - {"detail":"Too many requests. Please wait before trying again."}</skipped></testcase><testcase classname="tests.test_onboarding_activation.TestChecklistDefaultItems" name="test_default_items_have_immediate_category" time="0.000"><skipped type="pytest.skip" message="Login failed: 429 - {&quot;detail&quot;:&quot;Too many requests. Please wait before trying again.&quot;}">/app/backend/tests/test_onboarding_activation.py:185: Login failed: 429 - {"detail":"Too many requests. Please wait before trying again."}</skipped></testcase><testcase classname="tests.test_onboarding_activation.TestChecklistDefaultItems" name="test_default_items_count" time="0.000"><skipped type="pytest.skip" message="Login failed: 429 - {&quot;detail&quot;:&quot;Too many requests. Please wait before trying again.&quot;}">/app/backend/tests/test_onboarding_activation.py:199: Login failed: 429 - {"detail":"Too many requests. Please wait before trying again."}</skipped></testcase><testcase classname="tests.test_onboarding_activation.TestEstatesEndpoint" name="test_get_estates" time="0.000"><skipped type="pytest.skip" message="Login failed: 429 - {&quot;detail&quot;:&quot;Too many requests. Please wait before trying again.&quot;}">/app/backend/tests/test_onboarding_activation.py:216: Login failed: 429 - {"detail":"Too many requests. Please wait before trying again."}</skipped></testcase><testcase classname="tests.test_onboarding_activation.TestBeneficiariesEndpoint" name="test_get_beneficiaries" time="0.000"><skipped type="pytest.skip" message="Login failed: 429 - {&quot;detail&quot;:&quot;Too many requests. Please wait before trying again.&quot;}">/app/backend/tests/test_onboarding_activation.py:229: Login failed: 429 - {"detail":"Too many requests. Please wait before trying again."}</skipped></testcase><testcase classname="tests.test_onboarding_activation.TestMessagesEndpoint" name="test_get_messages" time="0.000"><skipped type="pytest.skip" message="Login failed: 429 - {&quot;detail&quot;:&quot;Too many requests. Please wait before trying again.&quot;}">/app/backend/tests/test_onboarding_activation.py:241: Login failed: 429 - {"detail":"Too many requests. Please wait before trying again."}</skipped></testcase><testcase classname="tests.test_onboarding_activation.TestGuardianEndpoint" name="test_get_readiness" time="0.000"><skipped type="pytest.skip" message="Login failed: 429 - {&quot;detail&quot;:&quot;Too many requests. Please wait before trying again.&quot;}">/app/backend/tests/test_onboarding_activation.py:253: Login failed: 429 - {"detail":"Too many requests. Please wait before trying again."}</skipped></testcase></testsuite></testsuites>