<?xml version="1.0" encoding="utf-8"?><testsuites name="pytest tests"><testsuite name="pytest" errors="0" failures="0" skipped="0" tests="13" time="7.357" timestamp="2026-03-11T20:23:15.012889+00:00" hostname="agent-env-f727858f-730b-47cc-bff4-e75edc96f278"><testcase classname="tests.test_ops_dashboard_enhancements.TestDashboardEventsAPI" name="test_dashboard_events_returns_all_event_types" time="0.526" /><testcase classname="tests.test_ops_dashboard_enhancements.TestDashboardEventsAPI" name="test_dashboard_events_has_recent_activity" time="0.472" /><testcase classname="tests.test_ops_dashboard_enhancements.TestDashboardEventsAPI" name="test_dashboard_events_has_timestamp" time="0.469" /><testcase classname="tests.test_ops_dashboard_enhancements.TestTeamTasksAPI" name="test_team_tasks_returns_team_data" time="0.439" /><testcase classname="tests.test_ops_dashboard_enhancements.TestTeamTasksAPI" name="test_team_tasks_operator_structure" time="0.435" /><testcase classname="tests.test_ops_dashboard_enhancements.TestAdminStatsNewFields" name="test_admin_stats_has_new_fields" time="0.429" /><testcase classname="tests.test_ops_dashboard_enhancements.TestAdminStatsNewFields" name="test_admin_stats_existing_fields_still_present" time="0.473" /><testcase classname="tests.test_ops_dashboard_enhancements.TestOpsDashboardAPI" name="test_ops_dashboard_returns_data" time="0.449" /><testcase classname="tests.test_ops_dashboard_enhancements.TestOperatorDeletePermissions" name="test_founder_can_list_operators" time="0.487" /><testcase classname="tests.test_ops_dashboard_enhancements.TestOperatorDeletePermissions" name="test_delete_requires_password" time="0.460" /><testcase classname="tests.test_ops_dashboard_enhancements.TestOperatorDeletePermissions" name="test_delete_with_wrong_password_fails" time="0.753" /><testcase classname="tests.test_ops_dashboard_enhancements.TestOperatorCRUD" name="test_create_worker_operator" time="1.009" /><testcase classname="tests.test_ops_dashboard_enhancements.TestOperatorCRUD" name="test_create_manager_operator" time="0.913" /></testsuite></testsuites>