<?xml version="1.0" encoding="utf-8"?><testsuites name="pytest tests"><testsuite name="pytest" errors="0" failures="3" skipped="0" tests="29" time="1.729" timestamp="2026-03-14T06:14:36.902761+00:00" hostname="agent-env-82f2db38-a975-4412-8a6f-ea2a60f1f3f8"><testcase classname="tests.test_orbit_visualization_iteration110.TestRingHierarchyMapping" name="test_spouse_is_ring_0" time="0.000" /><testcase classname="tests.test_orbit_visualization_iteration110.TestRingHierarchyMapping" name="test_mother_is_ring_0" time="0.000" /><testcase classname="tests.test_orbit_visualization_iteration110.TestRingHierarchyMapping" name="test_father_is_ring_0" time="0.000" /><testcase classname="tests.test_orbit_visualization_iteration110.TestRingHierarchyMapping" name="test_son_is_ring_1" time="0.000" /><testcase classname="tests.test_orbit_visualization_iteration110.TestRingHierarchyMapping" name="test_daughter_is_ring_1" time="0.000" /><testcase classname="tests.test_orbit_visualization_iteration110.TestRingHierarchyMapping" name="test_brother_is_ring_1" time="0.000" /><testcase classname="tests.test_orbit_visualization_iteration110.TestRingHierarchyMapping" name="test_sister_is_ring_1" time="0.000" /><testcase classname="tests.test_orbit_visualization_iteration110.TestRingHierarchyMapping" name="test_grandmother_is_ring_1" time="0.000" /><testcase classname="tests.test_orbit_visualization_iteration110.TestRingHierarchyMapping" name="test_grandfather_is_ring_1" time="0.000" /><testcase classname="tests.test_orbit_visualization_iteration110.TestRingHierarchyMapping" name="test_friend_is_ring_1" time="0.000" /><testcase classname="tests.test_orbit_visualization_iteration110.TestRingHierarchyMapping" name="test_other_is_ring_1" time="0.000" /><testcase classname="tests.test_orbit_visualization_iteration110.TestRingHierarchyMapping" name="test_grandson_is_ring_2" time="0.000" /><testcase classname="tests.test_orbit_visualization_iteration110.TestRingHierarchyMapping" name="test_granddaughter_is_ring_2" time="0.000" /><testcase classname="tests.test_orbit_visualization_iteration110.TestRingHierarchyMapping" name="test_nephew_is_ring_2" time="0.000" /><testcase classname="tests.test_orbit_visualization_iteration110.TestRingHierarchyMapping" name="test_niece_is_ring_2" time="0.000" /><testcase classname="tests.test_orbit_visualization_iteration110.TestRingHierarchyMapping" name="test_uncle_is_ring_2" time="0.000" /><testcase classname="tests.test_orbit_visualization_iteration110.TestRingHierarchyMapping" name="test_aunt_is_ring_2" time="0.000" /><testcase classname="tests.test_orbit_visualization_iteration110.TestRingHierarchyMapping" name="test_son_in_law_is_ring_2" time="0.000" /><testcase classname="tests.test_orbit_visualization_iteration110.TestRingHierarchyMapping" name="test_daughter_in_law_is_ring_2" time="0.000" /><testcase classname="tests.test_orbit_visualization_iteration110.TestRingHierarchyMapping" name="test_mother_in_law_is_ring_2" time="0.000" /><testcase classname="tests.test_orbit_visualization_iteration110.TestRingHierarchyMapping" name="test_father_in_law_is_ring_2" time="0.000" /><testcase classname="tests.test_orbit_visualization_iteration110.TestRingHierarchyMapping" name="test_great_grandson_is_ring_3" time="0.000" /><testcase classname="tests.test_orbit_visualization_iteration110.TestRingHierarchyMapping" name="test_great_granddaughter_is_ring_3" time="0.000" /><testcase classname="tests.test_orbit_visualization_iteration110.TestRingHierarchyMapping" name="test_great_grandmother_is_ring_1" time="0.000" /><testcase classname="tests.test_orbit_visualization_iteration110.TestRingHierarchyMapping" name="test_great_grandfather_is_ring_1" time="0.000" /><testcase classname="tests.test_orbit_visualization_iteration110.TestBeneficiaryAPIs" name="test_health_check" time="0.465" /><testcase classname="tests.test_orbit_visualization_iteration110.TestBeneficiaryAPIs" name="test_estates_endpoint" time="0.406"><failure message="assert 401 == 200&#10; +  where 401 = &lt;Response [401]&gt;.status_code">tests/test_orbit_visualization_iteration110.py:204: in test_estates_endpoint
    assert response.status_code == 200
E   assert 401 == 200
E    +  where 401 = &lt;Response [401]&gt;.status_code</failure></testcase><testcase classname="tests.test_orbit_visualization_iteration110.TestBeneficiaryAPIs" name="test_beneficiary_family_connections" time="0.391"><failure message="assert 401 in [200, 404]&#10; +  where 401 = &lt;Response [401]&gt;.status_code">tests/test_orbit_visualization_iteration110.py:212: in test_beneficiary_family_connections
    assert response.status_code in [200, 404]
E   assert 401 in [200, 404]
E    +  where 401 = &lt;Response [401]&gt;.status_code</failure></testcase><testcase classname="tests.test_orbit_visualization_iteration110.TestBeneficiaryAPIs" name="test_auth_me_endpoint" time="0.385"><failure message="assert 401 == 200&#10; +  where 401 = &lt;Response [401]&gt;.status_code">tests/test_orbit_visualization_iteration110.py:219: in test_auth_me_endpoint
    assert response.status_code == 200
E   assert 401 == 200
E    +  where 401 = &lt;Response [401]&gt;.status_code</failure></testcase></testsuite></testsuites>