<?xml version="1.0" encoding="utf-8"?><testsuites name="pytest tests"><testsuite name="pytest" errors="0" failures="4" skipped="0" tests="15" time="2.388" timestamp="2026-02-28T17:41:30.474105+00:00" hostname="agent-env-1f47bf55-ca59-4071-930f-7279c1d605d2"><testcase classname="tests.test_otp_email_system.TestLoginEndpoint" name="test_login_with_valid_credentials_returns_otp_required_or_token" time="0.411" /><testcase classname="tests.test_otp_email_system.TestLoginEndpoint" name="test_login_with_invalid_credentials_returns_401" time="0.146" /><testcase classname="tests.test_otp_email_system.TestLoginEndpoint" name="test_login_without_email_returns_validation_error" time="0.119" /><testcase classname="tests.test_otp_email_system.TestLoginEndpoint" name="test_login_without_password_returns_validation_error" time="0.105" /><testcase classname="tests.test_otp_email_system.TestResendOTPEndpoint" name="test_resend_otp_with_valid_email_returns_success" time="0.385" /><testcase classname="tests.test_otp_email_system.TestResendOTPEndpoint" name="test_resend_otp_with_nonexistent_email_returns_generic_message" time="0.125" /><testcase classname="tests.test_otp_email_system.TestResendOTPEndpoint" name="test_resend_otp_without_email_returns_validation_error" time="0.101" /><testcase classname="tests.test_otp_email_system.TestVerifyOTPEndpoint" name="test_verify_otp_with_invalid_otp_returns_401" time="0.150" /><testcase classname="tests.test_otp_email_system.TestVerifyOTPEndpoint" name="test_verify_otp_with_trust_today_parameter" time="0.128" /><testcase classname="tests.test_otp_email_system.TestVerifyOTPEndpoint" name="test_verify_otp_without_email_returns_validation_error" time="0.109" /><testcase classname="tests.test_otp_email_system.TestVerifyOTPEndpoint" name="test_verify_otp_without_otp_returns_validation_error" time="0.099"><failure message="assert 429 == 422&#10; +  where 429 = &lt;Response [429]&gt;.status_code">tests/test_otp_email_system.py:153: in test_verify_otp_without_otp_returns_validation_error
    assert response.status_code == 422
E   assert 429 == 422
E    +  where 429 = &lt;Response [429]&gt;.status_code</failure></testcase><testcase classname="tests.test_otp_email_system.TestRateLimiting" name="test_resend_otp_rate_limited_at_10_requests_per_minute" time="0.108" /><testcase classname="tests.test_otp_email_system.TestOTPWorkflow" name="test_login_triggers_otp_then_resend_works" time="0.114"><failure message="assert 429 == 200&#10; +  where 429 = &lt;Response [429]&gt;.status_code">tests/test_otp_email_system.py:195: in test_login_triggers_otp_then_resend_works
    assert login_response.status_code == 200
E   assert 429 == 200
E    +  where 429 = &lt;Response [429]&gt;.status_code</failure></testcase><testcase classname="tests.test_otp_email_system.TestTrustDeviceFeature" name="test_verify_otp_endpoint_accepts_trust_today_boolean" time="0.122"><failure message="assert 429 == 401&#10; +  where 429 = &lt;Response [429]&gt;.status_code">tests/test_otp_email_system.py:240: in test_verify_otp_endpoint_accepts_trust_today_boolean
    assert response_true.status_code == 401  # Invalid OTP, but request accepted
    ^^^^^^^^^^^^^^^^^^^^^^^^^^^^^^^^^^^^^^^
E   assert 429 == 401
E    +  where 429 = &lt;Response [429]&gt;.status_code</failure></testcase><testcase classname="tests.test_otp_email_system.TestTrustDeviceFeature" name="test_verify_otp_defaults_trust_today_to_false" time="0.101"><failure message="assert 429 == 401&#10; +  where 429 = &lt;Response [429]&gt;.status_code">tests/test_otp_email_system.py:260: in test_verify_otp_defaults_trust_today_to_false
    assert response.status_code == 401  # Invalid OTP, but request accepted
    ^^^^^^^^^^^^^^^^^^^^^^^^^^^^^^^^^^
E   assert 429 == 401
E    +  where 429 = &lt;Response [429]&gt;.status_code</failure></testcase></testsuite></testsuites>