<?xml version="1.0" encoding="utf-8"?><testsuites name="pytest tests"><testsuite name="pytest" errors="6" failures="0" skipped="0" tests="13" time="6.351" timestamp="2026-03-12T22:09:46.186771+00:00" hostname="agent-env-7af9387b-8b44-4d54-9c05-54d78489a3c5"><testcase classname="tests.test_p0_bugs_iteration_104.TestBug1AccountLockout" name="test_create_beneficiary_with_existing_email_has_pending_status" time="1.906" /><testcase classname="tests.test_p0_bugs_iteration_104.TestBug1AccountLockout" name="test_existing_user_not_added_to_estate_beneficiaries_array" time="0.002" /><testcase classname="tests.test_p0_bugs_iteration_104.TestBug1AccountLockout" name="test_existing_user_can_still_login_with_original_password" time="0.284" /><testcase classname="tests.test_p0_bugs_iteration_104.TestBug1AccountLockout" name="test_benefactor_can_send_invitation_for_pending_beneficiary" time="0.437" /><testcase classname="tests.test_p0_bugs_iteration_104.TestBug1EmailCaseSensitivity" name="test_email_case_insensitive_lookup" time="1.736" /><testcase classname="tests.test_p0_bugs_iteration_104.TestBug1InvitationAccept" name="test_accept_invitation_for_prelinked_beneficiary" time="1.682" /><testcase classname="tests.test_p0_bugs_iteration_104.TestBug2PhotoInOrbit" name="test_upload_photo_to_beneficiary_record" time="0.059"><error message="failed on setup with &quot;assert (429 == 200 or 'already registered' in '{&quot;detail&quot;:&quot;Too many requests. Please wait before trying again.&quot;}')&#10; +  where 429 = &lt;Response [429]&gt;.status_code&#10; +  and   '{&quot;detail&quot;:&quot;Too many requests. Please wait before trying again.&quot;}' = &lt;Response [429]&gt;.text&quot;">backend/tests/test_p0_bugs_iteration_104.py:505: in photo_test_data
    assert reg_a.status_code == 200 or "already registered" in reg_a.text
E   assert (429 == 200 or 'already registered' in '{"detail":"Too many requests. Please wait before trying again."}')
E    +  where 429 = &lt;Response [429]&gt;.status_code
E    +  and   '{"detail":"Too many requests. Please wait before trying again."}' = &lt;Response [429]&gt;.text</error></testcase><testcase classname="tests.test_p0_bugs_iteration_104.TestBug2PhotoInOrbit" name="test_b_creates_own_estate" time="0.000"><error message="failed on setup with &quot;assert (429 == 200 or 'already registered' in '{&quot;detail&quot;:&quot;Too many requests. Please wait before trying again.&quot;}')&#10; +  where 429 = &lt;Response [429]&gt;.status_code&#10; +  and   '{&quot;detail&quot;:&quot;Too many requests. Please wait before trying again.&quot;}' = &lt;Response [429]&gt;.text&quot;">backend/tests/test_p0_bugs_iteration_104.py:505: in photo_test_data
    assert reg_a.status_code == 200 or "already registered" in reg_a.text
E   assert (429 == 200 or 'already registered' in '{"detail":"Too many requests. Please wait before trying again."}')
E    +  where 429 = &lt;Response [429]&gt;.status_code
E    +  and   '{"detail":"Too many requests. Please wait before trying again."}' = &lt;Response [429]&gt;.text</error></testcase><testcase classname="tests.test_p0_bugs_iteration_104.TestBug2PhotoInOrbit" name="test_b_adds_a_as_beneficiary" time="0.000"><error message="failed on setup with &quot;assert (429 == 200 or 'already registered' in '{&quot;detail&quot;:&quot;Too many requests. Please wait before trying again.&quot;}')&#10; +  where 429 = &lt;Response [429]&gt;.status_code&#10; +  and   '{&quot;detail&quot;:&quot;Too many requests. Please wait before trying again.&quot;}' = &lt;Response [429]&gt;.text&quot;">backend/tests/test_p0_bugs_iteration_104.py:505: in photo_test_data
    assert reg_a.status_code == 200 or "already registered" in reg_a.text
E   assert (429 == 200 or 'already registered' in '{"detail":"Too many requests. Please wait before trying again."}')
E    +  where 429 = &lt;Response [429]&gt;.status_code
E    +  and   '{"detail":"Too many requests. Please wait before trying again."}' = &lt;Response [429]&gt;.text</error></testcase><testcase classname="tests.test_p0_bugs_iteration_104.TestBug2PhotoInOrbit" name="test_family_connections_photo_fallback" time="0.000"><error message="failed on setup with &quot;assert (429 == 200 or 'already registered' in '{&quot;detail&quot;:&quot;Too many requests. Please wait before trying again.&quot;}')&#10; +  where 429 = &lt;Response [429]&gt;.status_code&#10; +  and   '{&quot;detail&quot;:&quot;Too many requests. Please wait before trying again.&quot;}' = &lt;Response [429]&gt;.text&quot;">backend/tests/test_p0_bugs_iteration_104.py:505: in photo_test_data
    assert reg_a.status_code == 200 or "already registered" in reg_a.text
E   assert (429 == 200 or 'already registered' in '{"detail":"Too many requests. Please wait before trying again."}')
E    +  where 429 = &lt;Response [429]&gt;.status_code
E    +  and   '{"detail":"Too many requests. Please wait before trying again."}' = &lt;Response [429]&gt;.text</error></testcase><testcase classname="tests.test_p0_bugs_iteration_104.TestBug2PhotoInOrbit" name="test_get_estates_owner_photo_fallback" time="0.000"><error message="failed on setup with &quot;assert (429 == 200 or 'already registered' in '{&quot;detail&quot;:&quot;Too many requests. Please wait before trying again.&quot;}')&#10; +  where 429 = &lt;Response [429]&gt;.status_code&#10; +  and   '{&quot;detail&quot;:&quot;Too many requests. Please wait before trying again.&quot;}' = &lt;Response [429]&gt;.text&quot;">backend/tests/test_p0_bugs_iteration_104.py:505: in photo_test_data
    assert reg_a.status_code == 200 or "already registered" in reg_a.text
E   assert (429 == 200 or 'already registered' in '{"detail":"Too many requests. Please wait before trying again."}')
E    +  where 429 = &lt;Response [429]&gt;.status_code
E    +  and   '{"detail":"Too many requests. Please wait before trying again."}' = &lt;Response [429]&gt;.text</error></testcase><testcase classname="tests.test_p0_bugs_iteration_104.TestBug2PhotoInOrbit" name="test_get_beneficiaries_photo_fallback_from_linked_user" time="0.000"><error message="failed on setup with &quot;assert (429 == 200 or 'already registered' in '{&quot;detail&quot;:&quot;Too many requests. Please wait before trying again.&quot;}')&#10; +  where 429 = &lt;Response [429]&gt;.status_code&#10; +  and   '{&quot;detail&quot;:&quot;Too many requests. Please wait before trying again.&quot;}' = &lt;Response [429]&gt;.text&quot;">backend/tests/test_p0_bugs_iteration_104.py:505: in photo_test_data
    assert reg_a.status_code == 200 or "already registered" in reg_a.text
E   assert (429 == 200 or 'already registered' in '{"detail":"Too many requests. Please wait before trying again."}')
E    +  where 429 = &lt;Response [429]&gt;.status_code
E    +  and   '{"detail":"Too many requests. Please wait before trying again."}' = &lt;Response [429]&gt;.text</error></testcase><testcase classname="tests.test_p0_bugs_iteration_104.TestHealthCheck" name="test_health_endpoint" time="0.050" /></testsuite></testsuites>