<?xml version="1.0" encoding="utf-8"?><testsuites name="pytest tests"><testsuite name="pytest" errors="0" failures="0" skipped="0" tests="7" time="0.912" timestamp="2026-03-08T09:50:09.316673+00:00" hostname="agent-env-512f8fa4-9c2a-4fc9-9f03-b3580f4f2d87"><testcase classname="tests.test_p0_features.TestErrorReporter" name="test_error_report_basic" time="0.249" /><testcase classname="tests.test_p0_features.TestErrorReporter" name="test_error_report_with_all_fields" time="0.118" /><testcase classname="tests.test_p0_features.TestErrorReporter" name="test_error_report_fatal_severity" time="0.112" /><testcase classname="tests.test_p0_features.TestErrorReporter" name="test_error_report_minimal" time="0.105" /><testcase classname="tests.test_p0_features.TestHealthEndpoint" name="test_health_endpoint_returns_version" time="0.101" /><testcase classname="tests.test_p0_features.TestHealthEndpoint" name="test_health_endpoint_db_connected" time="0.100" /><testcase classname="tests.test_p0_features.TestLoginEndpoint" name="test_login_endpoint_exists" time="0.105" /></testsuite></testsuites>