<?xml version="1.0" encoding="utf-8"?><testsuites name="pytest tests"><testsuite name="pytest" errors="0" failures="0" skipped="0" tests="8" time="3.195" timestamp="2026-02-27T03:44:21.514360+00:00" hostname="agent-env-953bc096-653f-4faf-9bf7-9d998a4ede84"><testcase classname="backend.tests.test_p0_p1_bugs.TestP0InvitationLinkFix" name="test_invitation_endpoint_returns_valid_data" time="0.248" /><testcase classname="backend.tests.test_p0_p1_bugs.TestP0InvitationLinkFix" name="test_invalid_token_returns_404" time="0.134" /><testcase classname="backend.tests.test_p0_p1_bugs.TestAuthenticationFlow" name="test_dev_login_works" time="0.355" /><testcase classname="backend.tests.test_p0_p1_bugs.TestBeneficiariesAPI" name="test_get_estates" time="0.441" /><testcase classname="backend.tests.test_p0_p1_bugs.TestBeneficiariesAPI" name="test_get_beneficiaries" time="0.749" /><testcase classname="backend.tests.test_p0_p1_bugs.TestBeneficiariesAPI" name="test_send_invitation_resend" time="0.973" /><testcase classname="backend.tests.test_p0_p1_bugs.TestAcceptInvitationValidation" name="test_accept_requires_password" time="0.112" /><testcase classname="backend.tests.test_p0_p1_bugs.TestAcceptInvitationValidation" name="test_accept_invalid_token" time="0.119" /></testsuite></testsuites>