<?xml version="1.0" encoding="utf-8"?><testsuites name="pytest tests"><testsuite name="pytest" errors="0" failures="0" skipped="0" tests="9" time="2.672" timestamp="2026-02-26T21:55:30.875456+00:00" hostname="agent-env-132ce60f-7395-4bc3-870e-79acec763e1a"><testcase classname="backend.tests.test_p0_p1_p2_features.TestVapidPublicKey" name="test_vapid_public_key_returns_valid_key" time="0.150" /><testcase classname="backend.tests.test_p0_p1_p2_features.TestAdminActivityLog" name="test_activity_log_requires_admin_auth" time="0.133" /><testcase classname="backend.tests.test_p0_p1_p2_features.TestAdminActivityLog" name="test_activity_log_returns_array" time="0.530" /><testcase classname="backend.tests.test_p0_p1_p2_features.TestAdminUserRole" name="test_role_change_requires_admin_auth" time="0.129" /><testcase classname="backend.tests.test_p0_p1_p2_features.TestAdminUserRole" name="test_role_change_validates_role" time="0.468" /><testcase classname="backend.tests.test_p0_p1_p2_features.TestAdminUserRole" name="test_admin_users_list" time="0.500" /><testcase classname="backend.tests.test_p0_p1_p2_features.TestAdminStats" name="test_admin_stats" time="0.485" /><testcase classname="backend.tests.test_p0_p1_p2_features.TestAISuggestChecklist" name="test_ai_suggest_requires_auth" time="0.114" /><testcase classname="backend.tests.test_p0_p1_p2_features.TestPushSubscription" name="test_push_subscribe_requires_auth" time="0.111" /></testsuite></testsuites>