<?xml version="1.0" encoding="utf-8"?><testsuites name="pytest tests"><testsuite name="pytest" errors="0" failures="9" skipped="0" tests="10" time="0.464" timestamp="2026-02-27T03:43:47.803141+00:00" hostname="agent-env-953bc096-653f-4faf-9bf7-9d998a4ede84"><testcase classname="backend.tests.test_beneficiary_invitation.TestBeneficiaryInvitationFlow" name="test_01_login_barnetharris" time="0.204"><failure message="AssertionError: Login failed: {&quot;detail&quot;:&quot;Invalid credentials&quot;}&#10;assert 401 == 200&#10; +  where 401 = &lt;Response [401]&gt;.status_code">backend/tests/test_beneficiary_invitation.py:43: in test_01_login_barnetharris
    assert login_response.status_code == 200, f"Login failed: {login_response.text}"
E   AssertionError: Login failed: {"detail":"Invalid credentials"}
E   assert 401 == 200
E    +  where 401 = &lt;Response [401]&gt;.status_code</failure></testcase><testcase classname="backend.tests.test_beneficiary_invitation.TestBeneficiaryInvitationFlow" name="test_02_get_estates" time="0.000"><failure message="AttributeError: type object 'TestBeneficiaryInvitationFlow' has no attribute 'token'">backend/tests/test_beneficiary_invitation.py:71: in test_02_get_estates
    assert self.__class__.token, "No token - login test must pass first"
           ^^^^^^^^^^^^^^^^^^^^
E   AttributeError: type object 'TestBeneficiaryInvitationFlow' has no attribute 'token'</failure></testcase><testcase classname="backend.tests.test_beneficiary_invitation.TestBeneficiaryInvitationFlow" name="test_03_get_beneficiaries" time="0.000"><failure message="AttributeError: type object 'TestBeneficiaryInvitationFlow' has no attribute 'token'">backend/tests/test_beneficiary_invitation.py:88: in test_03_get_beneficiaries
    assert self.__class__.token and self.__class__.estate_id, (
           ^^^^^^^^^^^^^^^^^^^^
E   AttributeError: type object 'TestBeneficiaryInvitationFlow' has no attribute 'token'</failure></testcase><testcase classname="backend.tests.test_beneficiary_invitation.TestBeneficiaryInvitationFlow" name="test_04_create_beneficiary_with_demographics" time="0.000"><failure message="AttributeError: type object 'TestBeneficiaryInvitationFlow' has no attribute 'token'">backend/tests/test_beneficiary_invitation.py:109: in test_04_create_beneficiary_with_demographics
    assert self.__class__.token and self.__class__.estate_id, (
           ^^^^^^^^^^^^^^^^^^^^
E   AttributeError: type object 'TestBeneficiaryInvitationFlow' has no attribute 'token'</failure></testcase><testcase classname="backend.tests.test_beneficiary_invitation.TestBeneficiaryInvitationFlow" name="test_05_send_invitation" time="0.000"><failure message="AttributeError: type object 'TestBeneficiaryInvitationFlow' has no attribute 'token'">backend/tests/test_beneficiary_invitation.py:174: in test_05_send_invitation
    assert self.__class__.token and self.__class__.created_beneficiary_id, (
           ^^^^^^^^^^^^^^^^^^^^
E   AttributeError: type object 'TestBeneficiaryInvitationFlow' has no attribute 'token'</failure></testcase><testcase classname="backend.tests.test_beneficiary_invitation.TestBeneficiaryInvitationFlow" name="test_06_get_invitation_details" time="0.000"><failure message="AssertionError: No invitation token&#10;assert False&#10; +  where False = hasattr(&lt;class 'tests.test_beneficiary_invitation.TestBeneficiaryInvitationFlow'&gt;, 'invitation_token')&#10; +    where &lt;class 'tests.test_beneficiary_invitation.TestBeneficiaryInvitationFlow'&gt; = &lt;tests.test_beneficiary_invitation.TestBeneficiaryInvitationFlow object at 0xffbe7ccc9290&gt;.__class__">backend/tests/test_beneficiary_invitation.py:219: in test_06_get_invitation_details
    assert hasattr(self.__class__, "invitation_token"), "No invitation token"
E   AssertionError: No invitation token
E   assert False
E    +  where False = hasattr(&lt;class 'tests.test_beneficiary_invitation.TestBeneficiaryInvitationFlow'&gt;, 'invitation_token')
E    +    where &lt;class 'tests.test_beneficiary_invitation.TestBeneficiaryInvitationFlow'&gt; = &lt;tests.test_beneficiary_invitation.TestBeneficiaryInvitationFlow object at 0xffbe7ccc9290&gt;.__class__</failure></testcase><testcase classname="backend.tests.test_beneficiary_invitation.TestBeneficiaryInvitationFlow" name="test_07_accept_invitation" time="0.000"><failure message="AssertionError: No invitation token&#10;assert False&#10; +  where False = hasattr(&lt;class 'tests.test_beneficiary_invitation.TestBeneficiaryInvitationFlow'&gt;, 'invitation_token')&#10; +    where &lt;class 'tests.test_beneficiary_invitation.TestBeneficiaryInvitationFlow'&gt; = &lt;tests.test_beneficiary_invitation.TestBeneficiaryInvitationFlow object at 0xffbe7ccc8dd0&gt;.__class__">backend/tests/test_beneficiary_invitation.py:242: in test_07_accept_invitation
    assert hasattr(self.__class__, "invitation_token"), "No invitation token"
E   AssertionError: No invitation token
E   assert False
E    +  where False = hasattr(&lt;class 'tests.test_beneficiary_invitation.TestBeneficiaryInvitationFlow'&gt;, 'invitation_token')
E    +    where &lt;class 'tests.test_beneficiary_invitation.TestBeneficiaryInvitationFlow'&gt; = &lt;tests.test_beneficiary_invitation.TestBeneficiaryInvitationFlow object at 0xffbe7ccc8dd0&gt;.__class__</failure></testcase><testcase classname="backend.tests.test_beneficiary_invitation.TestBeneficiaryInvitationFlow" name="test_08_verify_beneficiary_status_updated" time="0.000"><failure message="AttributeError: type object 'TestBeneficiaryInvitationFlow' has no attribute 'token'">backend/tests/test_beneficiary_invitation.py:268: in test_08_verify_beneficiary_status_updated
    assert self.__class__.token and self.__class__.created_beneficiary_id, (
           ^^^^^^^^^^^^^^^^^^^^
E   AttributeError: type object 'TestBeneficiaryInvitationFlow' has no attribute 'token'</failure></testcase><testcase classname="backend.tests.test_beneficiary_invitation.TestBeneficiaryInvitationFlow" name="test_09_cleanup_test_beneficiary" time="0.000"><failure message="AttributeError: type object 'TestBeneficiaryInvitationFlow' has no attribute 'token'">backend/tests/test_beneficiary_invitation.py:302: in test_09_cleanup_test_beneficiary
    if not self.__class__.token or not self.__class__.created_beneficiary_id:
           ^^^^^^^^^^^^^^^^^^^^
E   AttributeError: type object 'TestBeneficiaryInvitationFlow' has no attribute 'token'</failure></testcase><testcase classname="backend.tests.test_beneficiary_invitation.TestExistingInvitationToken" name="test_get_kent_harris_invitation" time="0.150" /></testsuite></testsuites>