<?xml version="1.0" encoding="utf-8"?><testsuites name="pytest tests"><testsuite name="pytest" errors="0" failures="0" skipped="0" tests="7" time="1.455" timestamp="2026-02-28T19:27:34.155696+00:00" hostname="agent-env-6ccb76b6-d325-4c70-892d-8762a1296048"><testcase classname="tests.test_pdf_viewer.TestDocumentPreviewEndpoint" name="test_preview_pdf_document_success" time="0.266" /><testcase classname="tests.test_pdf_viewer.TestDocumentPreviewEndpoint" name="test_preview_image_document_success" time="0.243" /><testcase classname="tests.test_pdf_viewer.TestDocumentPreviewEndpoint" name="test_preview_nonexistent_document" time="0.104" /><testcase classname="tests.test_pdf_viewer.TestDocumentPreviewEndpoint" name="test_preview_without_auth" time="0.132" /><testcase classname="tests.test_pdf_viewer.TestDocumentDownloadEndpoint" name="test_download_pdf_document_success" time="0.235" /><testcase classname="tests.test_pdf_viewer.TestDocumentDownloadEndpoint" name="test_download_image_document_success" time="0.244" /><testcase classname="tests.test_pdf_viewer.TestDocumentListEndpoint" name="test_list_documents_success" time="0.214" /></testsuite></testsuites>