<?xml version="1.0" encoding="utf-8"?><testsuites name="pytest tests"><testsuite name="pytest" errors="0" failures="0" skipped="0" tests="11" time="4.891" timestamp="2026-03-15T06:05:30.750622+00:00" hostname="agent-env-ab58e991-fa7d-46f2-9265-846252629755"><testcase classname="tests.test_platform_health_iter116.TestAPIHealth" name="test_health_check_returns_200" time="0.201" /><testcase classname="tests.test_platform_health_iter116.TestAuthentication" name="test_login_returns_token" time="0.349" /><testcase classname="tests.test_platform_health_iter116.TestAuthentication" name="test_auth_me_returns_user_data" time="0.450" /><testcase classname="tests.test_platform_health_iter116.TestAuthentication" name="test_auth_me_rejects_invalid_token" time="0.113" /><testcase classname="tests.test_platform_health_iter116.TestEstates" name="test_estates_list_returns_data" time="0.448" /><testcase classname="tests.test_platform_health_iter116.TestEstates" name="test_estates_readiness_endpoint" time="0.607" /><testcase classname="tests.test_platform_health_iter116.TestBeneficiaries" name="test_beneficiaries_list_returns_data" time="0.587" /><testcase classname="tests.test_platform_health_iter116.TestGuardianChat" name="test_chat_sessions_endpoint" time="0.440" /><testcase classname="tests.test_platform_health_iter116.TestDocumentsAndMessages" name="test_documents_list" time="0.543" /><testcase classname="tests.test_platform_health_iter116.TestDocumentsAndMessages" name="test_messages_list" time="0.569" /><testcase classname="tests.test_platform_health_iter116.TestChecklist" name="test_checklists_list" time="0.549" /></testsuite></testsuites>