<?xml version="1.0" encoding="utf-8"?><testsuites name="pytest tests"><testsuite name="pytest" errors="0" failures="0" skipped="0" tests="8" time="3.162" timestamp="2026-03-12T06:06:59.597559+00:00" hostname="agent-env-53eac507-04c5-49ab-bd59-5c1b366b38ac"><testcase classname="tests.test_portal_photo_parity.TestPortalPhotoParity" name="test_fulltest_user_has_is_also_beneficiary_flag" time="0.465" /><testcase classname="tests.test_portal_photo_parity.TestPortalPhotoParity" name="test_spouse_user_has_photo_url" time="0.475" /><testcase classname="tests.test_portal_photo_parity.TestPortalPhotoParity" name="test_estates_returns_owner_photo_url_for_beneficiary_estates" time="0.117" /><testcase classname="tests.test_portal_photo_parity.TestPortalPhotoParity" name="test_family_connections_returns_photo_url" time="0.117" /><testcase classname="tests.test_portal_photo_parity.TestPortalPhotoParity" name="test_both_endpoints_return_consistent_photo_data" time="0.210" /><testcase classname="tests.test_portal_photo_parity.TestPortalPhotoParity" name="test_dual_role_user_can_access_benefactor_portal" time="0.103" /><testcase classname="tests.test_portal_photo_parity.TestPortalPhotoParity" name="test_spouse_benefactor_has_photo_in_profile" time="1.093" /><testcase classname="tests.test_portal_photo_parity.TestFrontendPhotoFallback" name="test_fallback_path_estates_to_benefactors" time="0.553" /></testsuite></testsuites>