<?xml version="1.0" encoding="utf-8"?><testsuites name="pytest tests"><testsuite name="pytest" errors="0" failures="0" skipped="0" tests="16" time="2.572" timestamp="2026-03-07T09:42:15.785406+00:00" hostname="agent-env-022376f7-b02a-4cc8-93b9-f38ecd19560f"><testcase classname="tests.test_pre_appstore_features.TestHealthEndpoint" name="test_health_check_returns_healthy" time="0.274" /><testcase classname="tests.test_pre_appstore_features.TestHealthEndpoint" name="test_health_check_has_min_version" time="0.105" /><testcase classname="tests.test_pre_appstore_features.TestHealthEndpoint" name="test_health_check_has_version" time="0.101" /><testcase classname="tests.test_pre_appstore_features.TestErrorReportingEndpoint" name="test_error_report_accepts_valid_payload" time="0.138" /><testcase classname="tests.test_pre_appstore_features.TestErrorReportingEndpoint" name="test_error_report_accepts_minimal_payload" time="0.099" /><testcase classname="tests.test_pre_appstore_features.TestErrorReportingEndpoint" name="test_error_report_fatal_severity" time="0.139" /><testcase classname="tests.test_pre_appstore_features.TestErrorReportingEndpoint" name="test_error_report_no_auth_required" time="0.098" /><testcase classname="tests.test_pre_appstore_features.TestErrorReportingEndpoint" name="test_error_report_truncates_long_message" time="0.115" /><testcase classname="tests.test_pre_appstore_features.TestErrorReportingEndpoint" name="test_error_report_rejects_missing_message" time="0.137" /><testcase classname="tests.test_pre_appstore_features.TestXRequestIdHeader" name="test_health_has_request_id" time="0.101" /><testcase classname="tests.test_pre_appstore_features.TestXRequestIdHeader" name="test_errors_report_has_request_id" time="0.111" /><testcase classname="tests.test_pre_appstore_features.TestXRequestIdHeader" name="test_auth_login_has_request_id" time="0.113" /><testcase classname="tests.test_pre_appstore_features.TestXRequestIdHeader" name="test_subscription_plans_has_request_id" time="0.102" /><testcase classname="tests.test_pre_appstore_features.TestXRequestIdHeader" name="test_custom_request_id_preserved" time="0.106" /><testcase classname="tests.test_pre_appstore_features.TestLoginAndAuthentication" name="test_login_success" time="0.325" /><testcase classname="tests.test_pre_appstore_features.TestLoginAndAuthentication" name="test_authenticated_endpoint_has_request_id" time="0.476" /></testsuite></testsuites>