<?xml version="1.0" encoding="utf-8"?><testsuites name="pytest tests"><testsuite name="pytest" errors="0" failures="0" skipped="15" tests="34" time="6.547" timestamp="2026-03-15T06:46:13.029748+00:00" hostname="agent-env-ab58e991-fa7d-46f2-9265-846252629755"><testcase classname="tests.test_final_pressure_iter117.TestAuthFlows" name="test_login_valid_credentials" time="0.464" /><testcase classname="tests.test_final_pressure_iter117.TestAuthFlows" name="test_login_invalid_credentials" time="0.139" /><testcase classname="tests.test_final_pressure_iter117.TestAuthFlows" name="test_auth_me_valid_token" time="0.118" /><testcase classname="tests.test_final_pressure_iter117.TestAuthFlows" name="test_auth_me_invalid_token" time="0.137" /><testcase classname="tests.test_final_pressure_iter117.TestEstateEndpoints" name="test_get_estates" time="0.474" /><testcase classname="tests.test_final_pressure_iter117.TestEstateEndpoints" name="test_get_estate_readiness" time="0.113" /><testcase classname="tests.test_final_pressure_iter117.TestEstateEndpoints" name="test_get_section_permissions" time="0.108" /><testcase classname="tests.test_final_pressure_iter117.TestBeneficiaryEndpoints" name="test_get_beneficiaries" time="0.467" /><testcase classname="tests.test_final_pressure_iter117.TestBeneficiaryEndpoints" name="test_get_succession_order" time="0.099" /><testcase classname="tests.test_final_pressure_iter117.TestChecklistEndpoints" name="test_get_checklists" time="0.437" /><testcase classname="tests.test_final_pressure_iter117.TestChecklistEndpoints" name="test_create_checklist_item" time="0.113" /><testcase classname="tests.test_final_pressure_iter117.TestChecklistEndpoints" name="test_delete_checklist_item" time="0.228" /><testcase classname="tests.test_final_pressure_iter117.TestChecklistAIAcceptReject" name="test_accept_ai_item_admin" time="0.659" /><testcase classname="tests.test_final_pressure_iter117.TestChecklistAIAcceptReject" name="test_reject_ai_item_with_feedback_admin" time="0.209" /><testcase classname="tests.test_final_pressure_iter117.TestDocumentEndpoints" name="test_get_documents" time="0.438" /><testcase classname="tests.test_final_pressure_iter117.TestMessageEndpoints" name="test_get_messages" time="0.435" /><testcase classname="tests.test_final_pressure_iter117.TestDigitalWalletEndpoints" name="test_get_digital_wallet" time="0.445" /><testcase classname="tests.test_final_pressure_iter117.TestGuardianChatEndpoints" name="test_get_chat_sessions" time="0.465" /><testcase classname="tests.test_final_pressure_iter117.TestSubscriptionEndpoints" name="test_get_subscription_status" time="0.099"><skipped type="pytest.skip" message="Rate limited">/app/backend/tests/test_final_pressure_iter117.py:555: Rate limited</skipped></testcase><testcase classname="tests.test_final_pressure_iter117.TestSubscriptionEndpoints" name="test_get_subscription_plans" time="0.000"><skipped type="pytest.skip" message="Rate limited">/app/backend/tests/test_final_pressure_iter117.py:568: Rate limited</skipped></testcase><testcase classname="tests.test_final_pressure_iter117.TestNotificationEndpoints" name="test_get_notifications" time="0.096"><skipped type="pytest.skip" message="Rate limited">/app/backend/tests/test_final_pressure_iter117.py:603: Rate limited</skipped></testcase><testcase classname="tests.test_final_pressure_iter117.TestTimelineEndpoints" name="test_get_timeline" time="0.106"><skipped type="pytest.skip" message="Rate limited">/app/backend/tests/test_final_pressure_iter117.py:636: Rate limited</skipped></testcase><testcase classname="tests.test_final_pressure_iter117.TestTransitionEndpoints" name="test_get_transition_status" time="0.109"><skipped type="pytest.skip" message="Rate limited">/app/backend/tests/test_final_pressure_iter117.py:669: Rate limited</skipped></testcase><testcase classname="tests.test_final_pressure_iter117.TestTransitionEndpoints" name="test_get_dts_tasks" time="0.000"><skipped type="pytest.skip" message="Rate limited">/app/backend/tests/test_final_pressure_iter117.py:682: Rate limited</skipped></testcase><testcase classname="tests.test_final_pressure_iter117.TestAdminEndpoints" name="test_get_admin_stats" time="0.093"><skipped type="pytest.skip" message="Rate limited">/app/backend/tests/test_final_pressure_iter117.py:715: Rate limited</skipped></testcase><testcase classname="tests.test_final_pressure_iter117.TestAdminEndpoints" name="test_get_admin_users" time="0.000"><skipped type="pytest.skip" message="Rate limited">/app/backend/tests/test_final_pressure_iter117.py:731: Rate limited</skipped></testcase><testcase classname="tests.test_final_pressure_iter117.TestAdminEndpoints" name="test_get_admin_activity" time="0.000"><skipped type="pytest.skip" message="Rate limited">/app/backend/tests/test_final_pressure_iter117.py:746: Rate limited</skipped></testcase><testcase classname="tests.test_final_pressure_iter117.TestOpsEndpoints" name="test_get_ops_dashboard" time="0.103"><skipped type="pytest.skip" message="Rate limited">/app/backend/tests/test_final_pressure_iter117.py:781: Rate limited</skipped></testcase><testcase classname="tests.test_final_pressure_iter117.TestSettingsEndpoints" name="test_get_digest_preferences" time="0.116"><skipped type="pytest.skip" message="Rate limited">/app/backend/tests/test_final_pressure_iter117.py:814: Rate limited</skipped></testcase><testcase classname="tests.test_final_pressure_iter117.TestSettingsEndpoints" name="test_get_security_settings" time="0.000"><skipped type="pytest.skip" message="Rate limited">/app/backend/tests/test_final_pressure_iter117.py:827: Rate limited</skipped></testcase><testcase classname="tests.test_final_pressure_iter117.TestSettingsEndpoints" name="test_get_compliance_consent" time="0.000"><skipped type="pytest.skip" message="Rate limited">/app/backend/tests/test_final_pressure_iter117.py:840: Rate limited</skipped></testcase><testcase classname="tests.test_final_pressure_iter117.TestSettingsEndpoints" name="test_get_family_plan_status" time="0.000"><skipped type="pytest.skip" message="Rate limited">/app/backend/tests/test_final_pressure_iter117.py:853: Rate limited</skipped></testcase><testcase classname="tests.test_final_pressure_iter117.TestPDFExportEndpoints" name="test_export_iac_report" time="0.102"><skipped type="pytest.skip" message="Rate limited">/app/backend/tests/test_final_pressure_iter117.py:886: Rate limited</skipped></testcase><testcase classname="tests.test_final_pressure_iter117.TestHealthEndpoint" name="test_health_check" time="0.106" /></testsuite></testsuites>