<?xml version="1.0" encoding="utf-8"?><testsuites name="pytest tests"><testsuite name="pytest" errors="0" failures="0" skipped="0" tests="33" time="4.640" timestamp="2026-03-15T06:47:27.204123+00:00" hostname="agent-env-ab58e991-fa7d-46f2-9265-846252629755"><testcase classname="tests.test_final_pressure_iter117_v2" name="test_health_check" time="0.124" /><testcase classname="tests.test_final_pressure_iter117_v2" name="test_login_invalid_credentials" time="0.108" /><testcase classname="tests.test_final_pressure_iter117_v2" name="test_auth_me_valid_token" time="0.442" /><testcase classname="tests.test_final_pressure_iter117_v2" name="test_auth_me_invalid_token" time="0.108" /><testcase classname="tests.test_final_pressure_iter117_v2" name="test_get_estates" time="0.109" /><testcase classname="tests.test_final_pressure_iter117_v2" name="test_get_estate_readiness" time="0.109" /><testcase classname="tests.test_final_pressure_iter117_v2" name="test_get_section_permissions" time="0.112" /><testcase classname="tests.test_final_pressure_iter117_v2" name="test_get_beneficiaries" time="0.109" /><testcase classname="tests.test_final_pressure_iter117_v2" name="test_get_succession_order" time="0.122" /><testcase classname="tests.test_final_pressure_iter117_v2" name="test_get_checklists" time="0.117" /><testcase classname="tests.test_final_pressure_iter117_v2" name="test_create_checklist_item_admin" time="0.212" /><testcase classname="tests.test_final_pressure_iter117_v2" name="test_accept_ai_item_admin_bugfix" time="0.324" /><testcase classname="tests.test_final_pressure_iter117_v2" name="test_reject_ai_item_with_feedback_admin_bugfix" time="0.210" /><testcase classname="tests.test_final_pressure_iter117_v2" name="test_delete_checklist_item_admin" time="0.213" /><testcase classname="tests.test_final_pressure_iter117_v2" name="test_get_documents" time="0.103" /><testcase classname="tests.test_final_pressure_iter117_v2" name="test_get_messages" time="0.102" /><testcase classname="tests.test_final_pressure_iter117_v2" name="test_get_digital_wallet_admin_bugfix" time="0.103" /><testcase classname="tests.test_final_pressure_iter117_v2" name="test_get_chat_sessions" time="0.103" /><testcase classname="tests.test_final_pressure_iter117_v2" name="test_get_subscription_status" time="0.130" /><testcase classname="tests.test_final_pressure_iter117_v2" name="test_get_subscription_plans" time="0.111" /><testcase classname="tests.test_final_pressure_iter117_v2" name="test_get_notifications" time="0.107" /><testcase classname="tests.test_final_pressure_iter117_v2" name="test_get_timeline" time="0.110" /><testcase classname="tests.test_final_pressure_iter117_v2" name="test_get_transition_status" time="0.113" /><testcase classname="tests.test_final_pressure_iter117_v2" name="test_get_dts_tasks" time="0.102" /><testcase classname="tests.test_final_pressure_iter117_v2" name="test_get_admin_stats" time="0.119" /><testcase classname="tests.test_final_pressure_iter117_v2" name="test_get_admin_users" time="0.161" /><testcase classname="tests.test_final_pressure_iter117_v2" name="test_get_admin_activity" time="0.106" /><testcase classname="tests.test_final_pressure_iter117_v2" name="test_get_ops_dashboard" time="0.117" /><testcase classname="tests.test_final_pressure_iter117_v2" name="test_get_digest_preferences" time="0.120" /><testcase classname="tests.test_final_pressure_iter117_v2" name="test_get_security_settings" time="0.114" /><testcase classname="tests.test_final_pressure_iter117_v2" name="test_get_compliance_consent" time="0.128" /><testcase classname="tests.test_final_pressure_iter117_v2" name="test_get_family_plan_status" time="0.105" /><testcase classname="tests.test_final_pressure_iter117_v2" name="test_export_iac_report" time="0.109" /></testsuite></testsuites>