<?xml version="1.0" encoding="utf-8"?><testsuites name="pytest tests"><testsuite name="pytest" errors="0" failures="0" skipped="0" tests="16" time="4.657" timestamp="2026-03-05T22:22:20.084599+00:00" hostname="agent-env-55986c6c-b6f6-4d55-9abb-778079a8f54f"><testcase classname="tests.test_primary_beneficiary.TestSetPrimaryBeneficiary" name="test_set_primary_requires_auth" time="0.149" /><testcase classname="tests.test_primary_beneficiary.TestSetPrimaryBeneficiary" name="test_set_primary_benefactor_only" time="1.312" /><testcase classname="tests.test_primary_beneficiary.TestSetPrimaryBeneficiary" name="test_set_primary_not_found" time="0.110" /><testcase classname="tests.test_primary_beneficiary.TestGetPrimaryBeneficiary" name="test_get_primary_requires_auth" time="0.120" /><testcase classname="tests.test_primary_beneficiary.TestGetPrimaryBeneficiary" name="test_get_primary_returns_data" time="0.113" /><testcase classname="tests.test_primary_beneficiary.TestAccessRequests" name="test_get_access_requests_requires_auth" time="0.143" /><testcase classname="tests.test_primary_beneficiary.TestAccessRequests" name="test_get_access_requests" time="0.127" /><testcase classname="tests.test_primary_beneficiary.TestAccessRequests" name="test_request_access_requires_beneficiary_role" time="0.143" /><testcase classname="tests.test_primary_beneficiary.TestAccessRequests" name="test_handle_access_request_format" time="0.108" /><testcase classname="tests.test_primary_beneficiary.TestAdminPairedPricing" name="test_get_subscription_settings" time="1.451" /><testcase classname="tests.test_primary_beneficiary.TestAdminPairedPricing" name="test_update_paired_price" time="0.147" /><testcase classname="tests.test_primary_beneficiary.TestAdminPairedPricing" name="test_update_paired_price_plan_not_found" time="0.114" /><testcase classname="tests.test_primary_beneficiary.TestAdminPairedPricing" name="test_update_paired_price_requires_admin" time="0.122" /><testcase classname="tests.test_primary_beneficiary.TestOnboardingProgress" name="test_onboarding_progress_includes_designate_primary" time="0.170" /><testcase classname="tests.test_primary_beneficiary.TestSubscriptionStatusPairedPrice" name="test_subscription_status_returns_paired_price" time="0.116" /><testcase classname="tests.test_primary_beneficiary.TestBeneficiaryModel" name="test_beneficiaries_list_includes_is_primary" time="0.107" /></testsuite></testsuites>