<?xml version="1.0" encoding="utf-8"?><testsuites name="pytest tests"><testsuite name="pytest" errors="0" failures="0" skipped="0" tests="4" time="2.212" timestamp="2026-03-11T03:38:19.152084+00:00" hostname="agent-env-a90eff82-0d84-4ba8-b583-eb006299ed33"><testcase classname="tests.test_iteration_97.TestSubscriptionPlans" name="test_plans_api_returns_200" time="0.634" /><testcase classname="tests.test_iteration_97.TestSubscriptionPlans" name="test_premium_plan_no_wizard_eternal_echo" time="0.527" /><testcase classname="tests.test_iteration_97.TestSubscriptionPlans" name="test_all_plans_no_wizard_eternal_echo" time="0.376" /><testcase classname="tests.test_iteration_97.TestHealthCheck" name="test_health_endpoint" time="0.651" /></testsuite></testsuites>