<?xml version="1.0" encoding="utf-8"?><testsuites name="pytest tests"><testsuite name="pytest" errors="0" failures="0" skipped="0" tests="8" time="75.297" timestamp="2026-02-26T00:05:09.290467+00:00" hostname="agent-env-094be0cf-f985-4674-b909-ea0846dde98b"><testcase classname="backend.tests.test_dts_transition.TestDTSBackend" name="test_create_dts_task_benefactor" time="69.433" /><testcase classname="backend.tests.test_dts_transition.TestDTSBackend" name="test_get_dts_tasks_by_estate" time="0.064" /><testcase classname="backend.tests.test_dts_transition.TestDTSBackend" name="test_get_all_dts_tasks_admin" time="1.466" /><testcase classname="backend.tests.test_dts_transition.TestDTSBackend" name="test_admin_submit_quote" time="0.239" /><testcase classname="backend.tests.test_dts_transition.TestDTSBackend" name="test_admin_update_status" time="0.197" /><testcase classname="backend.tests.test_dts_transition.TestTransitionVerification" name="test_get_all_certificates_admin" time="1.207" /><testcase classname="backend.tests.test_dts_transition.TestTransitionVerification" name="test_reject_certificate_requires_admin" time="1.327" /><testcase classname="backend.tests.test_dts_transition.TestVoiceEndpoint" name="test_voice_transcribe_endpoint_exists" time="1.293" /></testsuite></testsuites>