<?xml version="1.0" encoding="utf-8"?><testsuites name="pytest tests"><testsuite name="pytest" errors="0" failures="0" skipped="1" tests="10" time="3.303" timestamp="2026-02-28T18:22:58.340217+00:00" hostname="agent-env-1f47bf55-ca59-4071-930f-7279c1d605d2"><testcase classname="tests.test_section_lock_bugs.TestSectionLockBackend" name="test_security_settings_endpoint" time="0.486" /><testcase classname="tests.test_section_lock_bugs.TestSectionLockBackend" name="test_section_lock_status_for_all_sections" time="0.111" /><testcase classname="tests.test_section_lock_bugs.TestSectionLockBackend" name="test_sdv_lock_blocks_download_when_active" time="0.702" /><testcase classname="tests.test_section_lock_bugs.TestSectionLockBackend" name="test_create_sdv_lock_and_verify_download_blocked" time="0.122"><skipped type="pytest.skip" message="Could not create SDV lock for testing">/app/backend/tests/test_section_lock_bugs.py:153: Could not create SDV lock for testing</skipped></testcase><testcase classname="tests.test_section_lock_bugs.TestSectionLockVerification" name="test_verify_endpoint_exists" time="0.471" /><testcase classname="tests.test_section_lock_bugs.TestAPIEndpoints" name="test_estates_endpoint" time="0.464" /><testcase classname="tests.test_section_lock_bugs.TestAPIEndpoints" name="test_beneficiaries_endpoint" time="0.212" /><testcase classname="tests.test_section_lock_bugs.TestAPIEndpoints" name="test_messages_endpoint" time="0.234" /><testcase classname="tests.test_section_lock_bugs.TestAPIEndpoints" name="test_checklists_endpoint" time="0.244" /><testcase classname="tests.test_section_lock_bugs.TestAPIEndpoints" name="test_documents_endpoint" time="0.228" /></testsuite></testsuites>