<?xml version="1.0" encoding="utf-8"?><testsuites name="pytest tests"><testsuite name="pytest" errors="0" failures="0" skipped="1" tests="14" time="5.748" timestamp="2026-03-12T14:58:41.088814+00:00" hostname="agent-env-87452eb3-f4bd-40ef-8bcb-1ba819763546"><testcase classname="tests.test_refactoring_rbac.TestHealthEndpoint" name="test_health_returns_healthy" time="0.323" /><testcase classname="tests.test_refactoring_rbac.TestAdminLogin" name="test_admin_login_success" time="0.440" /><testcase classname="tests.test_refactoring_rbac.TestAdminLogin" name="test_admin_login_wrong_password" time="0.388" /><testcase classname="tests.test_refactoring_rbac.TestRBACGuards" name="test_admin_can_access_admin_stats" time="0.618" /><testcase classname="tests.test_refactoring_rbac.TestRBACGuards" name="test_admin_can_access_admin_users" time="0.559" /><testcase classname="tests.test_refactoring_rbac.TestRBACGuards" name="test_unauthenticated_cannot_access_admin_stats" time="0.114" /><testcase classname="tests.test_refactoring_rbac.TestEstatesRBAC" name="test_admin_can_access_estates_list" time="0.636" /><testcase classname="tests.test_refactoring_rbac.TestEstatesRBAC" name="test_post_estates_requires_benefactor_role" time="0.485" /><testcase classname="tests.test_refactoring_rbac.TestMessagesRBAC" name="test_post_messages_requires_auth" time="0.128" /><testcase classname="tests.test_refactoring_rbac.TestMessagesRBAC" name="test_post_messages_rbac_check" time="0.465" /><testcase classname="tests.test_refactoring_rbac.TestBeneficiariesRBAC" name="test_post_beneficiaries_requires_auth" time="0.102" /><testcase classname="tests.test_refactoring_rbac.TestBeneficiariesRBAC" name="test_post_beneficiaries_rbac_check" time="0.488" /><testcase classname="tests.test_refactoring_rbac.TestGuardsUtilityFunctions" name="test_require_benefactor_role_blocks_pure_beneficiary" time="0.375"><skipped type="pytest.skip" message="Test user has is_also_benefactor flag">/app/backend/tests/test_refactoring_rbac.py:281: Test user has is_also_benefactor flag</skipped></testcase><testcase classname="tests.test_refactoring_rbac.TestGuardsUtilityFunctions" name="test_is_benefactor_or_admin_allows_admin" time="0.588" /></testsuite></testsuites>