<?xml version="1.0" encoding="utf-8"?><testsuites name="pytest tests"><testsuite name="pytest" errors="0" failures="0" skipped="0" tests="12" time="5.685" timestamp="2026-02-25T19:27:45.898040+00:00" hostname="agent-env-094be0cf-f985-4674-b909-ea0846dde98b"><testcase classname="backend.tests.test_readiness_score.TestReadinessScoreAlgorithm" name="test_get_readiness_returns_detailed_breakdown" time="1.168" /><testcase classname="backend.tests.test_readiness_score.TestReadinessScoreAlgorithm" name="test_post_readiness_recalculates_score" time="0.150" /><testcase classname="backend.tests.test_readiness_score.TestReadinessScoreAlgorithm" name="test_document_score_based_on_5_required_docs" time="0.127" /><testcase classname="backend.tests.test_readiness_score.TestReadinessScoreAlgorithm" name="test_create_beneficiary_with_dob_and_gender" time="0.424" /><testcase classname="backend.tests.test_readiness_score.TestReadinessScoreAlgorithm" name="test_readiness_updates_when_beneficiary_added" time="0.604" /><testcase classname="backend.tests.test_readiness_score.TestReadinessScoreAlgorithm" name="test_new_estate_gets_default_checklist_items" time="0.545" /><testcase classname="backend.tests.test_readiness_score.TestReadinessScoreAlgorithm" name="test_checklist_score_requires_25_items" time="0.195" /><testcase classname="backend.tests.test_readiness_score.TestReadinessScoreAlgorithm" name="test_messages_score_based_on_beneficiary_demographics" time="0.139" /><testcase classname="backend.tests.test_readiness_score.TestReadinessScoreAlgorithm" name="test_toggle_checklist_updates_readiness" time="0.963" /><testcase classname="backend.tests.test_readiness_score.TestReadinessAPIResponses" name="test_readiness_persists_to_estate" time="0.925" /><testcase classname="backend.tests.test_readiness_score.TestReadinessAPIResponses" name="test_readiness_404_for_invalid_estate" time="0.257" /><testcase classname="backend.tests.test_readiness_score.TestReadinessAPIResponses" name="test_readiness_requires_auth" time="0.112" /></testsuite></testsuites>