<?xml version="1.0" encoding="utf-8"?><testsuites name="pytest tests"><testsuite name="pytest" errors="0" failures="0" skipped="0" tests="14" time="5.564" timestamp="2026-03-18T22:33:00.285764+00:00" hostname="agent-env-d714e53c-cc04-4f20-8456-87f181b098d5"><testcase classname="tests.test_refactoring_regression.TestHealthAndBasicAPIs" name="test_health_endpoint_returns_healthy" time="0.256" /><testcase classname="tests.test_refactoring_regression.TestHealthAndBasicAPIs" name="test_subscription_plans_endpoint" time="0.121" /><testcase classname="tests.test_refactoring_regression.TestAuthenticationFlow" name="test_login_endpoint_accepts_valid_credentials" time="0.335" /><testcase classname="tests.test_refactoring_regression.TestAuthenticationFlow" name="test_login_endpoint_rejects_invalid_credentials" time="0.191" /><testcase classname="tests.test_refactoring_regression.TestAuthenticatedEndpoints" name="test_auth_me_endpoint" time="0.514" /><testcase classname="tests.test_refactoring_regression.TestAuthenticatedEndpoints" name="test_estates_endpoint" time="0.498" /><testcase classname="tests.test_refactoring_regression.TestAuthenticatedEndpoints" name="test_notifications_unread_count" time="0.474" /><testcase classname="tests.test_refactoring_regression.TestAuthenticatedEndpoints" name="test_subscription_status_endpoint" time="0.541" /><testcase classname="tests.test_refactoring_regression.TestAdminEndpoints" name="test_admin_platform_settings" time="0.867" /><testcase classname="tests.test_refactoring_regression.TestAdminEndpoints" name="test_admin_stats_endpoint" time="0.480" /><testcase classname="tests.test_refactoring_regression.TestAdminEndpoints" name="test_admin_users_endpoint" time="0.507" /><testcase classname="tests.test_refactoring_regression.TestAdminEndpoints" name="test_dev_switcher_config" time="0.484" /><testcase classname="tests.test_refactoring_regression.TestErrorHandling" name="test_errors_report_endpoint_exists" time="0.131" /><testcase classname="tests.test_refactoring_regression.TestErrorHandling" name="test_unauthorized_endpoint_returns_401" time="0.128" /></testsuite></testsuites>