<?xml version="1.0" encoding="utf-8"?><testsuites name="pytest tests"><testsuite name="pytest" errors="0" failures="1" skipped="1" tests="21" time="8.733" timestamp="2026-03-09T18:26:58.062075+00:00" hostname="agent-env-d193f8f5-65f9-4d56-8f28-d8bd0855372a"><testcase classname="tests.test_regression_comprehensive.TestAuthEmailNormalization" name="test_login_lowercase_email" time="0.469" /><testcase classname="tests.test_regression_comprehensive.TestAuthEmailNormalization" name="test_login_uppercase_email" time="0.364" /><testcase classname="tests.test_regression_comprehensive.TestAuthEmailNormalization" name="test_login_mixed_case_email" time="0.410" /><testcase classname="tests.test_regression_comprehensive.TestAuthEmailNormalization" name="test_operator_login_non_email_username" time="0.399" /><testcase classname="tests.test_regression_comprehensive.TestAuthPasswordFlows" name="test_change_password_requires_current" time="0.794" /><testcase classname="tests.test_regression_comprehensive.TestAuthPasswordFlows" name="test_forgot_password_anti_enumeration" time="0.563" /><testcase classname="tests.test_regression_comprehensive.TestAuthPasswordFlows" name="test_reset_password_invalid_otp" time="0.112" /><testcase classname="tests.test_regression_comprehensive.TestSubscriptionStatus" name="test_subscription_status_endpoint" time="0.509" /><testcase classname="tests.test_regression_comprehensive.TestBeneficiaryFeatures" name="test_beneficiaries_date_of_birth_normalized" time="0.713" /><testcase classname="tests.test_regression_comprehensive.TestDTSFeatures" name="test_dts_soft_delete_requires_password" time="0.445" /><testcase classname="tests.test_regression_comprehensive.TestTVTFeatures" name="test_tvt_certificate_delete_requires_password" time="0.494" /><testcase classname="tests.test_regression_comprehensive.TestTVTFeatures" name="test_tvt_certificate_delete_with_wrong_password" time="0.735" /><testcase classname="tests.test_regression_comprehensive.TestOperatorSystem" name="test_founder_sees_all_operators" time="0.445" /><testcase classname="tests.test_regression_comprehensive.TestOperatorSystem" name="test_operator_dev_login_impersonation" time="0.576" /><testcase classname="tests.test_regression_comprehensive.TestAdminFeatures" name="test_admin_users_accessible" time="0.507" /><testcase classname="tests.test_regression_comprehensive.TestAdminFeatures" name="test_admin_trial_users_endpoint" time="0.496" /><testcase classname="tests.test_regression_comprehensive.TestNotificationPriorities" name="test_notification_priority_hierarchy_documented" time="0.000" /><testcase classname="tests.test_regression_comprehensive.TestSettingsFeatures" name="test_data_export_endpoint" time="0.476"><failure message="AssertionError: Expected 200, got 429&#10;assert 429 == 200&#10; +  where 429 = &lt;Response [429]&gt;.status_code">tests/test_regression_comprehensive.py:427: in test_data_export_endpoint
    assert response.status_code == 200, f"Expected 200, got {response.status_code}"
E   AssertionError: Expected 200, got 429
E   assert 429 == 200
E    +  where 429 = &lt;Response [429]&gt;.status_code</failure></testcase><testcase classname="tests.test_regression_comprehensive.TestMilestoneDelivery" name="test_milestone_review_invalid_action" time="0.141"><skipped type="pytest.skip" message="Cannot authenticate">/app/backend/tests/test_regression_comprehensive.py:453: Cannot authenticate</skipped></testcase><testcase classname="tests.test_regression_comprehensive.TestSealedAccountFlow" name="test_sealed_account_detection" time="0.001" /><testcase classname="tests.test_regression_comprehensive.TestIsAlsoBeneficiaryFlag" name="test_become_benefactor_code_review" time="0.000" /></testsuite></testsuites>