<?xml version="1.0" encoding="utf-8"?><testsuites name="pytest tests"><testsuite name="pytest" errors="0" failures="0" skipped="0" tests="14" time="1.436" timestamp="2026-03-15T14:08:40.545789+00:00" hostname="agent-env-ab58e991-fa7d-46f2-9265-846252629755"><testcase classname="tests.test_ring_hierarchy_gender_inversion.TestResolveInverseLogic" name="test_family_connections_endpoint_exists" time="0.602" /><testcase classname="tests.test_ring_hierarchy_gender_inversion.TestResolveInverseLogic" name="test_resolve_inverse_father_male_benefactor" time="0.000" /><testcase classname="tests.test_ring_hierarchy_gender_inversion.TestResolveInverseLogic" name="test_resolve_inverse_father_female_benefactor" time="0.000" /><testcase classname="tests.test_ring_hierarchy_gender_inversion.TestResolveInverseLogic" name="test_resolve_inverse_father_unknown_gender" time="0.000" /><testcase classname="tests.test_ring_hierarchy_gender_inversion.TestResolveInverseLogic" name="test_resolve_inverse_neutral_relations" time="0.000" /><testcase classname="tests.test_ring_hierarchy_gender_inversion.TestResolveInverseLogic" name="test_resolve_inverse_comprehensive_gendered_pairs" time="0.000" /><testcase classname="tests.test_ring_hierarchy_gender_inversion.TestGetOrbitLevelLogic" name="test_ring0_spouse_parent_assignments" time="0.000" /><testcase classname="tests.test_ring_hierarchy_gender_inversion.TestGetOrbitLevelLogic" name="test_ring1_children_siblings_grandparents" time="0.000" /><testcase classname="tests.test_ring_hierarchy_gender_inversion.TestGetOrbitLevelLogic" name="test_ring2_grandchildren_extended_family" time="0.000" /><testcase classname="tests.test_ring_hierarchy_gender_inversion.TestGetOrbitLevelLogic" name="test_ring3_great_grandparents_and_non_family" time="0.000" /><testcase classname="tests.test_ring_hierarchy_gender_inversion.TestGetOrbitLevelLogic" name="test_case_insensitivity" time="0.000" /><testcase classname="tests.test_ring_hierarchy_gender_inversion.TestBackendAPIIntegration" name="test_auth_me_endpoint" time="0.546" /><testcase classname="tests.test_ring_hierarchy_gender_inversion.TestBackendAPIIntegration" name="test_estates_endpoint" time="0.122" /><testcase classname="tests.test_ring_hierarchy_gender_inversion.TestBackendAPIIntegration" name="test_health_check" time="0.105" /></testsuite></testsuites>