<?xml version="1.0" encoding="utf-8"?><testsuites name="pytest tests"><testsuite name="pytest" errors="0" failures="0" skipped="0" tests="20" time="8.216" timestamp="2026-02-26T13:11:57.539517+00:00" hostname="agent-env-88216d5a-7b41-442b-a0e9-56d800dcc8e1"><testcase classname="backend.tests.test_section_security.TestHealthEndpoint" name="test_health_returns_healthy_status" time="0.209" /><testcase classname="backend.tests.test_section_security.TestSecurityQuestions" name="test_get_security_questions" time="1.021" /><testcase classname="backend.tests.test_section_security.TestSecuritySettingsRetrieval" name="test_get_security_settings_returns_all_sections" time="0.107" /><testcase classname="backend.tests.test_section_security.TestSecuritySettingsRetrieval" name="test_security_settings_structure" time="0.120" /><testcase classname="backend.tests.test_section_security.TestPasswordSecurityLayer" name="test_create_password_security_for_sdv" time="0.592" /><testcase classname="backend.tests.test_section_security.TestPasswordSecurityLayer" name="test_verify_correct_password" time="0.330" /><testcase classname="backend.tests.test_section_security.TestPasswordSecurityLayer" name="test_verify_wrong_password_returns_401" time="0.502" /><testcase classname="backend.tests.test_section_security.TestSecurityQuestionLayer" name="test_create_security_question_for_mm" time="0.592" /><testcase classname="backend.tests.test_section_security.TestSecurityQuestionLayer" name="test_verify_correct_security_answer" time="0.356" /><testcase classname="backend.tests.test_section_security.TestSecurityQuestionLayer" name="test_verify_wrong_security_answer_returns_401" time="0.336" /><testcase classname="backend.tests.test_section_security.TestLockModes" name="test_lock_mode_manual" time="0.492" /><testcase classname="backend.tests.test_section_security.TestLockModes" name="test_lock_mode_on_page_leave" time="0.485" /><testcase classname="backend.tests.test_section_security.TestLockModes" name="test_lock_mode_on_logout" time="0.462" /><testcase classname="backend.tests.test_section_security.TestLockModes" name="test_invalid_lock_mode_rejected" time="0.392" /><testcase classname="backend.tests.test_section_security.TestRemoveSecurity" name="test_delete_security_settings" time="0.618" /><testcase classname="backend.tests.test_section_security.TestInvalidSectionHandling" name="test_invalid_section_on_update" time="0.129" /><testcase classname="backend.tests.test_section_security.TestInvalidSectionHandling" name="test_invalid_section_on_verify" time="0.116" /><testcase classname="backend.tests.test_section_security.TestInvalidSectionHandling" name="test_invalid_section_on_delete" time="0.118" /><testcase classname="backend.tests.test_section_security.TestNoSecurityConfigured" name="test_verify_no_security_returns_verified" time="0.238" /><testcase classname="backend.tests.test_section_security.TestCleanup" name="test_cleanup_test_security_settings" time="0.901" /></testsuite></testsuites>