<?xml version="1.0" encoding="utf-8"?><testsuites name="pytest tests"><testsuite name="pytest" errors="0" failures="0" skipped="0" tests="11" time="4.508" timestamp="2026-03-07T11:12:49.524739+00:00" hostname="agent-env-022376f7-b02a-4cc8-93b9-f38ecd19560f"><testcase classname="tests.test_section_permissions.TestHealthAndAuth" name="test_health_check" time="0.184" /><testcase classname="tests.test_section_permissions.TestHealthAndAuth" name="test_benefactor_login" time="0.386" /><testcase classname="tests.test_section_permissions.TestSectionPermissions" name="test_get_section_permissions_authenticated_owner" time="0.560" /><testcase classname="tests.test_section_permissions.TestSectionPermissions" name="test_get_section_permissions_unauthenticated" time="0.578" /><testcase classname="tests.test_section_permissions.TestSectionPermissions" name="test_put_section_permissions_structure" time="0.651" /><testcase classname="tests.test_section_permissions.TestSectionPermissions" name="test_put_section_permissions_unauthenticated" time="0.532" /><testcase classname="tests.test_section_permissions.TestMyPermissionsEndpoint" name="test_my_permissions_non_beneficiary" time="0.529" /><testcase classname="tests.test_section_permissions.TestMyPermissionsEndpoint" name="test_my_permissions_unauthenticated" time="0.530" /><testcase classname="tests.test_section_permissions.TestAccountLockGuard" name="test_guard_exists_in_guards_file" time="0.000" /><testcase classname="tests.test_section_permissions.TestTransitionApprovalLocks" name="test_transition_approval_code_locks_account" time="0.000" /><testcase classname="tests.test_section_permissions.TestTransitionStatus" name="test_transition_status_endpoint" time="0.527" /></testsuite></testsuites>