<?xml version="1.0" encoding="utf-8"?><testsuites name="pytest tests"><testsuite name="pytest" errors="0" failures="0" skipped="0" tests="16" time="7.751" timestamp="2026-03-22T03:47:58.829089+00:00" hostname="agent-env-80fbbd59-7c31-419b-9a1b-00d08dfacfe5"><testcase classname="tests.test_security_pin_feature.TestSecuritySettingsAPI" name="test_get_security_settings_returns_pin_fields" time="0.642" /><testcase classname="tests.test_security_pin_feature.TestSecuritySettingsAPI" name="test_get_security_settings_has_all_sections" time="0.136" /><testcase classname="tests.test_security_pin_feature.TestSecuritySettingsAPI" name="test_get_security_settings_section_structure" time="0.125" /><testcase classname="tests.test_security_pin_feature.TestSecuritySettingsUpdate" name="test_enable_pin_with_valid_4_digit_pin" time="0.329" /><testcase classname="tests.test_security_pin_feature.TestSecuritySettingsUpdate" name="test_enable_pin_with_valid_8_digit_pin" time="0.328" /><testcase classname="tests.test_security_pin_feature.TestSecuritySettingsUpdate" name="test_reject_pin_less_than_4_digits" time="0.142" /><testcase classname="tests.test_security_pin_feature.TestSecuritySettingsUpdate" name="test_reject_pin_more_than_8_digits" time="0.146" /><testcase classname="tests.test_security_pin_feature.TestSecuritySettingsUpdate" name="test_reject_non_numeric_pin" time="0.102" /><testcase classname="tests.test_security_pin_feature.TestSecuritySettingsUpdate" name="test_update_settings_persists_pin" time="0.508" /><testcase classname="tests.test_security_pin_feature.TestSecurityVerification" name="test_verify_correct_pin" time="0.708" /><testcase classname="tests.test_security_pin_feature.TestSecurityVerification" name="test_verify_wrong_pin_returns_401" time="0.683" /><testcase classname="tests.test_security_pin_feature.TestSecurityVerification" name="test_verify_missing_pin_returns_400" time="0.430" /><testcase classname="tests.test_security_pin_feature.TestSecurityQuestions" name="test_get_security_questions" time="0.097" /><testcase classname="tests.test_security_pin_feature.TestRemoveSecurity" name="test_remove_section_security" time="0.558" /><testcase classname="tests.test_security_pin_feature.TestMultiLayerSecurity" name="test_enable_all_three_layers" time="0.888" /><testcase classname="tests.test_security_pin_feature.TestMultiLayerSecurity" name="test_verify_all_three_layers" time="1.878" /></testsuite></testsuites>