<?xml version="1.0" encoding="utf-8"?><testsuites name="pytest tests"><testsuite name="pytest" errors="0" failures="0" skipped="0" tests="10" time="4.154" timestamp="2026-02-28T19:02:04.943949+00:00" hostname="agent-env-1f47bf55-ca59-4071-930f-7279c1d605d2"><testcase classname="tests.test_security_fixes.TestVerifyPasswordEndpoint" name="test_verify_password_success" time="0.505" /><testcase classname="tests.test_security_fixes.TestVerifyPasswordEndpoint" name="test_verify_password_wrong_password" time="0.368" /><testcase classname="tests.test_security_fixes.TestVerifyPasswordEndpoint" name="test_verify_password_nonexistent_user" time="0.167" /><testcase classname="tests.test_security_fixes.TestSectionUnlockSession" name="test_verify_section_creates_unlock_session" time="0.476" /><testcase classname="tests.test_security_fixes.TestSectionUnlockSession" name="test_check_unlock_status_unlocked" time="0.473" /><testcase classname="tests.test_security_fixes.TestSectionUnlockSession" name="test_check_unlock_status_endpoint_exists" time="0.430" /><testcase classname="tests.test_security_fixes.TestSecuritySettingsToggle" name="test_security_settings_endpoint" time="0.403" /><testcase classname="tests.test_security_fixes.TestSecuritySettingsToggle" name="test_security_questions_endpoint" time="0.418" /><testcase classname="tests.test_security_fixes.TestEstateAndDashboard" name="test_get_estates" time="0.402" /><testcase classname="tests.test_security_fixes.TestEstateAndDashboard" name="test_estate_readiness" time="0.478" /></testsuite></testsuites>