<?xml version="1.0" encoding="utf-8"?><testsuites name="pytest tests"><testsuite name="pytest" errors="0" failures="0" skipped="1" tests="9" time="1.690" timestamp="2026-03-26T12:43:59.486037+00:00" hostname="agent-env-6c13d76c-6867-44b9-b9a4-141c9a77fcc9"><testcase classname="tests.test_security_settings_features.TestSecurityAPIs" name="test_2fa_preference_endpoint" time="0.494" /><testcase classname="tests.test_security_settings_features.TestSecurityAPIs" name="test_passkeys_endpoint" time="0.000"><skipped type="pytest.skip" message="Passkeys endpoint uses /auth/webauthn/ prefix - pre-existing mismatch with frontend">/app/backend/tests/test_security_settings_features.py:50: Passkeys endpoint uses /auth/webauthn/ prefix - pre-existing mismatch with frontend</skipped></testcase><testcase classname="tests.test_security_settings_features.TestSecurityAPIs" name="test_sms_otp_status_endpoint" time="0.103" /><testcase classname="tests.test_security_settings_features.TestEmailPreviewEndpoints" name="test_analytics_digest_preview" time="0.466" /><testcase classname="tests.test_security_settings_features.TestEmailPreviewEndpoints" name="test_audit_digest_preview" time="0.130" /><testcase classname="tests.test_security_settings_features.TestEmailPreviewEndpoints" name="test_audit_digest_responsive_html" time="0.127" /><testcase classname="tests.test_security_settings_features.TestEmailPreviewEndpoints" name="test_email_preferences_endpoint" time="0.112" /><testcase classname="tests.test_security_settings_features.TestNonAdminAccess" name="test_analytics_preview_requires_admin" time="0.109" /><testcase classname="tests.test_security_settings_features.TestNonAdminAccess" name="test_audit_preview_requires_admin" time="0.118" /></testsuite></testsuites>