<?xml version="1.0" encoding="utf-8"?><testsuites name="pytest tests"><testsuite name="pytest" errors="0" failures="0" skipped="0" tests="13" time="7.779" timestamp="2026-02-27T20:40:57.774914+00:00" hostname="agent-env-d68a736d-5496-4254-9321-7be01f2ddcf8"><testcase classname="tests.test_security_hardening.TestSecurityHeaders" name="test_health_endpoint_has_security_headers" time="0.177" /><testcase classname="tests.test_security_hardening.TestSecurityHeaders" name="test_login_endpoint_has_security_headers" time="0.354" /><testcase classname="tests.test_security_hardening.TestSecurityHeaders" name="test_auth_error_endpoint_has_security_headers" time="0.114" /><testcase classname="tests.test_security_hardening.TestDevLoginRestriction" name="test_dev_login_works_for_admin" time="0.497" /><testcase classname="tests.test_security_hardening.TestDevLoginRestriction" name="test_dev_login_returns_403_for_non_admin" time="0.323" /><testcase classname="tests.test_security_hardening.TestDevLoginRestriction" name="test_dev_login_returns_401_for_invalid_credentials" time="0.120" /><testcase classname="tests.test_security_hardening.TestRegularLogin" name="test_regular_login_works_for_admin" time="0.381" /><testcase classname="tests.test_security_hardening.TestRegularLogin" name="test_regular_login_works_for_non_admin" time="0.343" /><testcase classname="tests.test_security_hardening.TestRateLimiting" name="test_rate_limit_returns_429_after_threshold" time="3.764" /><testcase classname="tests.test_security_hardening.TestSubscriptionStatus" name="test_subscription_status_endpoint" time="0.483" /><testcase classname="tests.test_security_hardening.TestPlansEndpoint" name="test_plans_endpoint_returns_tiers" time="0.140" /><testcase classname="tests.test_security_hardening.TestAnalyticsEndpoint" name="test_analytics_endpoint_works" time="0.513" /><testcase classname="tests.test_security_hardening.TestAdminVerificationManagement" name="test_admin_verifications_endpoint" time="0.490" /></testsuite></testsuites>