<?xml version="1.0" encoding="utf-8"?><testsuites name="pytest tests"><testsuite name="pytest" errors="0" failures="3" skipped="0" tests="13" time="7.671" timestamp="2026-02-27T20:40:05.358981+00:00" hostname="agent-env-d68a736d-5496-4254-9321-7be01f2ddcf8"><testcase classname="tests.test_security_hardening.TestSecurityHeaders" name="test_health_endpoint_has_security_headers" time="0.242" /><testcase classname="tests.test_security_hardening.TestSecurityHeaders" name="test_login_endpoint_has_security_headers" time="0.362" /><testcase classname="tests.test_security_hardening.TestSecurityHeaders" name="test_auth_error_endpoint_has_security_headers" time="0.163" /><testcase classname="tests.test_security_hardening.TestDevLoginRestriction" name="test_dev_login_works_for_admin" time="0.386" /><testcase classname="tests.test_security_hardening.TestDevLoginRestriction" name="test_dev_login_returns_403_for_non_admin" time="0.362" /><testcase classname="tests.test_security_hardening.TestDevLoginRestriction" name="test_dev_login_returns_401_for_invalid_credentials" time="0.116" /><testcase classname="tests.test_security_hardening.TestRegularLogin" name="test_regular_login_works_for_admin" time="0.339" /><testcase classname="tests.test_security_hardening.TestRegularLogin" name="test_regular_login_works_for_non_admin" time="0.349" /><testcase classname="tests.test_security_hardening.TestRateLimiting" name="test_rate_limit_returns_429_after_threshold" time="3.648" /><testcase classname="tests.test_security_hardening.TestSubscriptionStatus" name="test_subscription_status_endpoint" time="0.462"><failure message="AssertionError: assert 'subscription_status' in {'beta_mode': True, 'custom_discount': 0, 'eligible_tiers': [], 'free_access': True, ...}">tests/test_security_hardening.py:210: in test_subscription_status_endpoint
    assert "subscription_status" in data
E   AssertionError: assert 'subscription_status' in {'beta_mode': True, 'custom_discount': 0, 'eligible_tiers': [], 'free_access': True, ...}</failure></testcase><testcase classname="tests.test_security_hardening.TestPlansEndpoint" name="test_plans_endpoint_returns_tiers" time="0.119"><failure message="AssertionError: Expected 4 beneficiary tiers, got 0&#10;assert 0 &gt;= 4&#10; +  where 0 = len([])">tests/test_security_hardening.py:231: in test_plans_endpoint_returns_tiers
    assert len(beneficiary_tiers) &gt;= 4, f"Expected 4 beneficiary tiers, got {len(beneficiary_tiers)}"
E   AssertionError: Expected 4 beneficiary tiers, got 0
E   assert 0 &gt;= 4
E    +  where 0 = len([])</failure></testcase><testcase classname="tests.test_security_hardening.TestAnalyticsEndpoint" name="test_analytics_endpoint_works" time="0.522"><failure message="assert 404 == 200&#10; +  where 404 = &lt;Response [404]&gt;.status_code">tests/test_security_hardening.py:251: in test_analytics_endpoint_works
    assert response.status_code == 200
E   assert 404 == 200
E    +  where 404 = &lt;Response [404]&gt;.status_code</failure></testcase><testcase classname="tests.test_security_hardening.TestAdminVerificationManagement" name="test_admin_verifications_endpoint" time="0.494" /></testsuite></testsuites>