<?xml version="1.0" encoding="utf-8"?><testsuites name="pytest tests"><testsuite name="pytest" errors="0" failures="1" skipped="0" tests="12" time="4.789" timestamp="2026-03-02T09:05:37.156401+00:00" hostname="agent-env-4fe230d9-5487-436b-ac90-999fa8c0b739"><testcase classname="tests.test_signup_registration_stubs.TestRegistrationWithNewFields" name="test_register_benefactor_with_full_demographics" time="0.644" /><testcase classname="tests.test_signup_registration_stubs.TestRegistrationWithNewFields" name="test_register_single_benefactor_no_stubs" time="0.512" /><testcase classname="tests.test_signup_registration_stubs.TestRegistrationWithNewFields" name="test_register_domestic_partnership_creates_spouse_stub" time="0.587" /><testcase classname="tests.test_signup_registration_stubs.TestRegistrationWithNewFields" name="test_register_with_multiple_dependents" time="0.484" /><testcase classname="tests.test_signup_registration_stubs.TestRegistrationWithNewFields" name="test_register_beneficiary_no_estate_created" time="0.491" /><testcase classname="tests.test_signup_registration_stubs.TestRegistrationWithNewFields" name="test_register_with_address_fields" time="0.510" /><testcase classname="tests.test_signup_registration_stubs.TestRegistrationWithNewFields" name="test_register_duplicate_email_rejected" time="0.660" /><testcase classname="tests.test_signup_registration_stubs.TestRegistrationWithNewFields" name="test_register_weak_password_rejected" time="0.095" /><testcase classname="tests.test_signup_registration_stubs.TestRegistrationWithNewFields" name="test_register_password_complexity_required" time="0.153" /><testcase classname="tests.test_signup_registration_stubs.TestRegistrationWithNewFields" name="test_register_optional_fields_can_be_null" time="0.510" /><testcase classname="tests.test_signup_registration_stubs.TestBeneficiaryUpdate" name="test_beneficiary_update_endpoint_exists" time="0.098"><failure message="AssertionError: Unexpected status: 403&#10;assert 403 in [401, 404, 422]&#10; +  where 403 = &lt;Response [403]&gt;.status_code">tests/test_signup_registration_stubs.py:248: in test_beneficiary_update_endpoint_exists
    assert response.status_code in [401, 404, 422], f"Unexpected status: {response.status_code}"
E   AssertionError: Unexpected status: 403
E   assert 403 in [401, 404, 422]
E    +  where 403 = &lt;Response [403]&gt;.status_code</failure></testcase><testcase classname="tests.test_signup_registration_stubs.TestAddressAutocomplete" name="test_google_places_api_key_configured" time="0.000" /></testsuite></testsuites>