<?xml version="1.0" encoding="utf-8"?><testsuites name="pytest tests"><testsuite name="pytest" errors="0" failures="0" skipped="0" tests="12" time="14.137" timestamp="2026-02-25T15:15:53.605616+00:00" hostname="agent-env-1517db17-047e-499e-ab64-91ba306458ff"><testcase classname="backend.tests.test_signup_fields.TestSignupRegistration" name="test_register_with_all_fields" time="0.907" /><testcase classname="backend.tests.test_signup_fields.TestSignupRegistration" name="test_register_without_middle_name" time="0.649" /><testcase classname="backend.tests.test_signup_fields.TestSignupRegistration" name="test_register_with_suffix_none" time="0.653" /><testcase classname="backend.tests.test_signup_fields.TestSignupRegistration" name="test_register_with_gender_not_selected" time="0.587" /><testcase classname="backend.tests.test_signup_fields.TestSignupRegistration" name="test_register_with_all_suffix_options" time="5.667" /><testcase classname="backend.tests.test_signup_fields.TestSignupRegistration" name="test_register_with_all_gender_options" time="2.609" /><testcase classname="backend.tests.test_signup_fields.TestSignupRegistration" name="test_register_missing_first_name" time="0.118" /><testcase classname="backend.tests.test_signup_fields.TestSignupRegistration" name="test_register_missing_last_name" time="0.128" /><testcase classname="backend.tests.test_signup_fields.TestSignupRegistration" name="test_register_short_password" time="0.163" /><testcase classname="backend.tests.test_signup_fields.TestSignupRegistration" name="test_register_duplicate_email" time="0.788" /><testcase classname="backend.tests.test_signup_fields.TestOTPVerification" name="test_complete_signup_flow_with_otp" time="0.861" /><testcase classname="backend.tests.test_signup_fields.TestUserDataPersistence" name="test_user_name_construction" time="0.926" /></testsuite></testsuites>