<?xml version="1.0" encoding="utf-8"?><testsuites name="pytest tests"><testsuite name="pytest" errors="0" failures="0" skipped="0" tests="13" time="3.644" timestamp="2026-03-25T02:50:18.220969+00:00" hostname="agent-env-382d1593-f359-4cb3-9c5a-870c64a3838e"><testcase classname="tests.test_sms_otp_feature.TestSMSOTPFeature" name="test_health_check" time="0.185" /><testcase classname="tests.test_sms_otp_feature.TestSMSOTPFeature" name="test_sms_otp_status_endpoint_exists" time="0.392" /><testcase classname="tests.test_sms_otp_feature.TestSMSOTPFeature" name="test_sms_otp_setup_requires_consent" time="0.384" /><testcase classname="tests.test_sms_otp_feature.TestSMSOTPFeature" name="test_sms_otp_setup_requires_valid_phone" time="0.390" /><testcase classname="tests.test_sms_otp_feature.TestSMSOTPFeature" name="test_sms_otp_setup_sends_code" time="0.498" /><testcase classname="tests.test_sms_otp_feature.TestSMSOTPFeature" name="test_sms_otp_verify_requires_pending_verification" time="0.393" /><testcase classname="tests.test_sms_otp_feature.TestSMSOTPFeature" name="test_sms_otp_disable_endpoint" time="0.414" /><testcase classname="tests.test_sms_otp_feature.TestSMSOTPFeature" name="test_resend_otp_accepts_method_parameter" time="0.159" /><testcase classname="tests.test_sms_otp_feature.TestSMSOTPFeature" name="test_login_response_structure_for_sms_user" time="0.335" /><testcase classname="tests.test_sms_otp_feature.TestSMSOTPEndpointAuthentication" name="test_sms_otp_status_requires_auth" time="0.143" /><testcase classname="tests.test_sms_otp_feature.TestSMSOTPEndpointAuthentication" name="test_sms_otp_setup_requires_auth" time="0.100" /><testcase classname="tests.test_sms_otp_feature.TestSMSOTPEndpointAuthentication" name="test_sms_otp_verify_requires_auth" time="0.112" /><testcase classname="tests.test_sms_otp_feature.TestSMSOTPEndpointAuthentication" name="test_sms_otp_disable_requires_auth" time="0.115" /></testsuite></testsuites>