<?xml version="1.0" encoding="utf-8"?><testsuites name="pytest tests"><testsuite name="pytest" errors="0" failures="0" skipped="14" tests="21" time="22.178" timestamp="2026-03-08T07:10:58.367936+00:00" hostname="agent-env-0d7f73fd-7e0e-4379-be26-48faa0b5eebd"><testcase classname="tests.test_soft_delete_restore.TestHealthCheck" name="test_health_endpoint" time="0.217" /><testcase classname="tests.test_soft_delete_restore.TestSupportConversations" name="test_get_conversations_excludes_deleted_by_default" time="1.371" /><testcase classname="tests.test_soft_delete_restore.TestSupportConversations" name="test_get_conversations_include_deleted_admin_only" time="1.258"><skipped type="pytest.skip" message="No admin token available">/app/backend/tests/test_soft_delete_restore.py:121: No admin token available</skipped></testcase><testcase classname="tests.test_soft_delete_restore.TestSupportConversations" name="test_delete_conversation_soft_deletes" time="1.196"><skipped type="pytest.skip" message="No admin token available">/app/backend/tests/test_soft_delete_restore.py:132: No admin token available</skipped></testcase><testcase classname="tests.test_soft_delete_restore.TestSupportConversations" name="test_restore_conversation_admin_only" time="1.244" /><testcase classname="tests.test_soft_delete_restore.TestDTSTasks" name="test_get_all_dts_tasks_excludes_deleted" time="1.332" /><testcase classname="tests.test_soft_delete_restore.TestDTSTasks" name="test_get_dts_tasks_include_deleted_admin_only" time="1.221"><skipped type="pytest.skip" message="No admin token">/app/backend/tests/test_soft_delete_restore.py:209: No admin token</skipped></testcase><testcase classname="tests.test_soft_delete_restore.TestDTSTasks" name="test_restore_dts_task_admin_only" time="0.956" /><testcase classname="tests.test_soft_delete_restore.TestVerifications" name="test_get_verifications_excludes_deleted" time="0.950"><skipped type="pytest.skip" message="No admin/operator token">/app/backend/tests/test_soft_delete_restore.py:251: No admin/operator token</skipped></testcase><testcase classname="tests.test_soft_delete_restore.TestVerifications" name="test_get_verifications_include_deleted_admin" time="0.984"><skipped type="pytest.skip" message="No admin token">/app/backend/tests/test_soft_delete_restore.py:269: No admin token</skipped></testcase><testcase classname="tests.test_soft_delete_restore.TestVerifications" name="test_delete_verification_soft_deletes" time="0.948"><skipped type="pytest.skip" message="No admin/operator token">/app/backend/tests/test_soft_delete_restore.py:281: No admin/operator token</skipped></testcase><testcase classname="tests.test_soft_delete_restore.TestVerifications" name="test_restore_verification_admin_only" time="1.178" /><testcase classname="tests.test_soft_delete_restore.TestTransitionCertificates" name="test_get_all_certificates_excludes_deleted" time="1.185"><skipped type="pytest.skip" message="No admin/operator token">/app/backend/tests/test_soft_delete_restore.py:335: No admin/operator token</skipped></testcase><testcase classname="tests.test_soft_delete_restore.TestTransitionCertificates" name="test_get_certificates_include_deleted" time="1.247"><skipped type="pytest.skip" message="No admin token">/app/backend/tests/test_soft_delete_restore.py:353: No admin token</skipped></testcase><testcase classname="tests.test_soft_delete_restore.TestTransitionCertificates" name="test_soft_delete_certificate" time="1.221"><skipped type="pytest.skip" message="No admin/operator token">/app/backend/tests/test_soft_delete_restore.py:365: No admin/operator token</skipped></testcase><testcase classname="tests.test_soft_delete_restore.TestTransitionCertificates" name="test_restore_certificate_admin_only" time="1.199" /><testcase classname="tests.test_soft_delete_restore.TestRoleAccess" name="test_operator_can_access_support_conversations" time="1.002"><skipped type="pytest.skip" message="No operator token">/app/backend/tests/test_soft_delete_restore.py:416: No operator token</skipped></testcase><testcase classname="tests.test_soft_delete_restore.TestRoleAccess" name="test_operator_can_delete_conversation" time="0.867"><skipped type="pytest.skip" message="No operator token">/app/backend/tests/test_soft_delete_restore.py:427: No operator token</skipped></testcase><testcase classname="tests.test_soft_delete_restore.TestRoleAccess" name="test_operator_can_access_dts_tasks" time="0.840"><skipped type="pytest.skip" message="No operator token">/app/backend/tests/test_soft_delete_restore.py:449: No operator token</skipped></testcase><testcase classname="tests.test_soft_delete_restore.TestRoleAccess" name="test_operator_can_access_verifications" time="0.881"><skipped type="pytest.skip" message="No operator token">/app/backend/tests/test_soft_delete_restore.py:460: No operator token</skipped></testcase><testcase classname="tests.test_soft_delete_restore.TestRoleAccess" name="test_operator_cannot_restore_items" time="0.843"><skipped type="pytest.skip" message="No operator token">/app/backend/tests/test_soft_delete_restore.py:471: No operator token</skipped></testcase></testsuite></testsuites>