<?xml version="1.0" encoding="utf-8"?><testsuites name="pytest tests"><testsuite name="pytest" errors="0" failures="0" skipped="8" tests="20" time="9.634" timestamp="2026-03-08T07:17:42.013089+00:00" hostname="agent-env-0d7f73fd-7e0e-4379-be26-48faa0b5eebd"><testcase classname="tests.test_soft_delete_restore_v2.TestHealthCheck" name="test_api_health" time="0.142" /><testcase classname="tests.test_soft_delete_restore_v2.TestAuthentication" name="test_admin_login" time="0.356" /><testcase classname="tests.test_soft_delete_restore_v2.TestAuthentication" name="test_operator_login" time="0.331" /><testcase classname="tests.test_soft_delete_restore_v2.TestSupportConversations" name="test_get_conversations_admin" time="0.770" /><testcase classname="tests.test_soft_delete_restore_v2.TestSupportConversations" name="test_get_conversations_operator" time="0.766" /><testcase classname="tests.test_soft_delete_restore_v2.TestSupportConversations" name="test_get_conversations_include_deleted_admin" time="0.768" /><testcase classname="tests.test_soft_delete_restore_v2.TestSupportConversations" name="test_operator_cannot_restore_conversation" time="0.763" /><testcase classname="tests.test_soft_delete_restore_v2.TestDTSTasks" name="test_get_dts_tasks_admin" time="0.767" /><testcase classname="tests.test_soft_delete_restore_v2.TestDTSTasks" name="test_get_dts_tasks_operator" time="0.776" /><testcase classname="tests.test_soft_delete_restore_v2.TestDTSTasks" name="test_get_dts_tasks_include_deleted" time="0.748" /><testcase classname="tests.test_soft_delete_restore_v2.TestDTSTasks" name="test_operator_cannot_restore_dts_task" time="0.768" /><testcase classname="tests.test_soft_delete_restore_v2.TestVerifications" name="test_get_verifications_admin" time="0.765" /><testcase classname="tests.test_soft_delete_restore_v2.TestVerifications" name="test_get_verifications_operator" time="0.420"><skipped type="pytest.skip" message="No operator token">/app/backend/tests/test_soft_delete_restore_v2.py:168: No operator token</skipped></testcase><testcase classname="tests.test_soft_delete_restore_v2.TestVerifications" name="test_get_verifications_include_deleted" time="0.197"><skipped type="pytest.skip" message="No admin token">/app/backend/tests/test_soft_delete_restore_v2.py:177: No admin token</skipped></testcase><testcase classname="tests.test_soft_delete_restore_v2.TestVerifications" name="test_operator_cannot_restore_verification" time="0.224"><skipped type="pytest.skip" message="No operator token">/app/backend/tests/test_soft_delete_restore_v2.py:186: No operator token</skipped></testcase><testcase classname="tests.test_soft_delete_restore_v2.TestTransitionCertificates" name="test_get_certificates_admin" time="0.199"><skipped type="pytest.skip" message="No admin token">/app/backend/tests/test_soft_delete_restore_v2.py:204: No admin token</skipped></testcase><testcase classname="tests.test_soft_delete_restore_v2.TestTransitionCertificates" name="test_get_certificates_operator" time="0.200"><skipped type="pytest.skip" message="No operator token">/app/backend/tests/test_soft_delete_restore_v2.py:213: No operator token</skipped></testcase><testcase classname="tests.test_soft_delete_restore_v2.TestTransitionCertificates" name="test_get_certificates_include_deleted" time="0.218"><skipped type="pytest.skip" message="No admin token">/app/backend/tests/test_soft_delete_restore_v2.py:222: No admin token</skipped></testcase><testcase classname="tests.test_soft_delete_restore_v2.TestTransitionCertificates" name="test_operator_cannot_restore_certificate" time="0.221"><skipped type="pytest.skip" message="No operator token">/app/backend/tests/test_soft_delete_restore_v2.py:231: No operator token</skipped></testcase><testcase classname="tests.test_soft_delete_restore_v2.TestRestoreEndpointsPermissions" name="test_all_restore_endpoints_deny_operator" time="0.200"><skipped type="pytest.skip" message="No operator token">/app/backend/tests/test_soft_delete_restore_v2.py:249: No operator token</skipped></testcase></testsuite></testsuites>