<?xml version="1.0" encoding="utf-8"?><testsuites name="pytest tests"><testsuite name="pytest" errors="0" failures="0" skipped="0" tests="15" time="6.388" timestamp="2026-03-02T09:26:15.704865+00:00" hostname="agent-env-4fe230d9-5487-436b-ac90-999fa8c0b739"><testcase classname="tests.test_special_status_signup.TestSpecialStatusRegistration" name="test_register_benefactor_with_military_status" time="0.650" /><testcase classname="tests.test_special_status_signup.TestSpecialStatusRegistration" name="test_register_benefactor_with_federal_agent_status" time="0.506" /><testcase classname="tests.test_special_status_signup.TestSpecialStatusRegistration" name="test_register_benefactor_with_first_responder_status" time="0.508" /><testcase classname="tests.test_special_status_signup.TestSpecialStatusRegistration" name="test_register_benefactor_with_hospice_status" time="0.501" /><testcase classname="tests.test_special_status_signup.TestSpecialStatusRegistration" name="test_register_benefactor_with_multiple_special_statuses" time="0.527" /><testcase classname="tests.test_special_status_signup.TestSpecialStatusRegistration" name="test_register_young_adult_benefactor_gets_new_adult_tier" time="0.992" /><testcase classname="tests.test_special_status_signup.TestBeneficiarySignup" name="test_register_beneficiary_with_benefactor_email" time="0.995" /><testcase classname="tests.test_special_status_signup.TestBeneficiarySignup" name="test_register_beneficiary_without_benefactor_email" time="0.476" /><testcase classname="tests.test_special_status_signup.TestBeneficiarySignup" name="test_register_minor_beneficiary" time="1.079" /><testcase classname="tests.test_special_status_signup.TestSubscriptionStatusEndpoint" name="test_subscription_plans_endpoint" time="0.105" /><testcase classname="tests.test_special_status_signup.TestCodeReview" name="test_auth_register_has_eligible_tier_logic" time="0.006" /><testcase classname="tests.test_special_status_signup.TestCodeReview" name="test_auth_register_has_special_status_logic" time="0.003" /><testcase classname="tests.test_special_status_signup.TestCodeReview" name="test_auth_register_has_benefactor_email_linking" time="0.003" /><testcase classname="tests.test_special_status_signup.TestCodeReview" name="test_subscription_status_returns_special_fields" time="0.003" /><testcase classname="tests.test_special_status_signup.TestCodeReview" name="test_subscription_management_has_auto_tier_logic" time="0.003" /></testsuite></testsuites>