<?xml version="1.0" encoding="utf-8"?><testsuites name="pytest tests"><testsuite name="pytest" errors="0" failures="0" skipped="0" tests="11" time="1.317" timestamp="2026-03-08T09:41:44.038346+00:00" hostname="agent-env-512f8fa4-9c2a-4fc9-9f03-b3580f4f2d87"><testcase classname="tests.test_staff_tools_mobile.TestAnnouncements" name="test_create_announcement" time="0.227" /><testcase classname="tests.test_staff_tools_mobile.TestAnnouncements" name="test_list_announcements" time="0.112" /><testcase classname="tests.test_staff_tools_mobile.TestSystemHealth" name="test_get_system_health" time="0.102" /><testcase classname="tests.test_staff_tools_mobile.TestMyActivity" name="test_get_my_activity" time="0.110" /><testcase classname="tests.test_staff_tools_mobile.TestQuickSearch" name="test_search_with_query" time="0.104" /><testcase classname="tests.test_staff_tools_mobile.TestShiftNotes" name="test_create_shift_note" time="0.107" /><testcase classname="tests.test_staff_tools_mobile.TestShiftNotes" name="test_list_shift_notes" time="0.115" /><testcase classname="tests.test_staff_tools_mobile.TestEscalations" name="test_create_escalation" time="0.104" /><testcase classname="tests.test_staff_tools_mobile.TestEscalations" name="test_list_escalations" time="0.102" /><testcase classname="tests.test_staff_tools_mobile.TestKnowledgeBase" name="test_create_kb_article" time="0.104" /><testcase classname="tests.test_staff_tools_mobile.TestKnowledgeBase" name="test_list_kb_articles" time="0.101" /></testsuite></testsuites>