<?xml version="1.0" encoding="utf-8"?><testsuites name="pytest tests"><testsuite name="pytest" errors="0" failures="0" skipped="0" tests="28" time="4.848" timestamp="2026-03-08T08:56:07.808818+00:00" hostname="agent-env-9e47a84b-18d9-485b-9cfb-4a8bd8fdc544"><testcase classname="tests.test_staff_tools.TestAnnouncements" name="test_create_announcement_founder" time="0.460" /><testcase classname="tests.test_staff_tools.TestAnnouncements" name="test_list_announcements_founder" time="0.099" /><testcase classname="tests.test_staff_tools.TestAnnouncements" name="test_delete_announcement_founder" time="0.207" /><testcase classname="tests.test_staff_tools.TestAnnouncements" name="test_announcements_blocked_for_benefactor" time="0.537" /><testcase classname="tests.test_staff_tools.TestSystemHealth" name="test_get_system_health_founder" time="0.102" /><testcase classname="tests.test_staff_tools.TestSystemHealth" name="test_system_health_blocked_for_benefactor" time="0.105" /><testcase classname="tests.test_staff_tools.TestEscalations" name="test_create_escalation" time="0.101" /><testcase classname="tests.test_staff_tools.TestEscalations" name="test_list_escalations" time="0.104" /><testcase classname="tests.test_staff_tools.TestEscalations" name="test_list_escalations_with_filter" time="0.102" /><testcase classname="tests.test_staff_tools.TestEscalations" name="test_resolve_escalation_founder" time="0.206" /><testcase classname="tests.test_staff_tools.TestEscalations" name="test_escalations_blocked_for_benefactor" time="0.102" /><testcase classname="tests.test_staff_tools.TestShiftNotes" name="test_create_shift_note" time="0.111" /><testcase classname="tests.test_staff_tools.TestShiftNotes" name="test_list_shift_notes" time="0.098" /><testcase classname="tests.test_staff_tools.TestShiftNotes" name="test_acknowledge_shift_note" time="0.198" /><testcase classname="tests.test_staff_tools.TestShiftNotes" name="test_shift_notes_blocked_for_benefactor" time="0.103" /><testcase classname="tests.test_staff_tools.TestKnowledgeBase" name="test_create_kb_article_founder" time="0.102" /><testcase classname="tests.test_staff_tools.TestKnowledgeBase" name="test_list_kb_articles" time="0.096" /><testcase classname="tests.test_staff_tools.TestKnowledgeBase" name="test_list_kb_articles_with_filter" time="0.112" /><testcase classname="tests.test_staff_tools.TestKnowledgeBase" name="test_update_kb_article_founder" time="0.200" /><testcase classname="tests.test_staff_tools.TestKnowledgeBase" name="test_delete_kb_article_founder" time="0.198" /><testcase classname="tests.test_staff_tools.TestKnowledgeBase" name="test_kb_blocked_for_benefactor" time="0.090" /><testcase classname="tests.test_staff_tools.TestQuickSearch" name="test_search_query" time="0.107" /><testcase classname="tests.test_staff_tools.TestQuickSearch" name="test_search_requires_min_length" time="0.092" /><testcase classname="tests.test_staff_tools.TestQuickSearch" name="test_search_blocked_for_benefactor" time="0.100" /><testcase classname="tests.test_staff_tools.TestMyActivity" name="test_get_my_activity" time="0.103" /><testcase classname="tests.test_staff_tools.TestMyActivity" name="test_my_activity_blocked_for_benefactor" time="0.213" /><testcase classname="tests.test_staff_tools.TestRBAC" name="test_benefactor_blocked_from_admin_get_endpoints" time="0.315" /><testcase classname="tests.test_staff_tools.TestRBAC" name="test_benefactor_blocked_from_ops_get_endpoints" time="0.428" /></testsuite></testsuites>