<?xml version="1.0" encoding="utf-8"?><testsuites name="pytest tests"><testsuite name="pytest" errors="0" failures="0" skipped="0" tests="25" time="9.337" timestamp="2026-02-27T20:07:31.784741+00:00" hostname="agent-env-d68a736d-5496-4254-9321-7be01f2ddcf8"><testcase classname="tests.test_subscription_features.TestSubscriptionPlans" name="test_get_plans_returns_200" time="0.203" /><testcase classname="tests.test_subscription_features.TestSubscriptionPlans" name="test_plans_returns_six_tiers" time="0.162" /><testcase classname="tests.test_subscription_features.TestSubscriptionPlans" name="test_plans_pricing_correct" time="0.152" /><testcase classname="tests.test_subscription_features.TestSubscriptionPlans" name="test_plans_have_quarterly_annual_pricing" time="0.126" /><testcase classname="tests.test_subscription_features.TestSubscriptionPlans" name="test_beneficiary_plans_returned" time="0.145" /><testcase classname="tests.test_subscription_features.TestSubscriptionPlans" name="test_beta_mode_flag_returned" time="0.130" /><testcase classname="tests.test_subscription_features.TestSubscriptionPlans" name="test_family_plan_enabled_returned" time="0.149" /><testcase classname="tests.test_subscription_features.TestSubscriptionStatus" name="test_status_requires_auth" time="0.123" /><testcase classname="tests.test_subscription_features.TestSubscriptionStatus" name="test_status_returns_trial_info" time="0.522" /><testcase classname="tests.test_subscription_features.TestSubscriptionStatus" name="test_status_returns_beta_mode" time="0.494" /><testcase classname="tests.test_subscription_features.TestSubscriptionStatus" name="test_status_returns_subscription_details" time="0.539" /><testcase classname="tests.test_subscription_features.TestSubscriptionStatus" name="test_status_returns_user_role" time="0.496" /><testcase classname="tests.test_subscription_features.TestVerificationUpload" name="test_upload_requires_auth" time="0.140" /><testcase classname="tests.test_subscription_features.TestVerificationUpload" name="test_upload_requires_valid_tier" time="0.524" /><testcase classname="tests.test_subscription_features.TestVerificationUpload" name="test_upload_accepts_military_tier" time="0.490" /><testcase classname="tests.test_subscription_features.TestVerificationStatus" name="test_verification_status_requires_auth" time="0.173" /><testcase classname="tests.test_subscription_features.TestVerificationStatus" name="test_verification_status_returns_data" time="0.473" /><testcase classname="tests.test_subscription_features.TestAdminVerifications" name="test_list_verifications_requires_admin" time="0.519" /><testcase classname="tests.test_subscription_features.TestAdminVerifications" name="test_list_verifications_admin" time="0.534" /><testcase classname="tests.test_subscription_features.TestAdminVerifications" name="test_review_verification_requires_admin" time="0.510" /><testcase classname="tests.test_subscription_features.TestAdminVerifications" name="test_review_invalid_action" time="0.486" /><testcase classname="tests.test_subscription_features.TestAdminSubscriptionStats" name="test_stats_requires_admin" time="0.545" /><testcase classname="tests.test_subscription_features.TestAdminSubscriptionStats" name="test_stats_returns_data" time="0.524" /><testcase classname="tests.test_subscription_features.TestAdminSubscriptionSettings" name="test_get_settings_admin_only" time="0.604" /><testcase classname="tests.test_subscription_features.TestExpiredTrialUser" name="test_create_and_check_expired_user" time="0.478" /></testsuite></testsuites>