<?xml version="1.0" encoding="utf-8"?><testsuites name="pytest tests"><testsuite name="pytest" errors="0" failures="0" skipped="0" tests="11" time="9.512" timestamp="2026-02-27T20:24:59.114657+00:00" hostname="agent-env-d68a736d-5496-4254-9321-7be01f2ddcf8"><testcase classname="tests.test_subscription_analytics.TestSubscriptionAnalyticsAPI" name="test_subscription_stats_requires_auth" time="0.816" /><testcase classname="tests.test_subscription_analytics.TestSubscriptionAnalyticsAPI" name="test_subscription_stats_requires_admin_role" time="0.858" /><testcase classname="tests.test_subscription_analytics.TestSubscriptionAnalyticsAPI" name="test_subscription_stats_returns_mrr" time="0.970" /><testcase classname="tests.test_subscription_analytics.TestSubscriptionAnalyticsAPI" name="test_subscription_stats_returns_arr" time="0.859" /><testcase classname="tests.test_subscription_analytics.TestSubscriptionAnalyticsAPI" name="test_subscription_stats_returns_trial_conversion_pct" time="0.848" /><testcase classname="tests.test_subscription_analytics.TestSubscriptionAnalyticsAPI" name="test_subscription_stats_returns_churn_rate_pct" time="0.889" /><testcase classname="tests.test_subscription_analytics.TestSubscriptionAnalyticsAPI" name="test_subscription_stats_returns_tier_distribution" time="0.849" /><testcase classname="tests.test_subscription_analytics.TestSubscriptionAnalyticsAPI" name="test_subscription_stats_returns_signup_trend" time="0.804" /><testcase classname="tests.test_subscription_analytics.TestSubscriptionAnalyticsAPI" name="test_subscription_stats_returns_trial_breakdown" time="0.903" /><testcase classname="tests.test_subscription_analytics.TestSubscriptionAnalyticsAPI" name="test_subscription_stats_returns_revenue_by_tier" time="0.787" /><testcase classname="tests.test_subscription_analytics.TestSubscriptionAnalyticsAPI" name="test_subscription_stats_returns_all_expected_fields" time="0.857" /></testsuite></testsuites>