<?xml version="1.0" encoding="utf-8"?><testsuites name="pytest tests"><testsuite name="pytest" errors="0" failures="0" skipped="0" tests="23" time="4.028" timestamp="2026-02-28T19:46:22.651551+00:00" hostname="agent-env-6ccb76b6-d325-4c70-892d-8762a1296048"><testcase classname="tests.test_subscription_billing_thumbnails.TestSubscriptionPlansEndpoint" name="test_plans_returns_200" time="0.151" /><testcase classname="tests.test_subscription_billing_thumbnails.TestSubscriptionPlansEndpoint" name="test_plans_contains_beneficiary_plans" time="0.154" /><testcase classname="tests.test_subscription_billing_thumbnails.TestSubscriptionPlansEndpoint" name="test_beneficiary_plans_have_quarterly_price" time="0.128" /><testcase classname="tests.test_subscription_billing_thumbnails.TestSubscriptionPlansEndpoint" name="test_beneficiary_plans_have_annual_price" time="0.113" /><testcase classname="tests.test_subscription_billing_thumbnails.TestSubscriptionPlansEndpoint" name="test_default_plans_have_quarterly_annual_prices" time="0.112" /><testcase classname="tests.test_subscription_billing_thumbnails.TestSubscriptionPlansEndpoint" name="test_quarterly_price_is_10_percent_discount" time="0.173" /><testcase classname="tests.test_subscription_billing_thumbnails.TestSubscriptionPlansEndpoint" name="test_annual_price_is_20_percent_discount" time="0.127" /><testcase classname="tests.test_subscription_billing_thumbnails.TestSubscriptionCheckout" name="test_checkout_returns_beta_mode_error" time="0.120" /><testcase classname="tests.test_subscription_billing_thumbnails.TestSubscriptionCheckout" name="test_checkout_requires_auth" time="0.153" /><testcase classname="tests.test_subscription_billing_thumbnails.TestFamilyPlanRequest" name="test_family_plan_request_invalid_email_404" time="0.111" /><testcase classname="tests.test_subscription_billing_thumbnails.TestFamilyPlanRequest" name="test_family_plan_request_requires_auth" time="0.181" /><testcase classname="tests.test_subscription_billing_thumbnails.TestFamilyPlanRequest" name="test_family_plan_request_accepts_benefactor_email" time="0.111" /><testcase classname="tests.test_subscription_billing_thumbnails.TestBeneficiaryLifecycleStatus" name="test_lifecycle_status_returns_200" time="0.122" /><testcase classname="tests.test_subscription_billing_thumbnails.TestBeneficiaryLifecycleStatus" name="test_lifecycle_status_has_age_events" time="0.111" /><testcase classname="tests.test_subscription_billing_thumbnails.TestBeneficiaryLifecycleStatus" name="test_lifecycle_status_has_grace_period_info" time="0.117" /><testcase classname="tests.test_subscription_billing_thumbnails.TestBeneficiaryLifecycleStatus" name="test_lifecycle_status_requires_auth" time="0.156" /><testcase classname="tests.test_subscription_billing_thumbnails.TestAdminTriggerTransition" name="test_trigger_transition_requires_admin" time="0.120" /><testcase classname="tests.test_subscription_billing_thumbnails.TestAdminTriggerTransition" name="test_trigger_transition_works_for_admin" time="0.454" /><testcase classname="tests.test_subscription_billing_thumbnails.TestAdminTriggerTransition" name="test_trigger_transition_returns_404_for_invalid_benefactor" time="0.432" /><testcase classname="tests.test_subscription_billing_thumbnails.TestDocumentPreviewForThumbnails" name="test_preview_pdf_returns_blob" time="0.401" /><testcase classname="tests.test_subscription_billing_thumbnails.TestDocumentPreviewForThumbnails" name="test_preview_image_returns_blob" time="0.234" /><testcase classname="tests.test_subscription_billing_thumbnails.TestSubscriptionStatus" name="test_status_returns_user_role" time="0.115" /><testcase classname="tests.test_subscription_billing_thumbnails.TestSubscriptionStatus" name="test_status_includes_beta_mode" time="0.104" /></testsuite></testsuites>