<?xml version="1.0" encoding="utf-8"?><testsuites name="pytest tests"><testsuite name="pytest" errors="0" failures="0" skipped="0" tests="8" time="2.494" timestamp="2026-03-10T20:18:48.576392+00:00" hostname="agent-env-35b6fd20-b30f-4f6f-ab00-36dd83e875a3"><testcase classname="tests.test_subscription_paywall_portal.TestSubscriptionPlansEndpoint" name="test_plans_returns_both_plan_arrays" time="0.217" /><testcase classname="tests.test_subscription_paywall_portal.TestSubscriptionPlansEndpoint" name="test_benefactor_plans_have_correct_ids" time="0.151" /><testcase classname="tests.test_subscription_paywall_portal.TestSubscriptionPlansEndpoint" name="test_beneficiary_plans_have_correct_ids" time="0.203" /><testcase classname="tests.test_subscription_paywall_portal.TestLoginFlows" name="test_login_info_carryon_account" time="0.402" /><testcase classname="tests.test_subscription_paywall_portal.TestLoginFlows" name="test_login_fulltest_account" time="0.345" /><testcase classname="tests.test_subscription_paywall_portal.TestSubscriptionCheckout" name="test_checkout_saves_plan_in_beta_mode" time="0.495" /><testcase classname="tests.test_subscription_paywall_portal.TestSubscriptionStatus" name="test_subscription_status_returns_beta_mode" time="0.515" /><testcase classname="tests.test_subscription_paywall_portal.TestHealthEndpoint" name="test_health_endpoint" time="0.137" /></testsuite></testsuites>