<?xml version="1.0" encoding="utf-8"?><testsuites name="pytest tests"><testsuite name="pytest" errors="0" failures="0" skipped="1" tests="8" time="2.728" timestamp="2026-03-15T03:11:22.540380+00:00" hostname="agent-env-a3950892-7b81-4614-845f-0f5e9cbb95ac"><testcase classname="tests.test_succession_hierarchy.TestSuccessionHierarchy" name="test_get_beneficiaries_returns_list" time="0.738" /><testcase classname="tests.test_succession_hierarchy.TestSuccessionHierarchy" name="test_get_succession_order_endpoint" time="0.151" /><testcase classname="tests.test_succession_hierarchy.TestSuccessionHierarchy" name="test_reorder_beneficiaries_sets_succession" time="0.421" /><testcase classname="tests.test_succession_hierarchy.TestSuccessionHierarchy" name="test_reorder_swaps_primary" time="0.110"><skipped type="pytest.skip" message="Need at least 2 beneficiaries to test primary swap">/app/backend/tests/test_succession_hierarchy.py:128: Need at least 2 beneficiaries to test primary swap</skipped></testcase><testcase classname="tests.test_succession_hierarchy.TestSuccessionHierarchy" name="test_reorder_requires_auth" time="0.114" /><testcase classname="tests.test_succession_hierarchy.TestSuccessionHierarchy" name="test_succession_endpoint_requires_auth" time="0.121" /><testcase classname="tests.test_succession_hierarchy.TestOnboardingStepLabel" name="test_onboarding_has_succession_label" time="0.469" /><testcase classname="tests.test_succession_hierarchy.TestBeneficiaryCardFields" name="test_beneficiaries_include_succession_order" time="0.568" /></testsuite></testsuites>