<?xml version="1.0" encoding="utf-8"?><testsuites name="pytest tests"><testsuite name="pytest" errors="0" failures="3" skipped="2" tests="11" time="3.877" timestamp="2026-03-15T03:54:53.974945+00:00" hostname="agent-env-a3950892-7b81-4614-845f-0f5e9cbb95ac"><testcase classname="tests.test_succession_toggle_and_relations.TestSuccessionToggle" name="test_toggle_succession_endpoint_exists" time="0.520"><failure message="AssertionError: Toggle endpoint failed: {&quot;detail&quot;:&quot;Only benefactors can modify succession hierarchy&quot;}&#10;assert 403 == 200&#10; +  where 403 = &lt;Response [403]&gt;.status_code">backend/tests/test_succession_toggle_and_relations.py:68: in test_toggle_succession_endpoint_exists
    assert resp.status_code == 200, f"Toggle endpoint failed: {resp.text}"
E   AssertionError: Toggle endpoint failed: {"detail":"Only benefactors can modify succession hierarchy"}
E   assert 403 == 200
E    +  where 403 = &lt;Response [403]&gt;.status_code</failure></testcase><testcase classname="tests.test_succession_toggle_and_relations.TestSuccessionToggle" name="test_toggle_succession_off_removes_from_chain" time="0.559"><failure message="assert 403 == 200&#10; +  where 403 = &lt;Response [403]&gt;.status_code">backend/tests/test_succession_toggle_and_relations.py:122: in test_toggle_succession_off_removes_from_chain
    assert resp.status_code == 200
E   assert 403 == 200
E    +  where 403 = &lt;Response [403]&gt;.status_code</failure></testcase><testcase classname="tests.test_succession_toggle_and_relations.TestSuccessionToggle" name="test_toggle_succession_on_appends_to_end" time="0.502"><failure message="assert 403 == 200&#10; +  where 403 = &lt;Response [403]&gt;.status_code">backend/tests/test_succession_toggle_and_relations.py:158: in test_toggle_succession_on_appends_to_end
    assert off_resp.status_code == 200
E   assert 403 == 200
E    +  where 403 = &lt;Response [403]&gt;.status_code</failure></testcase><testcase classname="tests.test_succession_toggle_and_relations.TestSuccessionToggle" name="test_toggle_succession_reindexes_remaining_chain" time="0.444"><skipped type="pytest.skip" message="Need at least 2 beneficiaries for re-indexing test">/app/backend/tests/test_succession_toggle_and_relations.py:191: Need at least 2 beneficiaries for re-indexing test</skipped></testcase><testcase classname="tests.test_succession_toggle_and_relations.TestReorderRespectsOptedOut" name="test_reorder_keeps_opted_out_null_succession" time="0.450"><skipped type="pytest.skip" message="Need at least 2 beneficiaries">/app/backend/tests/test_succession_toggle_and_relations.py:283: Need at least 2 beneficiaries</skipped></testcase><testcase classname="tests.test_succession_toggle_and_relations.TestFamilyConnectionsRelationInversion" name="test_family_connections_endpoint_exists" time="0.387" /><testcase classname="tests.test_succession_toggle_and_relations.TestFamilyConnectionsRelationInversion" name="test_relation_inversion_mapping_in_backend" time="0.331" /><testcase classname="tests.test_succession_toggle_and_relations.TestFamilyConnectionsRelationInversion" name="test_family_connections_returns_inverted_relation" time="0.390" /><testcase classname="tests.test_succession_toggle_and_relations.TestSuccessionBadgeUI" name="test_succession_badge_constants" time="0.000" /><testcase classname="tests.test_succession_toggle_and_relations.TestAuthorizationRequirements" name="test_toggle_succession_requires_benefactor_role" time="0.113" /><testcase classname="tests.test_succession_toggle_and_relations.TestAuthorizationRequirements" name="test_reorder_requires_benefactor_role" time="0.113" /></testsuite></testsuites>