<?xml version="1.0" encoding="utf-8"?><testsuites name="pytest tests"><testsuite name="pytest" errors="0" failures="0" skipped="0" tests="10" time="3.341" timestamp="2026-03-19T14:28:54.604825+00:00" hostname="agent-env-ba5eb820-322c-4da8-b269-7bf86d120fac"><testcase classname="tests.test_2fa_and_sort.TestHealthCheck" name="test_health_endpoint" time="0.290" /><testcase classname="tests.test_2fa_and_sort.Test2FAPreference" name="test_get_2fa_preference" time="1.475" /><testcase classname="tests.test_2fa_and_sort.Test2FAPreference" name="test_get_platform_settings" time="0.131" /><testcase classname="tests.test_2fa_and_sort.Test2FAPreference" name="test_put_2fa_preference_blocked_when_global_off" time="0.285" /><testcase classname="tests.test_2fa_and_sort.Test2FAPreference" name="test_put_2fa_preference_disable_allowed" time="0.112" /><testcase classname="tests.test_2fa_and_sort.Test2FAPreference" name="test_auth_me_includes_otp_enabled" time="0.111" /><testcase classname="tests.test_2fa_and_sort.TestAdminPlatformSettings" name="test_admin_can_toggle_global_otp" time="0.457" /><testcase classname="tests.test_2fa_and_sort.TestAdminPlatformSettings" name="test_non_admin_blocked_from_platform_settings" time="0.123" /><testcase classname="tests.test_2fa_and_sort.TestAdminUsersSort" name="test_get_all_users" time="0.171" /><testcase classname="tests.test_2fa_and_sort.TestAdminUsersSort" name="test_users_have_sortable_fields" time="0.154" /></testsuite></testsuites>