<?xml version="1.0" encoding="utf-8"?><testsuites name="pytest tests"><testsuite name="pytest" errors="0" failures="0" skipped="2" tests="12" time="4.582" timestamp="2026-03-13T14:45:14.200921+00:00" hostname="agent-env-a836ae1f-bd31-4fc0-862c-d27ec7d54e1c"><testcase classname="tests.test_username_email_features.TestLoginWithEmail" name="test_login_with_email_credentials" time="0.451" /><testcase classname="tests.test_username_email_features.TestUsernameEndpoints" name="test_get_username" time="0.500" /><testcase classname="tests.test_username_email_features.TestUsernameEndpoints" name="test_set_username" time="0.630" /><testcase classname="tests.test_username_email_features.TestUsernameEndpoints" name="test_duplicate_username_rejected" time="0.473" /><testcase classname="tests.test_username_email_features.TestAuthMeIncludesUsername" name="test_auth_me_has_username_field" time="0.460" /><testcase classname="tests.test_username_email_features.TestLoginWithUsername" name="test_login_with_username_after_setting" time="0.800" /><testcase classname="tests.test_username_email_features.TestBeneficiaryEmailChange" name="test_email_change_returns_flag" time="0.629"><skipped type="pytest.skip" message="Failed to create test beneficiary: {&quot;detail&quot;:&quot;Only benefactors can add beneficiaries&quot;}">/app/backend/tests/test_username_email_features.py:267: Failed to create test beneficiary: {"detail":"Only benefactors can add beneficiaries"}</skipped></testcase><testcase classname="tests.test_username_email_features.TestBeneficiaryEmailChange" name="test_no_email_change_no_flag" time="0.600"><skipped type="pytest.skip" message="Failed to create test beneficiary: {&quot;detail&quot;:&quot;Only benefactors can add beneficiaries&quot;}">/app/backend/tests/test_username_email_features.py:302: Failed to create test beneficiary: {"detail":"Only benefactors can add beneficiaries"}</skipped></testcase><testcase classname="tests.test_username_email_features.TestSettingsPageUsernameSection" name="test_settings_page_has_username_section" time="0.001" /><testcase classname="tests.test_username_email_features.TestLoginPageLabels" name="test_login_page_labels" time="0.000" /><testcase classname="tests.test_username_email_features.TestFamilyTreeLegend" name="test_family_tree_legend_single_blue_line" time="0.000" /><testcase classname="tests.test_username_email_features.TestFamilyTreeLegend" name="test_beneficiaries_page_no_duplicate_legend" time="0.001" /></testsuite></testsuites>