<?xml version="1.0" encoding="utf-8"?><testsuites name="pytest tests"><testsuite name="pytest" errors="0" failures="0" skipped="0" tests="15" time="2.156" timestamp="2026-03-07T09:23:14.426262+00:00" hostname="agent-env-022376f7-b02a-4cc8-93b9-f38ecd19560f"><testcase classname="tests.test_webauthn_passkey.TestHealthAndBasics" name="test_health_check" time="0.124" /><testcase classname="tests.test_webauthn_passkey.TestHealthAndBasics" name="test_subscription_plans_endpoint" time="0.117" /><testcase classname="tests.test_webauthn_passkey.TestAuthenticationFlow" name="test_login_valid_credentials" time="0.333" /><testcase classname="tests.test_webauthn_passkey.TestAuthenticationFlow" name="test_login_invalid_credentials" time="0.108" /><testcase classname="tests.test_webauthn_passkey.TestWebAuthnLoginOptions" name="test_login_options_without_email" time="0.111" /><testcase classname="tests.test_webauthn_passkey.TestWebAuthnLoginOptions" name="test_login_options_with_email" time="0.102" /><testcase classname="tests.test_webauthn_passkey.TestWebAuthnLoginOptions" name="test_login_options_with_nonexistent_email" time="0.105" /><testcase classname="tests.test_webauthn_passkey.TestWebAuthnRegisterOptions" name="test_register_options_authenticated" time="0.441" /><testcase classname="tests.test_webauthn_passkey.TestWebAuthnRegisterOptions" name="test_register_options_without_auth" time="0.134" /><testcase classname="tests.test_webauthn_passkey.TestWebAuthnLogin" name="test_login_with_invalid_credential" time="0.100" /><testcase classname="tests.test_webauthn_passkey.TestWebAuthnRegister" name="test_register_without_challenge" time="0.439" /><testcase classname="tests.test_webauthn_passkey.TestIOSShareExtensionFiles" name="test_share_extension_swift_file_exists" time="0.000" /><testcase classname="tests.test_webauthn_passkey.TestIOSShareExtensionFiles" name="test_share_extension_info_plist_exists" time="0.000" /><testcase classname="tests.test_webauthn_passkey.TestIOSShareExtensionFiles" name="test_share_extension_entitlements_exists" time="0.000" /><testcase classname="tests.test_webauthn_passkey.TestIOSShareExtensionFiles" name="test_app_entitlements_has_app_group" time="0.000" /></testsuite></testsuites>