<?xml version="1.0" encoding="utf-8"?><testsuites name="pytest tests"><testsuite name="pytest" errors="0" failures="0" skipped="1" tests="11" time="6.506" timestamp="2026-02-26T22:11:03.562192+00:00" hostname="agent-env-132ce60f-7395-4bc3-870e-79acec763e1a"><testcase classname="backend.tests.test_weekly_digest.TestDigestPreferences" name="test_get_preferences_requires_auth" time="0.312" /><testcase classname="backend.tests.test_weekly_digest.TestDigestPreferences" name="test_get_preferences_default_true" time="0.512" /><testcase classname="backend.tests.test_weekly_digest.TestDigestPreferences" name="test_put_preferences_toggle_off" time="0.124" /><testcase classname="backend.tests.test_weekly_digest.TestDigestPreferences" name="test_put_preferences_toggle_on" time="0.149" /><testcase classname="backend.tests.test_weekly_digest.TestDigestPreferences" name="test_put_preferences_requires_auth" time="0.143" /><testcase classname="backend.tests.test_weekly_digest.TestDigestSendWeekly" name="test_send_weekly_requires_auth" time="0.117" /><testcase classname="backend.tests.test_weekly_digest.TestDigestSendWeekly" name="test_send_weekly_requires_admin" time="2.923"><skipped type="pytest.skip" message="No benefactor account available for testing">/app/backend/tests/test_weekly_digest.py:137: No benefactor account available for testing</skipped></testcase><testcase classname="backend.tests.test_weekly_digest.TestDigestSendWeekly" name="test_send_weekly_admin_allowed" time="1.570" /><testcase classname="backend.tests.test_weekly_digest.TestDigestPreview" name="test_preview_requires_auth" time="0.142" /><testcase classname="backend.tests.test_weekly_digest.TestDigestPreview" name="test_preview_for_authorized_user" time="0.450" /><testcase classname="backend.tests.test_weekly_digest.TestSchedulerLogging" name="test_scheduler_log_exists" time="0.004" /></testsuite></testsuites>