<?xml version="1.0" encoding="utf-8"?><testsuites name="pytest tests"><testsuite name="pytest" errors="0" failures="4" skipped="1" tests="11" time="3.357" timestamp="2026-02-26T22:10:14.606698+00:00" hostname="agent-env-132ce60f-7395-4bc3-870e-79acec763e1a"><testcase classname="backend.tests.test_weekly_digest.TestDigestPreferences" name="test_get_preferences_requires_auth" time="0.173" /><testcase classname="backend.tests.test_weekly_digest.TestDigestPreferences" name="test_get_preferences_default_true" time="0.478"><failure message="AssertionError: Expected 200 but got 401: {&quot;detail&quot;:&quot;Invalid token&quot;}&#10;assert 401 == 200&#10; +  where 401 = &lt;Response [401]&gt;.status_code">backend/tests/test_weekly_digest.py:50: in test_get_preferences_default_true
    assert resp.status_code == 200, f"Expected 200 but got {resp.status_code}: {resp.text}"
E   AssertionError: Expected 200 but got 401: {"detail":"Invalid token"}
E   assert 401 == 200
E    +  where 401 = &lt;Response [401]&gt;.status_code</failure></testcase><testcase classname="backend.tests.test_weekly_digest.TestDigestPreferences" name="test_put_preferences_toggle_off" time="0.249"><failure message="AssertionError: Expected 200 but got 401: {&quot;detail&quot;:&quot;Invalid token&quot;}&#10;assert 401 == 200&#10; +  where 401 = &lt;Response [401]&gt;.status_code">backend/tests/test_weekly_digest.py:65: in test_put_preferences_toggle_off
    assert resp.status_code == 200, f"Expected 200 but got {resp.status_code}: {resp.text}"
E   AssertionError: Expected 200 but got 401: {"detail":"Invalid token"}
E   assert 401 == 200
E    +  where 401 = &lt;Response [401]&gt;.status_code</failure></testcase><testcase classname="backend.tests.test_weekly_digest.TestDigestPreferences" name="test_put_preferences_toggle_on" time="0.227"><failure message="AssertionError: Expected 200 but got 401: {&quot;detail&quot;:&quot;Invalid token&quot;}&#10;assert 401 == 200&#10; +  where 401 = &lt;Response [401]&gt;.status_code">backend/tests/test_weekly_digest.py:78: in test_put_preferences_toggle_on
    assert resp.status_code == 200, f"Expected 200 but got {resp.status_code}: {resp.text}"
E   AssertionError: Expected 200 but got 401: {"detail":"Invalid token"}
E   assert 401 == 200
E    +  where 401 = &lt;Response [401]&gt;.status_code</failure></testcase><testcase classname="backend.tests.test_weekly_digest.TestDigestPreferences" name="test_put_preferences_requires_auth" time="0.152" /><testcase classname="backend.tests.test_weekly_digest.TestDigestSendWeekly" name="test_send_weekly_requires_auth" time="0.129" /><testcase classname="backend.tests.test_weekly_digest.TestDigestSendWeekly" name="test_send_weekly_requires_admin" time="0.771"><skipped type="pytest.skip" message="No benefactor account available for testing">/app/backend/tests/test_weekly_digest.py:137: No benefactor account available for testing</skipped></testcase><testcase classname="backend.tests.test_weekly_digest.TestDigestSendWeekly" name="test_send_weekly_admin_allowed" time="0.481"><failure message="AssertionError: Expected 200 but got 401: {&quot;detail&quot;:&quot;Invalid token&quot;}&#10;assert 401 == 200&#10; +  where 401 = &lt;Response [401]&gt;.status_code">backend/tests/test_weekly_digest.py:156: in test_send_weekly_admin_allowed
    assert resp.status_code == 200, f"Expected 200 but got {resp.status_code}: {resp.text}"
E   AssertionError: Expected 200 but got 401: {"detail":"Invalid token"}
E   assert 401 == 200
E    +  where 401 = &lt;Response [401]&gt;.status_code</failure></testcase><testcase classname="backend.tests.test_weekly_digest.TestDigestPreview" name="test_preview_requires_auth" time="0.116" /><testcase classname="backend.tests.test_weekly_digest.TestDigestPreview" name="test_preview_for_authorized_user" time="0.481" /><testcase classname="backend.tests.test_weekly_digest.TestSchedulerLogging" name="test_scheduler_log_exists" time="0.004" /></testsuite></testsuites>