<?xml version="1.0" encoding="utf-8"?><testsuites name="pytest tests"><testsuite name="pytest" errors="0" failures="0" skipped="1" tests="14" time="5.732" timestamp="2026-03-16T06:13:13.826324+00:00" hostname="agent-env-eeb20fd0-ef64-4e34-887a-0a5ffc29bfe6"><testcase classname="tests.test_xai_credits.TestXAICreditsAPI" name="test_get_xai_credits_returns_expected_fields" time="0.477" /><testcase classname="tests.test_xai_credits.TestXAICreditsAPI" name="test_get_xai_credits_balance_is_numeric" time="0.460" /><testcase classname="tests.test_xai_credits.TestXAICreditsAPI" name="test_get_xai_credits_warning_level_valid" time="0.438" /><testcase classname="tests.test_xai_credits.TestXAICreditsAPI" name="test_get_xai_credits_daily_breakdown_is_list" time="0.455" /><testcase classname="tests.test_xai_credits.TestXAICreditsAPI" name="test_set_balance_requires_balance_usd" time="0.495" /><testcase classname="tests.test_xai_credits.TestXAICreditsAPI" name="test_set_balance_with_valid_amount" time="0.449" /><testcase classname="tests.test_xai_credits.TestXAICreditsAPI" name="test_set_balance_reflects_in_get" time="0.581" /><testcase classname="tests.test_xai_credits.TestXAICreditsAPI" name="test_warning_level_healthy_above_100" time="0.546" /><testcase classname="tests.test_xai_credits.TestXAICreditsAPI" name="test_warning_level_warning_between_25_and_100" time="0.551" /><testcase classname="tests.test_xai_credits.TestXAICreditsAPI" name="test_warning_level_critical_below_25" time="0.566" /><testcase classname="tests.test_xai_credits.TestXAICreditsAPI" name="test_cleanup_reset_balance_to_500" time="0.460" /><testcase classname="tests.test_xai_credits.TestXAICreditsUnauthorized" name="test_get_xai_credits_requires_auth" time="0.101" /><testcase classname="tests.test_xai_credits.TestXAICreditsUnauthorized" name="test_set_balance_requires_auth" time="0.117" /><testcase classname="tests.test_xai_credits.TestXAICreditsUnauthorized" name="test_non_admin_cannot_access_xai_credits" time="0.000"><skipped type="pytest.skip" message="Need non-admin test credentials to verify this">/app/backend/tests/test_xai_credits.py:217: Need non-admin test credentials to verify this</skipped></testcase></testsuite></testsuites>